---------------------------------------------------------------
[ 2019-04-02T07:53:22+08:00 ] 54.36.148.52 GET www.gxfwz36524.com/secondclass/public/index.php/index/index/news/id/54.html
[运行时间：0.034016s] [吞吐率：29.40req/s] [内存消耗：2,952.90kb] [文件加载：65]
[ info ] [ BEHAVIOR ] Run Closure @app_init [ RunTime:0.000025s ]
[ info ] [ CACHE ] INIT File
[ info ] [ BEHAVIOR ] Run Closure @app_init [ RunTime:0.000867s ]
[ info ] [ LANG ] /var/www/www.gxfwz36524.com/secondclass/thinkphp/lang/zh-cn.php
[ info ] [ ROUTE ] array (
  'type' => 'module',
  'module' => 
  array (
    0 => 'index',
    1 => 'index',
    2 => 'news',
  ),
)
[ info ] [ HEADER ] array (
  'accept-encoding' => 'deflate, gzip',
  'accept' => '*/*',
  'user-agent' => 'Mozilla/5.0 (compatible; AhrefsBot/6.1; +http://ahrefs.com/robot/)',
  'host' => 'www.gxfwz36524.com',
  'content-length' => '',
  'content-type' => '',
)
[ info ] [ PARAM ] array (
  'id' => '54',
)
[ info ] [ LANG ] /var/www/www.gxfwz36524.com/secondclass/public/../application/index/lang/zh-cn.php
[ info ] [ BEHAVIOR ] Run app\common\behavior\Common @module_init [ RunTime:0.001401s ]
[ info ] [ DB ] INIT mysql
[ info ] [ RUN ] app\index\controller\Index->news[ /var/www/www.gxfwz36524.com/secondclass/application/index/controller/Index.php ]
[ info ] [ VIEW ] /var/www/www.gxfwz36524.com/secondclass/public/../application/index/view/index/news.html [ array (
  0 => 'settinginfo',
  1 => 'navinfo',
  2 => 'slider',
  3 => 'actinfo',
) ]
[ info ] [ SESSION ] INIT array (
  'id' => '',
  'var_session_id' => '',
  'prefix' => 'think',
  'type' => '',
  'auto_start' => true,
)
[ info ] [ LOG ] INIT File
[ sql ] [ DB ] CONNECT:[ UseTime:0.000460s ] mysql:host=127.0.0.1;dbname=secondclass;charset=utf8
[ sql ] [ SQL ] SHOW COLUMNS FROM `settinginfo` [ RunTime:0.001059s ]
[ sql ] [ SQL ] SELECT * FROM `settinginfo` LIMIT 1 [ RunTime:0.000286s ]
[ sql ] [ SQL ] SHOW COLUMNS FROM `sys_navinfo` [ RunTime:0.000755s ]
[ sql ] [ SQL ] SELECT * FROM `sys_navinfo` WHERE  `display` = 1 [ RunTime:0.000317s ]
[ sql ] [ SQL ] SHOW COLUMNS FROM `activeinfo` [ RunTime:0.000812s ]
[ sql ] [ SQL ] SELECT * FROM `activeinfo` WHERE  `switch` = 1 [ RunTime:0.000358s ]
[ sql ] [ SQL ] SELECT * FROM `activeinfo` WHERE  `id` = 54 LIMIT 1 [ RunTime:0.000289s ]
---------------------------------------------------------------
[ 2019-04-02T14:14:17+08:00 ] 54.36.149.72 GET www.gxfwz36524.com/secondclass/public/index.php/index/index/news/id/55.html
[运行时间：0.035068s] [吞吐率：28.52req/s] [内存消耗：2,952.68kb] [文件加载：65]
[ info ] [ BEHAVIOR ] Run Closure @app_init [ RunTime:0.000028s ]
[ info ] [ CACHE ] INIT File
[ info ] [ BEHAVIOR ] Run Closure @app_init [ RunTime:0.001557s ]
[ info ] [ LANG ] /var/www/www.gxfwz36524.com/secondclass/thinkphp/lang/zh-cn.php
[ info ] [ ROUTE ] array (
  'type' => 'module',
  'module' => 
  array (
    0 => 'index',
    1 => 'index',
    2 => 'news',
  ),
)
[ info ] [ HEADER ] array (
  'accept-encoding' => 'deflate, gzip',
  'accept' => '*/*',
  'user-agent' => 'Mozilla/5.0 (compatible; AhrefsBot/6.1; +http://ahrefs.com/robot/)',
  'host' => 'www.gxfwz36524.com',
  'content-length' => '',
  'content-type' => '',
)
[ info ] [ PARAM ] array (
  'id' => '55',
)
[ info ] [ LANG ] /var/www/www.gxfwz36524.com/secondclass/public/../application/index/lang/zh-cn.php
[ info ] [ BEHAVIOR ] Run app\common\behavior\Common @module_init [ RunTime:0.001281s ]
[ info ] [ DB ] INIT mysql
[ info ] [ RUN ] app\index\controller\Index->news[ /var/www/www.gxfwz36524.com/secondclass/application/index/controller/Index.php ]
[ info ] [ VIEW ] /var/www/www.gxfwz36524.com/secondclass/public/../application/index/view/index/news.html [ array (
  0 => 'settinginfo',
  1 => 'navinfo',
  2 => 'slider',
  3 => 'actinfo',
) ]
[ info ] [ SESSION ] INIT array (
  'id' => '',
  'var_session_id' => '',
  'prefix' => 'think',
  'type' => '',
  'auto_start' => true,
)
[ info ] [ LOG ] INIT File
[ sql ] [ DB ] CONNECT:[ UseTime:0.000402s ] mysql:host=127.0.0.1;dbname=secondclass;charset=utf8
[ sql ] [ SQL ] SHOW COLUMNS FROM `settinginfo` [ RunTime:0.001012s ]
[ sql ] [ SQL ] SELECT * FROM `settinginfo` LIMIT 1 [ RunTime:0.000282s ]
[ sql ] [ SQL ] SHOW COLUMNS FROM `sys_navinfo` [ RunTime:0.000811s ]
[ sql ] [ SQL ] SELECT * FROM `sys_navinfo` WHERE  `display` = 1 [ RunTime:0.000300s ]
[ sql ] [ SQL ] SHOW COLUMNS FROM `activeinfo` [ RunTime:0.000857s ]
[ sql ] [ SQL ] SELECT * FROM `activeinfo` WHERE  `switch` = 1 [ RunTime:0.000364s ]
[ sql ] [ SQL ] SELECT * FROM `activeinfo` WHERE  `id` = 55 LIMIT 1 [ RunTime:0.000347s ]
---------------------------------------------------------------
[ 2019-04-02T20:17:42+08:00 ] 36.98.52.220 GET www.gxfwz36524.com/secondclass/public/index.php/index/index/index.html
[运行时间：0.033788s] [吞吐率：29.60req/s] [内存消耗：2,967.11kb] [文件加载：65]
[ info ] [ BEHAVIOR ] Run Closure @app_init [ RunTime:0.000038s ]
[ info ] [ CACHE ] INIT File
[ info ] [ BEHAVIOR ] Run Closure @app_init [ RunTime:0.000900s ]
[ info ] [ LANG ] /var/www/www.gxfwz36524.com/secondclass/thinkphp/lang/zh-cn.php
[ info ] [ ROUTE ] array (
  'type' => 'module',
  'module' => 
  array (
    0 => 'index',
    1 => 'index',
    2 => 'index',
  ),
)
[ info ] [ HEADER ] array (
  'accept-language' => 'zh-CN,en-US;q=0.8',
  'accept-encoding' => 'gzip, deflate',
  'accept' => 'text/html,application/xhtml+xml,application/xml;q=0.9,image/webp,image/apng,*/*;q=0.8',
  'x-miorigin' => 'bm',
  'user-agent' => 'Mozilla/5.0 (Linux; U; Android 9; zh-cn; MI 8 Lite Build/PKQ1.181007.001) AppleWebKit/537.36 (KHTML, like Gecko) Version/4.0 Chrome/61.0.3163.128 Mobile Safari/537.36 XiaoMi/MiuiBrowser/10.6.1',
  'upgrade-insecure-requests' => '1',
  'connection' => 'keep-alive',
  'host' => 'www.gxfwz36524.com',
  'content-length' => '',
  'content-type' => '',
)
[ info ] [ PARAM ] array (
)
[ info ] [ LANG ] /var/www/www.gxfwz36524.com/secondclass/public/../application/index/lang/zh-cn.php
[ info ] [ BEHAVIOR ] Run app\common\behavior\Common @module_init [ RunTime:0.001319s ]
[ info ] [ DB ] INIT mysql
[ info ] [ RUN ] app\index\controller\Index->index[ /var/www/www.gxfwz36524.com/secondclass/application/index/controller/Index.php ]
[ info ] [ VIEW ] /var/www/www.gxfwz36524.com/secondclass/public/../application/index/view/index/index.html [ array (
  0 => 'settinginfo',
  1 => 'navinfo',
  2 => 'slider',
  3 => 'actinfo',
) ]
[ info ] [ SESSION ] INIT array (
  'id' => '',
  'var_session_id' => '',
  'prefix' => 'think',
  'type' => '',
  'auto_start' => true,
)
[ info ] [ LOG ] INIT File
[ sql ] [ DB ] CONNECT:[ UseTime:0.000417s ] mysql:host=127.0.0.1;dbname=secondclass;charset=utf8
[ sql ] [ SQL ] SHOW COLUMNS FROM `settinginfo` [ RunTime:0.000966s ]
[ sql ] [ SQL ] SELECT * FROM `settinginfo` LIMIT 1 [ RunTime:0.000332s ]
[ sql ] [ SQL ] SHOW COLUMNS FROM `sys_navinfo` [ RunTime:0.000846s ]
[ sql ] [ SQL ] SELECT * FROM `sys_navinfo` WHERE  `display` = 1 [ RunTime:0.000314s ]
[ sql ] [ SQL ] SHOW COLUMNS FROM `activeinfo` [ RunTime:0.000879s ]
[ sql ] [ SQL ] SELECT * FROM `activeinfo` WHERE  `switch` = 1 [ RunTime:0.000362s ]
[ sql ] [ SQL ] SELECT * FROM `activeinfo` WHERE  `switch` = 1 ORDER BY `time` DESC,`id` DESC [ RunTime:0.000378s ]
---------------------------------------------------------------
[ 2019-04-02T20:17:53+08:00 ] 36.98.52.220 POST www.gxfwz36524.com/secondclass/public/index.php/index/index/cheakuser
[运行时间：0.461362s] [吞吐率：2.17req/s] [内存消耗：3,008.34kb] [文件加载：67]
[ info ] [ BEHAVIOR ] Run Closure @app_init [ RunTime:0.000034s ]
[ info ] [ CACHE ] INIT File
[ info ] [ BEHAVIOR ] Run Closure @app_init [ RunTime:0.001004s ]
[ info ] [ LANG ] /var/www/www.gxfwz36524.com/secondclass/thinkphp/lang/zh-cn.php
[ info ] [ ROUTE ] array (
  'type' => 'module',
  'module' => 
  array (
    0 => 'index',
    1 => 'index',
    2 => 'cheakuser',
  ),
)
[ info ] [ HEADER ] array (
  'cookie' => 'thinkphp_show_page_trace=0|0; PHPSESSID=dssorg33hovsncjc33igt9554j',
  'accept-language' => 'zh-CN,en-US;q=0.8',
  'accept-encoding' => 'gzip, deflate',
  'referer' => 'https://www.gxfwz36524.com/secondclass/public/index.php/index/index/index.html',
  'accept' => 'text/html,application/xhtml+xml,application/xml;q=0.9,image/webp,image/apng,*/*;q=0.8',
  'content-type' => 'application/x-www-form-urlencoded',
  'user-agent' => 'Mozilla/5.0 (Linux; U; Android 9; zh-cn; MI 8 Lite Build/PKQ1.181007.001) AppleWebKit/537.36 (KHTML, like Gecko) Version/4.0 Chrome/61.0.3163.128 Mobile Safari/537.36 XiaoMi/MiuiBrowser/10.6.1',
  'upgrade-insecure-requests' => '1',
  'origin' => 'https://www.gxfwz36524.com',
  'cache-control' => 'max-age=0',
  'content-length' => '39',
  'connection' => 'keep-alive',
  'host' => 'www.gxfwz36524.com',
)
[ info ] [ PARAM ] array (
  'username' => '2018510469',
  'password' => '1456714875',
)
[ info ] [ LANG ] /var/www/www.gxfwz36524.com/secondclass/public/../application/index/lang/zh-cn.php
[ info ] [ BEHAVIOR ] Run app\common\behavior\Common @module_init [ RunTime:0.001495s ]
[ info ] [ DB ] INIT mysql
[ info ] [ RUN ] app\index\controller\Index->cheakuser[ /var/www/www.gxfwz36524.com/secondclass/application/index/controller/Index.php ]
[ info ] [ SESSION ] INIT array (
  'id' => '',
  'var_session_id' => '',
  'prefix' => 'think',
  'type' => '',
  'auto_start' => true,
)
[ info ] [ VIEW ] /var/www/www.gxfwz36524.com/secondclass/public/../application/common/view/tpl/dispatch_jump.tpl [ array (
  0 => 'settinginfo',
  1 => 'navinfo',
  2 => 'slider',
  3 => 'code',
  4 => 'msg',
  5 => 'data',
  6 => 'url',
  7 => 'wait',
) ]
[ info ] [ LOG ] INIT File
[ sql ] [ DB ] CONNECT:[ UseTime:0.000391s ] mysql:host=127.0.0.1;dbname=secondclass;charset=utf8
[ sql ] [ SQL ] SHOW COLUMNS FROM `settinginfo` [ RunTime:0.001036s ]
[ sql ] [ SQL ] SELECT * FROM `settinginfo` LIMIT 1 [ RunTime:0.000361s ]
[ sql ] [ SQL ] SHOW COLUMNS FROM `sys_navinfo` [ RunTime:0.000811s ]
[ sql ] [ SQL ] SELECT * FROM `sys_navinfo` WHERE  `display` = 1 [ RunTime:0.000315s ]
[ sql ] [ SQL ] SHOW COLUMNS FROM `activeinfo` [ RunTime:0.000860s ]
[ sql ] [ SQL ] SELECT * FROM `activeinfo` WHERE  `switch` = 1 [ RunTime:0.000374s ]
[ sql ] [ SQL ] SHOW COLUMNS FROM `activeuserinfo` [ RunTime:0.001418s ]
[ sql ] [ SQL ] SELECT * FROM `activeuserinfo` WHERE  `schoolnum` = '2018510469' LIMIT 1 [ RunTime:0.000456s ]
---------------------------------------------------------------
[ 2019-04-02T20:17:55+08:00 ] 36.98.52.220 GET www.gxfwz36524.com/secondclass/public/index.php/index/index/index.html
[运行时间：0.033819s] [吞吐率：29.57req/s] [内存消耗：2,971.17kb] [文件加载：65]
[ info ] [ BEHAVIOR ] Run Closure @app_init [ RunTime:0.000033s ]
[ info ] [ CACHE ] INIT File
[ info ] [ BEHAVIOR ] Run Closure @app_init [ RunTime:0.000916s ]
[ info ] [ LANG ] /var/www/www.gxfwz36524.com/secondclass/thinkphp/lang/zh-cn.php
[ info ] [ ROUTE ] array (
  'type' => 'module',
  'module' => 
  array (
    0 => 'index',
    1 => 'index',
    2 => 'index',
  ),
)
[ info ] [ HEADER ] array (
  'cookie' => 'thinkphp_show_page_trace=0|0; PHPSESSID=dssorg33hovsncjc33igt9554j',
  'accept-language' => 'zh-CN,en-US;q=0.8',
  'accept-encoding' => 'gzip, deflate',
  'referer' => 'https://www.gxfwz36524.com/secondclass/public/index.php/index/index/cheakuser',
  'accept' => 'text/html,application/xhtml+xml,application/xml;q=0.9,image/webp,image/apng,*/*;q=0.8',
  'user-agent' => 'Mozilla/5.0 (Linux; U; Android 9; zh-cn; MI 8 Lite Build/PKQ1.181007.001) AppleWebKit/537.36 (KHTML, like Gecko) Version/4.0 Chrome/61.0.3163.128 Mobile Safari/537.36 XiaoMi/MiuiBrowser/10.6.1',
  'upgrade-insecure-requests' => '1',
  'connection' => 'keep-alive',
  'host' => 'www.gxfwz36524.com',
  'content-length' => '',
  'content-type' => '',
)
[ info ] [ PARAM ] array (
)
[ info ] [ LANG ] /var/www/www.gxfwz36524.com/secondclass/public/../application/index/lang/zh-cn.php
[ info ] [ BEHAVIOR ] Run app\common\behavior\Common @module_init [ RunTime:0.001367s ]
[ info ] [ DB ] INIT mysql
[ info ] [ RUN ] app\index\controller\Index->index[ /var/www/www.gxfwz36524.com/secondclass/application/index/controller/Index.php ]
[ info ] [ VIEW ] /var/www/www.gxfwz36524.com/secondclass/public/../application/index/view/index/index.html [ array (
  0 => 'settinginfo',
  1 => 'navinfo',
  2 => 'slider',
  3 => 'actinfo',
) ]
[ info ] [ SESSION ] INIT array (
  'id' => '',
  'var_session_id' => '',
  'prefix' => 'think',
  'type' => '',
  'auto_start' => true,
)
[ info ] [ LOG ] INIT File
[ sql ] [ DB ] CONNECT:[ UseTime:0.000423s ] mysql:host=127.0.0.1;dbname=secondclass;charset=utf8
[ sql ] [ SQL ] SHOW COLUMNS FROM `settinginfo` [ RunTime:0.000944s ]
[ sql ] [ SQL ] SELECT * FROM `settinginfo` LIMIT 1 [ RunTime:0.000320s ]
[ sql ] [ SQL ] SHOW COLUMNS FROM `sys_navinfo` [ RunTime:0.000749s ]
[ sql ] [ SQL ] SELECT * FROM `sys_navinfo` WHERE  `display` = 1 [ RunTime:0.000316s ]
[ sql ] [ SQL ] SHOW COLUMNS FROM `activeinfo` [ RunTime:0.000874s ]
[ sql ] [ SQL ] SELECT * FROM `activeinfo` WHERE  `switch` = 1 [ RunTime:0.000347s ]
[ sql ] [ SQL ] SELECT * FROM `activeinfo` WHERE  `switch` = 1 ORDER BY `time` DESC,`id` DESC [ RunTime:0.000358s ]
---------------------------------------------------------------
[ 2019-04-02T20:17:57+08:00 ] 36.98.52.220 GET www.gxfwz36524.com/secondclass/public/index.php/index/index/personal.html
[运行时间：0.035342s] [吞吐率：28.29req/s] [内存消耗：3,010.73kb] [文件加载：68]
[ info ] [ BEHAVIOR ] Run Closure @app_init [ RunTime:0.000027s ]
[ info ] [ CACHE ] INIT File
[ info ] [ BEHAVIOR ] Run Closure @app_init [ RunTime:0.000882s ]
[ info ] [ LANG ] /var/www/www.gxfwz36524.com/secondclass/thinkphp/lang/zh-cn.php
[ info ] [ ROUTE ] array (
  'type' => 'module',
  'module' => 
  array (
    0 => 'index',
    1 => 'index',
    2 => 'personal',
  ),
)
[ info ] [ HEADER ] array (
  'cookie' => 'thinkphp_show_page_trace=0|0; PHPSESSID=dssorg33hovsncjc33igt9554j',
  'accept-language' => 'zh-CN,en-US;q=0.8',
  'accept-encoding' => 'gzip, deflate',
  'referer' => 'https://www.gxfwz36524.com/secondclass/public/index.php/index/index/index.html',
  'accept' => 'text/html,application/xhtml+xml,application/xml;q=0.9,image/webp,image/apng,*/*;q=0.8',
  'user-agent' => 'Mozilla/5.0 (Linux; U; Android 9; zh-cn; MI 8 Lite Build/PKQ1.181007.001) AppleWebKit/537.36 (KHTML, like Gecko) Version/4.0 Chrome/61.0.3163.128 Mobile Safari/537.36 XiaoMi/MiuiBrowser/10.6.1',
  'upgrade-insecure-requests' => '1',
  'connection' => 'keep-alive',
  'host' => 'www.gxfwz36524.com',
  'content-length' => '',
  'content-type' => '',
)
[ info ] [ PARAM ] array (
)
[ info ] [ LANG ] /var/www/www.gxfwz36524.com/secondclass/public/../application/index/lang/zh-cn.php
[ info ] [ BEHAVIOR ] Run app\common\behavior\Common @module_init [ RunTime:0.001306s ]
[ info ] [ DB ] INIT mysql
[ info ] [ RUN ] app\index\controller\Index->personal[ /var/www/www.gxfwz36524.com/secondclass/application/index/controller/Index.php ]
[ info ] [ SESSION ] INIT array (
  'id' => '',
  'var_session_id' => '',
  'prefix' => 'think',
  'type' => '',
  'auto_start' => true,
)
[ info ] [ LOG ] INIT File
[ sql ] [ DB ] CONNECT:[ UseTime:0.000386s ] mysql:host=127.0.0.1;dbname=secondclass;charset=utf8
[ sql ] [ SQL ] SHOW COLUMNS FROM `settinginfo` [ RunTime:0.000915s ]
[ sql ] [ SQL ] SELECT * FROM `settinginfo` LIMIT 1 [ RunTime:0.000284s ]
[ sql ] [ SQL ] SHOW COLUMNS FROM `sys_navinfo` [ RunTime:0.000757s ]
[ sql ] [ SQL ] SELECT * FROM `sys_navinfo` WHERE  `display` = 1 [ RunTime:0.000296s ]
[ sql ] [ SQL ] SHOW COLUMNS FROM `activeinfo` [ RunTime:0.000808s ]
[ sql ] [ SQL ] SELECT * FROM `activeinfo` WHERE  `switch` = 1 [ RunTime:0.000362s ]
[ sql ] [ SQL ] SHOW COLUMNS FROM `activejoin` [ RunTime:0.000750s ]
[ sql ] [ SQL ] SELECT `typeid` FROM `activejoin` WHERE  `schoolnum` = '2018510469'  AND `switch` = 1 [ RunTime:0.000420s ]
[ sql ] [ SQL ] SHOW COLUMNS FROM `activescore` [ RunTime:0.000729s ]
[ sql ] [ SQL ] SELECT * FROM `activescore` WHERE  `schoolnum` = '2018510469' ORDER BY `actives` ASC [ RunTime:0.000444s ]
[ error ] [8]未定义数组下标: 0[/var/www/www.gxfwz36524.com/secondclass/application/index/controller/Index.php:182]
---------------------------------------------------------------
[ 2019-04-02T20:18:11+08:00 ] 36.98.52.220 GET www.gxfwz36524.com/secondclass/public/index.php/index/index/personal.html
[运行时间：0.038553s] [吞吐率：25.94req/s] [内存消耗：3,010.73kb] [文件加载：68]
[ info ] [ BEHAVIOR ] Run Closure @app_init [ RunTime:0.000030s ]
[ info ] [ CACHE ] INIT File
[ info ] [ BEHAVIOR ] Run Closure @app_init [ RunTime:0.000972s ]
[ info ] [ LANG ] /var/www/www.gxfwz36524.com/secondclass/thinkphp/lang/zh-cn.php
[ info ] [ ROUTE ] array (
  'type' => 'module',
  'module' => 
  array (
    0 => 'index',
    1 => 'index',
    2 => 'personal',
  ),
)
[ info ] [ HEADER ] array (
  'cookie' => 'thinkphp_show_page_trace=0|0; PHPSESSID=dssorg33hovsncjc33igt9554j',
  'accept-language' => 'zh-CN,en-US;q=0.8',
  'accept-encoding' => 'gzip, deflate',
  'referer' => 'https://www.gxfwz36524.com/secondclass/public/index.php/index/index/index.html',
  'accept' => 'text/html,application/xhtml+xml,application/xml;q=0.9,image/webp,image/apng,*/*;q=0.8',
  'user-agent' => 'Mozilla/5.0 (Linux; U; Android 9; zh-cn; MI 8 Lite Build/PKQ1.181007.001) AppleWebKit/537.36 (KHTML, like Gecko) Version/4.0 Chrome/61.0.3163.128 Mobile Safari/537.36 XiaoMi/MiuiBrowser/10.6.1',
  'upgrade-insecure-requests' => '1',
  'connection' => 'keep-alive',
  'host' => 'www.gxfwz36524.com',
  'content-length' => '',
  'content-type' => '',
)
[ info ] [ PARAM ] array (
)
[ info ] [ LANG ] /var/www/www.gxfwz36524.com/secondclass/public/../application/index/lang/zh-cn.php
[ info ] [ BEHAVIOR ] Run app\common\behavior\Common @module_init [ RunTime:0.001407s ]
[ info ] [ DB ] INIT mysql
[ info ] [ RUN ] app\index\controller\Index->personal[ /var/www/www.gxfwz36524.com/secondclass/application/index/controller/Index.php ]
[ info ] [ SESSION ] INIT array (
  'id' => '',
  'var_session_id' => '',
  'prefix' => 'think',
  'type' => '',
  'auto_start' => true,
)
[ info ] [ LOG ] INIT File
[ sql ] [ DB ] CONNECT:[ UseTime:0.000383s ] mysql:host=127.0.0.1;dbname=secondclass;charset=utf8
[ sql ] [ SQL ] SHOW COLUMNS FROM `settinginfo` [ RunTime:0.000973s ]
[ sql ] [ SQL ] SELECT * FROM `settinginfo` LIMIT 1 [ RunTime:0.000313s ]
[ sql ] [ SQL ] SHOW COLUMNS FROM `sys_navinfo` [ RunTime:0.000751s ]
[ sql ] [ SQL ] SELECT * FROM `sys_navinfo` WHERE  `display` = 1 [ RunTime:0.000340s ]
[ sql ] [ SQL ] SHOW COLUMNS FROM `activeinfo` [ RunTime:0.000865s ]
[ sql ] [ SQL ] SELECT * FROM `activeinfo` WHERE  `switch` = 1 [ RunTime:0.000366s ]
[ sql ] [ SQL ] SHOW COLUMNS FROM `activejoin` [ RunTime:0.000848s ]
[ sql ] [ SQL ] SELECT `typeid` FROM `activejoin` WHERE  `schoolnum` = '2018510469'  AND `switch` = 1 [ RunTime:0.000450s ]
[ sql ] [ SQL ] SHOW COLUMNS FROM `activescore` [ RunTime:0.000765s ]
[ sql ] [ SQL ] SELECT * FROM `activescore` WHERE  `schoolnum` = '2018510469' ORDER BY `actives` ASC [ RunTime:0.000535s ]
[ error ] [8]未定义数组下标: 0[/var/www/www.gxfwz36524.com/secondclass/application/index/controller/Index.php:182]
---------------------------------------------------------------
[ 2019-04-02T20:18:19+08:00 ] 36.98.52.220 GET www.gxfwz36524.com/secondclass/public/index.php/index/index/newslist
[运行时间：0.035365s] [吞吐率：28.28req/s] [内存消耗：2,962.69kb] [文件加载：65]
[ info ] [ BEHAVIOR ] Run Closure @app_init [ RunTime:0.000028s ]
[ info ] [ CACHE ] INIT File
[ info ] [ BEHAVIOR ] Run Closure @app_init [ RunTime:0.001024s ]
[ info ] [ LANG ] /var/www/www.gxfwz36524.com/secondclass/thinkphp/lang/zh-cn.php
[ info ] [ ROUTE ] array (
  'type' => 'module',
  'module' => 
  array (
    0 => 'index',
    1 => 'index',
    2 => 'newslist',
  ),
)
[ info ] [ HEADER ] array (
  'cookie' => 'thinkphp_show_page_trace=0|0; PHPSESSID=dssorg33hovsncjc33igt9554j',
  'accept-language' => 'zh-CN,en-US;q=0.8',
  'accept-encoding' => 'gzip, deflate',
  'referer' => 'https://www.gxfwz36524.com/secondclass/public/index.php/index/index/index.html',
  'accept' => 'text/html,application/xhtml+xml,application/xml;q=0.9,image/webp,image/apng,*/*;q=0.8',
  'user-agent' => 'Mozilla/5.0 (Linux; U; Android 9; zh-cn; MI 8 Lite Build/PKQ1.181007.001) AppleWebKit/537.36 (KHTML, like Gecko) Version/4.0 Chrome/61.0.3163.128 Mobile Safari/537.36 XiaoMi/MiuiBrowser/10.6.1',
  'upgrade-insecure-requests' => '1',
  'connection' => 'keep-alive',
  'host' => 'www.gxfwz36524.com',
  'content-length' => '',
  'content-type' => '',
)
[ info ] [ PARAM ] array (
)
[ info ] [ LANG ] /var/www/www.gxfwz36524.com/secondclass/public/../application/index/lang/zh-cn.php
[ info ] [ BEHAVIOR ] Run app\common\behavior\Common @module_init [ RunTime:0.001609s ]
[ info ] [ DB ] INIT mysql
[ info ] [ RUN ] app\index\controller\Index->newslist[ /var/www/www.gxfwz36524.com/secondclass/application/index/controller/Index.php ]
[ info ] [ VIEW ] /var/www/www.gxfwz36524.com/secondclass/public/../application/index/view/index/newslist.html [ array (
  0 => 'settinginfo',
  1 => 'navinfo',
  2 => 'slider',
  3 => 'actinfo',
) ]
[ info ] [ LOG ] INIT File
[ sql ] [ DB ] CONNECT:[ UseTime:0.000374s ] mysql:host=127.0.0.1;dbname=secondclass;charset=utf8
[ sql ] [ SQL ] SHOW COLUMNS FROM `settinginfo` [ RunTime:0.000942s ]
[ sql ] [ SQL ] SELECT * FROM `settinginfo` LIMIT 1 [ RunTime:0.000338s ]
[ sql ] [ SQL ] SHOW COLUMNS FROM `sys_navinfo` [ RunTime:0.000785s ]
[ sql ] [ SQL ] SELECT * FROM `sys_navinfo` WHERE  `display` = 1 [ RunTime:0.000316s ]
[ sql ] [ SQL ] SHOW COLUMNS FROM `activeinfo` [ RunTime:0.000850s ]
[ sql ] [ SQL ] SELECT * FROM `activeinfo` WHERE  `switch` = 1 [ RunTime:0.000340s ]
[ sql ] [ SQL ] SELECT * FROM `activeinfo` ORDER BY `time` DESC LIMIT 0,5 [ RunTime:0.000365s ]
---------------------------------------------------------------
[ 2019-04-02T20:18:19+08:00 ] 36.98.52.220 POST www.gxfwz36524.com/secondclass/public/index.php/index/index/pagelist
[运行时间：0.035016s] [吞吐率：28.56req/s] [内存消耗：2,940.01kb] [文件加载：63]
[ info ] [ BEHAVIOR ] Run Closure @app_init [ RunTime:0.000031s ]
[ info ] [ CACHE ] INIT File
[ info ] [ BEHAVIOR ] Run Closure @app_init [ RunTime:0.001002s ]
[ info ] [ LANG ] /var/www/www.gxfwz36524.com/secondclass/thinkphp/lang/zh-cn.php
[ info ] [ ROUTE ] array (
  'type' => 'module',
  'module' => 
  array (
    0 => 'index',
    1 => 'index',
    2 => 'pagelist',
  ),
)
[ info ] [ HEADER ] array (
  'cookie' => 'thinkphp_show_page_trace=0|0; PHPSESSID=dssorg33hovsncjc33igt9554j',
  'accept-language' => 'zh-CN,en-US;q=0.8',
  'accept-encoding' => 'gzip, deflate',
  'referer' => 'https://www.gxfwz36524.com/secondclass/public/index.php/index/index/newslist',
  'content-type' => 'application/x-www-form-urlencoded; charset=UTF-8',
  'user-agent' => 'Mozilla/5.0 (Linux; U; Android 9; zh-cn; MI 8 Lite Build/PKQ1.181007.001) AppleWebKit/537.36 (KHTML, like Gecko) Version/4.0 Chrome/61.0.3163.128 Mobile Safari/537.36 XiaoMi/MiuiBrowser/10.6.1',
  'x-requested-with' => 'XMLHttpRequest',
  'origin' => 'https://www.gxfwz36524.com',
  'accept' => '*/*',
  'content-length' => '4',
  'connection' => 'keep-alive',
  'host' => 'www.gxfwz36524.com',
)
[ info ] [ PARAM ] array (
  'id' => '1',
)
[ info ] [ LANG ] /var/www/www.gxfwz36524.com/secondclass/public/../application/index/lang/zh-cn.php
[ info ] [ BEHAVIOR ] Run app\common\behavior\Common @module_init [ RunTime:0.001818s ]
[ info ] [ DB ] INIT mysql
[ info ] [ RUN ] app\index\controller\Index->pagelist[ /var/www/www.gxfwz36524.com/secondclass/application/index/controller/Index.php ]
[ info ] [ LOG ] INIT File
[ sql ] [ DB ] CONNECT:[ UseTime:0.000400s ] mysql:host=127.0.0.1;dbname=secondclass;charset=utf8
[ sql ] [ SQL ] SHOW COLUMNS FROM `settinginfo` [ RunTime:0.001042s ]
[ sql ] [ SQL ] SELECT * FROM `settinginfo` LIMIT 1 [ RunTime:0.000307s ]
[ sql ] [ SQL ] SHOW COLUMNS FROM `sys_navinfo` [ RunTime:0.000735s ]
[ sql ] [ SQL ] SELECT * FROM `sys_navinfo` WHERE  `display` = 1 [ RunTime:0.000310s ]
[ sql ] [ SQL ] SHOW COLUMNS FROM `activeinfo` [ RunTime:0.000830s ]
[ sql ] [ SQL ] SELECT * FROM `activeinfo` WHERE  `switch` = 1 [ RunTime:0.000339s ]
[ sql ] [ SQL ] SELECT * FROM `activeinfo` ORDER BY `time` DESC [ RunTime:0.000450s ]
---------------------------------------------------------------
[ 2019-04-02T20:18:31+08:00 ] 36.98.52.220 POST www.gxfwz36524.com/secondclass/public/index.php/index/index/newslist
[运行时间：0.032273s] [吞吐率：30.99req/s] [内存消耗：2,927.18kb] [文件加载：64]
[ info ] [ BEHAVIOR ] Run Closure @app_init [ RunTime:0.000028s ]
[ info ] [ CACHE ] INIT File
[ info ] [ BEHAVIOR ] Run Closure @app_init [ RunTime:0.000957s ]
[ info ] [ LANG ] /var/www/www.gxfwz36524.com/secondclass/thinkphp/lang/zh-cn.php
[ info ] [ ROUTE ] array (
  'type' => 'module',
  'module' => 
  array (
    0 => 'index',
    1 => 'index',
    2 => 'newslist',
  ),
)
[ info ] [ HEADER ] array (
  'cookie' => 'thinkphp_show_page_trace=0|0; PHPSESSID=dssorg33hovsncjc33igt9554j',
  'accept-language' => 'zh-CN,en-US;q=0.8',
  'accept-encoding' => 'gzip, deflate',
  'referer' => 'https://www.gxfwz36524.com/secondclass/public/index.php/index/index/newslist',
  'content-type' => 'application/x-www-form-urlencoded; charset=UTF-8',
  'user-agent' => 'Mozilla/5.0 (Linux; U; Android 9; zh-cn; MI 8 Lite Build/PKQ1.181007.001) AppleWebKit/537.36 (KHTML, like Gecko) Version/4.0 Chrome/61.0.3163.128 Mobile Safari/537.36 XiaoMi/MiuiBrowser/10.6.1',
  'x-requested-with' => 'XMLHttpRequest',
  'origin' => 'https://www.gxfwz36524.com',
  'accept' => '*/*',
  'content-length' => '4',
  'connection' => 'keep-alive',
  'host' => 'www.gxfwz36524.com',
)
[ info ] [ PARAM ] array (
  'id' => '3',
)
[ info ] [ LANG ] /var/www/www.gxfwz36524.com/secondclass/public/../application/index/lang/zh-cn.php
[ info ] [ BEHAVIOR ] Run app\common\behavior\Common @module_init [ RunTime:0.001610s ]
[ info ] [ DB ] INIT mysql
[ info ] [ RUN ] app\index\controller\Index->newslist[ /var/www/www.gxfwz36524.com/secondclass/application/index/controller/Index.php ]
[ info ] [ VIEW ] /var/www/www.gxfwz36524.com/secondclass/public/../application/index/view/index/newslist.html [ array (
  0 => 'settinginfo',
  1 => 'navinfo',
  2 => 'slider',
  3 => 'actinfo',
) ]
[ info ] [ LOG ] INIT File
[ sql ] [ DB ] CONNECT:[ UseTime:0.000374s ] mysql:host=127.0.0.1;dbname=secondclass;charset=utf8
[ sql ] [ SQL ] SHOW COLUMNS FROM `settinginfo` [ RunTime:0.000900s ]
[ sql ] [ SQL ] SELECT * FROM `settinginfo` LIMIT 1 [ RunTime:0.000290s ]
[ sql ] [ SQL ] SHOW COLUMNS FROM `sys_navinfo` [ RunTime:0.000746s ]
[ sql ] [ SQL ] SELECT * FROM `sys_navinfo` WHERE  `display` = 1 [ RunTime:0.000293s ]
[ sql ] [ SQL ] SHOW COLUMNS FROM `activeinfo` [ RunTime:0.000812s ]
[ sql ] [ SQL ] SELECT * FROM `activeinfo` WHERE  `switch` = 1 [ RunTime:0.000329s ]
[ sql ] [ SQL ] SELECT * FROM `activeinfo` ORDER BY `time` DESC LIMIT 0,5 [ RunTime:0.000354s ]
---------------------------------------------------------------
[ 2019-04-02T20:18:31+08:00 ] 36.98.52.220 GET www.gxfwz36524.com/secondclass/public/index.php/index/index/newslist/?id=3
[运行时间：0.032862s] [吞吐率：30.43req/s] [内存消耗：2,961.99kb] [文件加载：65]
[ info ] [ BEHAVIOR ] Run Closure @app_init [ RunTime:0.000032s ]
[ info ] [ CACHE ] INIT File
[ info ] [ BEHAVIOR ] Run Closure @app_init [ RunTime:0.000825s ]
[ info ] [ LANG ] /var/www/www.gxfwz36524.com/secondclass/thinkphp/lang/zh-cn.php
[ info ] [ ROUTE ] array (
  'type' => 'module',
  'module' => 
  array (
    0 => 'index',
    1 => 'index',
    2 => 'newslist',
  ),
)
[ info ] [ HEADER ] array (
  'cookie' => 'thinkphp_show_page_trace=0|0; PHPSESSID=dssorg33hovsncjc33igt9554j',
  'accept-language' => 'zh-CN,en-US;q=0.8',
  'accept-encoding' => 'gzip, deflate',
  'referer' => 'https://www.gxfwz36524.com/secondclass/public/index.php/index/index/newslist',
  'accept' => 'text/html,application/xhtml+xml,application/xml;q=0.9,image/webp,image/apng,*/*;q=0.8',
  'user-agent' => 'Mozilla/5.0 (Linux; U; Android 9; zh-cn; MI 8 Lite Build/PKQ1.181007.001) AppleWebKit/537.36 (KHTML, like Gecko) Version/4.0 Chrome/61.0.3163.128 Mobile Safari/537.36 XiaoMi/MiuiBrowser/10.6.1',
  'upgrade-insecure-requests' => '1',
  'connection' => 'keep-alive',
  'host' => 'www.gxfwz36524.com',
  'content-length' => '',
  'content-type' => '',
)
[ info ] [ PARAM ] array (
  'id' => '3',
)
[ info ] [ LANG ] /var/www/www.gxfwz36524.com/secondclass/public/../application/index/lang/zh-cn.php
[ info ] [ BEHAVIOR ] Run app\common\behavior\Common @module_init [ RunTime:0.001269s ]
[ info ] [ DB ] INIT mysql
[ info ] [ RUN ] app\index\controller\Index->newslist[ /var/www/www.gxfwz36524.com/secondclass/application/index/controller/Index.php ]
[ info ] [ VIEW ] /var/www/www.gxfwz36524.com/secondclass/public/../application/index/view/index/newslist.html [ array (
  0 => 'settinginfo',
  1 => 'navinfo',
  2 => 'slider',
  3 => 'actinfo',
) ]
[ info ] [ LOG ] INIT File
[ sql ] [ DB ] CONNECT:[ UseTime:0.000397s ] mysql:host=127.0.0.1;dbname=secondclass;charset=utf8
[ sql ] [ SQL ] SHOW COLUMNS FROM `settinginfo` [ RunTime:0.000918s ]
[ sql ] [ SQL ] SELECT * FROM `settinginfo` LIMIT 1 [ RunTime:0.000305s ]
[ sql ] [ SQL ] SHOW COLUMNS FROM `sys_navinfo` [ RunTime:0.000751s ]
[ sql ] [ SQL ] SELECT * FROM `sys_navinfo` WHERE  `display` = 1 [ RunTime:0.000297s ]
[ sql ] [ SQL ] SHOW COLUMNS FROM `activeinfo` [ RunTime:0.000811s ]
[ sql ] [ SQL ] SELECT * FROM `activeinfo` WHERE  `switch` = 1 [ RunTime:0.000336s ]
[ sql ] [ SQL ] SELECT * FROM `activeinfo` ORDER BY `time` DESC LIMIT 10,5 [ RunTime:0.000404s ]
---------------------------------------------------------------
[ 2019-04-02T20:18:31+08:00 ] 36.98.52.220 GET www.gxfwz36524.com/secondclass/public/
[运行时间：0.034714s] [吞吐率：28.81req/s] [内存消耗：2,968.73kb] [文件加载：65]
[ info ] [ BEHAVIOR ] Run Closure @app_init [ RunTime:0.000032s ]
[ info ] [ CACHE ] INIT File
[ info ] [ BEHAVIOR ] Run Closure @app_init [ RunTime:0.000923s ]
[ info ] [ LANG ] /var/www/www.gxfwz36524.com/secondclass/thinkphp/lang/zh-cn.php
[ info ] [ ROUTE ] array (
  'type' => 'module',
  'module' => 
  array (
    0 => '',
    1 => NULL,
    2 => NULL,
  ),
)
[ info ] [ HEADER ] array (
  'cookie' => 'PHPSESSID=dssorg33hovsncjc33igt9554j',
  'accept-language' => 'zh-CN,en-US;q=0.8',
  'accept-encoding' => 'gzip, deflate',
  'referer' => 'https://www.gxfwz36524.com/secondclass/public/index.php/index/index/newslist/?id=3',
  'accept' => 'image/webp,image/apng,image/*,*/*;q=0.8',
  'user-agent' => 'Mozilla/5.0 (Linux; U; Android 9; zh-cn; MI 8 Lite Build/PKQ1.181007.001) AppleWebKit/537.36 (KHTML, like Gecko) Version/4.0 Chrome/61.0.3163.128 Mobile Safari/537.36 XiaoMi/MiuiBrowser/10.6.1',
  'connection' => 'keep-alive',
  'host' => 'www.gxfwz36524.com',
  'content-length' => '',
  'content-type' => '',
)
[ info ] [ PARAM ] array (
)
[ info ] [ LANG ] /var/www/www.gxfwz36524.com/secondclass/public/../application/index/lang/zh-cn.php
[ info ] [ BEHAVIOR ] Run app\common\behavior\Common @module_init [ RunTime:0.001442s ]
[ info ] [ DB ] INIT mysql
[ info ] [ RUN ] app\index\controller\Index->index[ /var/www/www.gxfwz36524.com/secondclass/application/index/controller/Index.php ]
[ info ] [ VIEW ] /var/www/www.gxfwz36524.com/secondclass/public/../application/index/view/index/index.html [ array (
  0 => 'settinginfo',
  1 => 'navinfo',
  2 => 'slider',
  3 => 'actinfo',
) ]
[ info ] [ SESSION ] INIT array (
  'id' => '',
  'var_session_id' => '',
  'prefix' => 'think',
  'type' => '',
  'auto_start' => true,
)
[ info ] [ LOG ] INIT File
[ sql ] [ DB ] CONNECT:[ UseTime:0.000481s ] mysql:host=127.0.0.1;dbname=secondclass;charset=utf8
[ sql ] [ SQL ] SHOW COLUMNS FROM `settinginfo` [ RunTime:0.001151s ]
[ sql ] [ SQL ] SELECT * FROM `settinginfo` LIMIT 1 [ RunTime:0.000343s ]
[ sql ] [ SQL ] SHOW COLUMNS FROM `sys_navinfo` [ RunTime:0.000774s ]
[ sql ] [ SQL ] SELECT * FROM `sys_navinfo` WHERE  `display` = 1 [ RunTime:0.000323s ]
[ sql ] [ SQL ] SHOW COLUMNS FROM `activeinfo` [ RunTime:0.000888s ]
[ sql ] [ SQL ] SELECT * FROM `activeinfo` WHERE  `switch` = 1 [ RunTime:0.000338s ]
[ sql ] [ SQL ] SELECT * FROM `activeinfo` WHERE  `switch` = 1 ORDER BY `time` DESC,`id` DESC [ RunTime:0.000409s ]
---------------------------------------------------------------
[ 2019-04-02T20:18:31+08:00 ] 36.98.52.220 POST www.gxfwz36524.com/secondclass/public/index.php/index/index/pagelist
[运行时间：0.029449s] [吞吐率：33.96req/s] [内存消耗：2,940.01kb] [文件加载：63]
[ info ] [ BEHAVIOR ] Run Closure @app_init [ RunTime:0.000025s ]
[ info ] [ CACHE ] INIT File
[ info ] [ BEHAVIOR ] Run Closure @app_init [ RunTime:0.000822s ]
[ info ] [ LANG ] /var/www/www.gxfwz36524.com/secondclass/thinkphp/lang/zh-cn.php
[ info ] [ ROUTE ] array (
  'type' => 'module',
  'module' => 
  array (
    0 => 'index',
    1 => 'index',
    2 => 'pagelist',
  ),
)
[ info ] [ HEADER ] array (
  'cookie' => 'thinkphp_show_page_trace=0|0; PHPSESSID=dssorg33hovsncjc33igt9554j',
  'accept-language' => 'zh-CN,en-US;q=0.8',
  'accept-encoding' => 'gzip, deflate',
  'referer' => 'https://www.gxfwz36524.com/secondclass/public/index.php/index/index/newslist/?id=3',
  'content-type' => 'application/x-www-form-urlencoded; charset=UTF-8',
  'user-agent' => 'Mozilla/5.0 (Linux; U; Android 9; zh-cn; MI 8 Lite Build/PKQ1.181007.001) AppleWebKit/537.36 (KHTML, like Gecko) Version/4.0 Chrome/61.0.3163.128 Mobile Safari/537.36 XiaoMi/MiuiBrowser/10.6.1',
  'x-requested-with' => 'XMLHttpRequest',
  'origin' => 'https://www.gxfwz36524.com',
  'accept' => '*/*',
  'content-length' => '4',
  'connection' => 'keep-alive',
  'host' => 'www.gxfwz36524.com',
)
[ info ] [ PARAM ] array (
  'id' => '1',
)
[ info ] [ LANG ] /var/www/www.gxfwz36524.com/secondclass/public/../application/index/lang/zh-cn.php
[ info ] [ BEHAVIOR ] Run app\common\behavior\Common @module_init [ RunTime:0.001348s ]
[ info ] [ DB ] INIT mysql
[ info ] [ RUN ] app\index\controller\Index->pagelist[ /var/www/www.gxfwz36524.com/secondclass/application/index/controller/Index.php ]
[ info ] [ LOG ] INIT File
[ sql ] [ DB ] CONNECT:[ UseTime:0.000355s ] mysql:host=127.0.0.1;dbname=secondclass;charset=utf8
[ sql ] [ SQL ] SHOW COLUMNS FROM `settinginfo` [ RunTime:0.001040s ]
[ sql ] [ SQL ] SELECT * FROM `settinginfo` LIMIT 1 [ RunTime:0.000296s ]
[ sql ] [ SQL ] SHOW COLUMNS FROM `sys_navinfo` [ RunTime:0.000723s ]
[ sql ] [ SQL ] SELECT * FROM `sys_navinfo` WHERE  `display` = 1 [ RunTime:0.000302s ]
[ sql ] [ SQL ] SHOW COLUMNS FROM `activeinfo` [ RunTime:0.000821s ]
[ sql ] [ SQL ] SELECT * FROM `activeinfo` WHERE  `switch` = 1 [ RunTime:0.000328s ]
[ sql ] [ SQL ] SELECT * FROM `activeinfo` ORDER BY `time` DESC [ RunTime:0.000435s ]
---------------------------------------------------------------
[ 2019-04-02T20:18:42+08:00 ] 36.98.52.220 GET www.gxfwz36524.com/secondclass/public/index.php/index/index/apply
[运行时间：0.034500s] [吞吐率：28.99req/s] [内存消耗：2,966.31kb] [文件加载：65]
[ info ] [ BEHAVIOR ] Run Closure @app_init [ RunTime:0.000027s ]
[ info ] [ CACHE ] INIT File
[ info ] [ BEHAVIOR ] Run Closure @app_init [ RunTime:0.000953s ]
[ info ] [ LANG ] /var/www/www.gxfwz36524.com/secondclass/thinkphp/lang/zh-cn.php
[ info ] [ ROUTE ] array (
  'type' => 'module',
  'module' => 
  array (
    0 => 'index',
    1 => 'index',
    2 => 'apply',
  ),
)
[ info ] [ HEADER ] array (
  'cookie' => 'thinkphp_show_page_trace=0|0; PHPSESSID=dssorg33hovsncjc33igt9554j',
  'accept-language' => 'zh-CN,en-US;q=0.8',
  'accept-encoding' => 'gzip, deflate',
  'referer' => 'https://www.gxfwz36524.com/secondclass/public/index.php/index/index/newslist/?id=3',
  'accept' => 'text/html,application/xhtml+xml,application/xml;q=0.9,image/webp,image/apng,*/*;q=0.8',
  'user-agent' => 'Mozilla/5.0 (Linux; U; Android 9; zh-cn; MI 8 Lite Build/PKQ1.181007.001) AppleWebKit/537.36 (KHTML, like Gecko) Version/4.0 Chrome/61.0.3163.128 Mobile Safari/537.36 XiaoMi/MiuiBrowser/10.6.1',
  'upgrade-insecure-requests' => '1',
  'connection' => 'keep-alive',
  'host' => 'www.gxfwz36524.com',
  'content-length' => '',
  'content-type' => '',
)
[ info ] [ PARAM ] array (
)
[ info ] [ LANG ] /var/www/www.gxfwz36524.com/secondclass/public/../application/index/lang/zh-cn.php
[ info ] [ BEHAVIOR ] Run app\common\behavior\Common @module_init [ RunTime:0.001377s ]
[ info ] [ DB ] INIT mysql
[ info ] [ RUN ] app\index\controller\Index->apply[ /var/www/www.gxfwz36524.com/secondclass/application/index/controller/Index.php ]
[ info ] [ SESSION ] INIT array (
  'id' => '',
  'var_session_id' => '',
  'prefix' => 'think',
  'type' => '',
  'auto_start' => true,
)
[ info ] [ VIEW ] /var/www/www.gxfwz36524.com/secondclass/public/../application/index/view/index/apply.html [ array (
  0 => 'settinginfo',
  1 => 'navinfo',
  2 => 'slider',
) ]
[ info ] [ LOG ] INIT File
[ sql ] [ DB ] CONNECT:[ UseTime:0.000376s ] mysql:host=127.0.0.1;dbname=secondclass;charset=utf8
[ sql ] [ SQL ] SHOW COLUMNS FROM `settinginfo` [ RunTime:0.000962s ]
[ sql ] [ SQL ] SELECT * FROM `settinginfo` LIMIT 1 [ RunTime:0.000333s ]
[ sql ] [ SQL ] SHOW COLUMNS FROM `sys_navinfo` [ RunTime:0.000777s ]
[ sql ] [ SQL ] SELECT * FROM `sys_navinfo` WHERE  `display` = 1 [ RunTime:0.000337s ]
[ sql ] [ SQL ] SHOW COLUMNS FROM `activeinfo` [ RunTime:0.000940s ]
[ sql ] [ SQL ] SELECT * FROM `activeinfo` WHERE  `switch` = 1 [ RunTime:0.000424s ]
---------------------------------------------------------------
[ 2019-04-02T20:18:49+08:00 ] 36.98.52.220 GET www.gxfwz36524.com/secondclass/public/index.php/index/index/index
[运行时间：0.039404s] [吞吐率：25.38req/s] [内存消耗：2,971.11kb] [文件加载：65]
[ info ] [ BEHAVIOR ] Run Closure @app_init [ RunTime:0.000044s ]
[ info ] [ CACHE ] INIT File
[ info ] [ BEHAVIOR ] Run Closure @app_init [ RunTime:0.001041s ]
[ info ] [ LANG ] /var/www/www.gxfwz36524.com/secondclass/thinkphp/lang/zh-cn.php
[ info ] [ ROUTE ] array (
  'type' => 'module',
  'module' => 
  array (
    0 => 'index',
    1 => 'index',
    2 => 'index',
  ),
)
[ info ] [ HEADER ] array (
  'cookie' => 'thinkphp_show_page_trace=0|0; PHPSESSID=dssorg33hovsncjc33igt9554j',
  'accept-language' => 'zh-CN,en-US;q=0.8',
  'accept-encoding' => 'gzip, deflate',
  'referer' => 'https://www.gxfwz36524.com/secondclass/public/index.php/index/index/apply',
  'accept' => 'text/html,application/xhtml+xml,application/xml;q=0.9,image/webp,image/apng,*/*;q=0.8',
  'user-agent' => 'Mozilla/5.0 (Linux; U; Android 9; zh-cn; MI 8 Lite Build/PKQ1.181007.001) AppleWebKit/537.36 (KHTML, like Gecko) Version/4.0 Chrome/61.0.3163.128 Mobile Safari/537.36 XiaoMi/MiuiBrowser/10.6.1',
  'upgrade-insecure-requests' => '1',
  'connection' => 'keep-alive',
  'host' => 'www.gxfwz36524.com',
  'content-length' => '',
  'content-type' => '',
)
[ info ] [ PARAM ] array (
)
[ info ] [ LANG ] /var/www/www.gxfwz36524.com/secondclass/public/../application/index/lang/zh-cn.php
[ info ] [ BEHAVIOR ] Run app\common\behavior\Common @module_init [ RunTime:0.001660s ]
[ info ] [ DB ] INIT mysql
[ info ] [ RUN ] app\index\controller\Index->index[ /var/www/www.gxfwz36524.com/secondclass/application/index/controller/Index.php ]
[ info ] [ VIEW ] /var/www/www.gxfwz36524.com/secondclass/public/../application/index/view/index/index.html [ array (
  0 => 'settinginfo',
  1 => 'navinfo',
  2 => 'slider',
  3 => 'actinfo',
) ]
[ info ] [ SESSION ] INIT array (
  'id' => '',
  'var_session_id' => '',
  'prefix' => 'think',
  'type' => '',
  'auto_start' => true,
)
[ info ] [ LOG ] INIT File
[ sql ] [ DB ] CONNECT:[ UseTime:0.000487s ] mysql:host=127.0.0.1;dbname=secondclass;charset=utf8
[ sql ] [ SQL ] SHOW COLUMNS FROM `settinginfo` [ RunTime:0.001010s ]
[ sql ] [ SQL ] SELECT * FROM `settinginfo` LIMIT 1 [ RunTime:0.000297s ]
[ sql ] [ SQL ] SHOW COLUMNS FROM `sys_navinfo` [ RunTime:0.000789s ]
[ sql ] [ SQL ] SELECT * FROM `sys_navinfo` WHERE  `display` = 1 [ RunTime:0.000321s ]
[ sql ] [ SQL ] SHOW COLUMNS FROM `activeinfo` [ RunTime:0.000981s ]
[ sql ] [ SQL ] SELECT * FROM `activeinfo` WHERE  `switch` = 1 [ RunTime:0.000485s ]
[ sql ] [ SQL ] SELECT * FROM `activeinfo` WHERE  `switch` = 1 ORDER BY `time` DESC,`id` DESC [ RunTime:0.000559s ]
---------------------------------------------------------------
[ 2019-04-02T20:18:50+08:00 ] 36.98.52.220 GET www.gxfwz36524.com/secondclass/public/index.php/index/index/personal.html
[运行时间：0.037098s] [吞吐率：26.96req/s] [内存消耗：3,010.73kb] [文件加载：68]
[ info ] [ BEHAVIOR ] Run Closure @app_init [ RunTime:0.000027s ]
[ info ] [ CACHE ] INIT File
[ info ] [ BEHAVIOR ] Run Closure @app_init [ RunTime:0.000871s ]
[ info ] [ LANG ] /var/www/www.gxfwz36524.com/secondclass/thinkphp/lang/zh-cn.php
[ info ] [ ROUTE ] array (
  'type' => 'module',
  'module' => 
  array (
    0 => 'index',
    1 => 'index',
    2 => 'personal',
  ),
)
[ info ] [ HEADER ] array (
  'cookie' => 'thinkphp_show_page_trace=0|0; PHPSESSID=dssorg33hovsncjc33igt9554j',
  'accept-language' => 'zh-CN,en-US;q=0.8',
  'accept-encoding' => 'gzip, deflate',
  'referer' => 'https://www.gxfwz36524.com/secondclass/public/index.php/index/index/index',
  'accept' => 'text/html,application/xhtml+xml,application/xml;q=0.9,image/webp,image/apng,*/*;q=0.8',
  'user-agent' => 'Mozilla/5.0 (Linux; U; Android 9; zh-cn; MI 8 Lite Build/PKQ1.181007.001) AppleWebKit/537.36 (KHTML, like Gecko) Version/4.0 Chrome/61.0.3163.128 Mobile Safari/537.36 XiaoMi/MiuiBrowser/10.6.1',
  'upgrade-insecure-requests' => '1',
  'connection' => 'keep-alive',
  'host' => 'www.gxfwz36524.com',
  'content-length' => '',
  'content-type' => '',
)
[ info ] [ PARAM ] array (
)
[ info ] [ LANG ] /var/www/www.gxfwz36524.com/secondclass/public/../application/index/lang/zh-cn.php
[ info ] [ BEHAVIOR ] Run app\common\behavior\Common @module_init [ RunTime:0.001325s ]
[ info ] [ DB ] INIT mysql
[ info ] [ RUN ] app\index\controller\Index->personal[ /var/www/www.gxfwz36524.com/secondclass/application/index/controller/Index.php ]
[ info ] [ SESSION ] INIT array (
  'id' => '',
  'var_session_id' => '',
  'prefix' => 'think',
  'type' => '',
  'auto_start' => true,
)
[ info ] [ LOG ] INIT File
[ sql ] [ DB ] CONNECT:[ UseTime:0.000442s ] mysql:host=127.0.0.1;dbname=secondclass;charset=utf8
[ sql ] [ SQL ] SHOW COLUMNS FROM `settinginfo` [ RunTime:0.000995s ]
[ sql ] [ SQL ] SELECT * FROM `settinginfo` LIMIT 1 [ RunTime:0.000288s ]
[ sql ] [ SQL ] SHOW COLUMNS FROM `sys_navinfo` [ RunTime:0.000795s ]
[ sql ] [ SQL ] SELECT * FROM `sys_navinfo` WHERE  `display` = 1 [ RunTime:0.000318s ]
[ sql ] [ SQL ] SHOW COLUMNS FROM `activeinfo` [ RunTime:0.000838s ]
[ sql ] [ SQL ] SELECT * FROM `activeinfo` WHERE  `switch` = 1 [ RunTime:0.000382s ]
[ sql ] [ SQL ] SHOW COLUMNS FROM `activejoin` [ RunTime:0.000784s ]
[ sql ] [ SQL ] SELECT `typeid` FROM `activejoin` WHERE  `schoolnum` = '2018510469'  AND `switch` = 1 [ RunTime:0.000436s ]
[ sql ] [ SQL ] SHOW COLUMNS FROM `activescore` [ RunTime:0.000815s ]
[ sql ] [ SQL ] SELECT * FROM `activescore` WHERE  `schoolnum` = '2018510469' ORDER BY `actives` ASC [ RunTime:0.000469s ]
[ error ] [8]未定义数组下标: 0[/var/www/www.gxfwz36524.com/secondclass/application/index/controller/Index.php:182]
