[ 2019-04-03T15:18:26+08:00 ][ sql ] [ DB ] CONNECT:[ UseTime:0.002237s ] mysql:host=127.0.0.1;dbname=secondclass;charset=utf8
[ 2019-04-03T15:18:26+08:00 ][ sql ] [ SQL ] SHOW TABLE STATUS LIKE 'activeinfo' [ RunTime:0.000653s ]
[ 2019-04-03T15:19:56+08:00 ][ sql ] [ DB ] CONNECT:[ UseTime:0.002256s ] mysql:host=127.0.0.1;dbname=secondclass;charset=utf8
[ 2019-04-03T15:19:56+08:00 ][ sql ] [ SQL ] SHOW TABLE STATUS LIKE 'activeinfo' [ RunTime:0.000701s ]
[ 2019-04-03T15:19:56+08:00 ][ sql ] [ SQL ] SHOW TABLE STATUS LIKE 'activesort' [ RunTime:0.000496s ]
[ 2019-04-03T15:19:56+08:00 ][ sql ] [ SQL ] SELECT * FROM `information_schema`.`columns` WHERE TABLE_SCHEMA = 'secondclass' AND table_name = 'activeinfo' ORDER BY ORDINAL_POSITION [ RunTime:0.001387s ]
[ 2019-04-03T15:19:56+08:00 ][ sql ] [ SQL ] SELECT * FROM `information_schema`.`columns` WHERE TABLE_SCHEMA = 'secondclass' AND table_name = 'activesort' ORDER BY ORDINAL_POSITION [ RunTime:0.001014s ]
[ 2019-04-03T15:20:24+08:00 ][ sql ] [ DB ] CONNECT:[ UseTime:0.002195s ] mysql:host=127.0.0.1;dbname=secondclass;charset=utf8
[ 2019-04-03T15:20:24+08:00 ][ sql ] [ SQL ] SHOW COLUMNS FROM `auth_rule` [ RunTime:0.001080s ]
[ 2019-04-03T15:20:24+08:00 ][ sql ] [ SQL ] SELECT * FROM `auth_rule` WHERE  `name` = 'activeinfo' LIMIT 1 [ RunTime:0.000489s ]
[ 2019-04-03T15:20:24+08:00 ][ sql ] [ SQL ] INSERT INTO `auth_rule` (`pid` , `name` , `title` , `icon` , `remark` , `ismenu` , `status` , `createtime` , `updatetime`) VALUES (0 , 'activeinfo' , '活动管理' , 'fa fa-circle-o' , '' , 1 , 'normal' , 1554276024 , 1554276024) [ RunTime:0.006236s ]
[ 2019-04-03T15:20:24+08:00 ][ sql ] [ SQL ] SELECT `id` FROM `auth_rule` WHERE  `name` = 'activeinfo/index' LIMIT 1 [ RunTime:0.000332s ]
[ 2019-04-03T15:20:24+08:00 ][ sql ] [ SQL ] SELECT `id` FROM `auth_rule` WHERE  `name` = 'activeinfo/add' LIMIT 1 [ RunTime:0.000270s ]
[ 2019-04-03T15:20:24+08:00 ][ sql ] [ SQL ] SELECT `id` FROM `auth_rule` WHERE  `name` = 'activeinfo/edit' LIMIT 1 [ RunTime:0.000254s ]
[ 2019-04-03T15:20:24+08:00 ][ sql ] [ SQL ] SELECT `id` FROM `auth_rule` WHERE  `name` = 'activeinfo/del' LIMIT 1 [ RunTime:0.000261s ]
[ 2019-04-03T15:20:24+08:00 ][ sql ] [ SQL ] SELECT `id` FROM `auth_rule` WHERE  `name` = 'activeinfo/multi' LIMIT 1 [ RunTime:0.000254s ]
[ 2019-04-03T15:20:24+08:00 ][ sql ] [ SQL ] INSERT INTO `auth_rule` (`id` , `pid` , `name` , `icon` , `title` , `ismenu` , `status` , `createtime` , `updatetime`) VALUES (NULL , 211 , 'activeinfo/index' , 'fa fa-circle-o' , '查看' , 0 , 'normal' , 1554276024 , 1554276024) [ RunTime:0.000309s ]
[ 2019-04-03T15:20:24+08:00 ][ sql ] [ SQL ] INSERT INTO `auth_rule` (`id` , `pid` , `name` , `icon` , `title` , `ismenu` , `status` , `createtime` , `updatetime`) VALUES (NULL , 211 , 'activeinfo/add' , 'fa fa-circle-o' , '添加' , 0 , 'normal' , 1554276024 , 1554276024) [ RunTime:0.000264s ]
[ 2019-04-03T15:20:24+08:00 ][ sql ] [ SQL ] INSERT INTO `auth_rule` (`id` , `pid` , `name` , `icon` , `title` , `ismenu` , `status` , `createtime` , `updatetime`) VALUES (NULL , 211 , 'activeinfo/edit' , 'fa fa-circle-o' , '编辑' , 0 , 'normal' , 1554276024 , 1554276024) [ RunTime:0.000270s ]
[ 2019-04-03T15:20:24+08:00 ][ sql ] [ SQL ] INSERT INTO `auth_rule` (`id` , `pid` , `name` , `icon` , `title` , `ismenu` , `status` , `createtime` , `updatetime`) VALUES (NULL , 211 , 'activeinfo/del' , 'fa fa-circle-o' , '删除' , 0 , 'normal' , 1554276024 , 1554276024) [ RunTime:0.000255s ]
[ 2019-04-03T15:20:24+08:00 ][ sql ] [ SQL ] INSERT INTO `auth_rule` (`id` , `pid` , `name` , `icon` , `title` , `ismenu` , `status` , `createtime` , `updatetime`) VALUES (NULL , 211 , 'activeinfo/multi' , 'fa fa-circle-o' , '批量更新' , 0 , 'normal' , 1554276024 , 1554276024) [ RunTime:0.000265s ]
