---------------------------------------------------------------
[ 2019-04-08T00:24:13+08:00 ] 66.249.79.163 GET www.gxfwz36524.com/secondclass/public/
[ sql ] [ DB ] CONNECT:[ UseTime:0.000835s ] mysql:host=127.0.0.1;dbname=secondclass;charset=utf8
[ sql ] [ SQL ] SHOW COLUMNS FROM `settinginfo` [ RunTime:0.000978s ]
[ sql ] [ SQL ] SELECT * FROM `settinginfo` LIMIT 1 [ RunTime:0.000350s ]
[ sql ] [ SQL ] SHOW COLUMNS FROM `sys_navinfo` [ RunTime:0.000805s ]
[ sql ] [ SQL ] SELECT * FROM `sys_navinfo` WHERE  `display` = 1 [ RunTime:0.000321s ]
[ sql ] [ SQL ] SHOW COLUMNS FROM `activeinfo` [ RunTime:0.000869s ]
[ sql ] [ SQL ] SELECT * FROM `activeinfo` WHERE  `switch` = 1 [ RunTime:0.000428s ]
[ sql ] [ SQL ] SELECT * FROM `activeinfo` WHERE  `switch` = 1 ORDER BY `time` DESC,`id` DESC [ RunTime:0.000387s ]
---------------------------------------------------------------
[ 2019-04-08T07:13:51+08:00 ] 220.181.125.179 GET www.gxfwz36524.com/secondclass/public/index.php/index/index/news/id/50.html
[ sql ] [ DB ] CONNECT:[ UseTime:0.000650s ] mysql:host=127.0.0.1;dbname=secondclass;charset=utf8
[ sql ] [ SQL ] SHOW COLUMNS FROM `settinginfo` [ RunTime:0.001069s ]
[ sql ] [ SQL ] SELECT * FROM `settinginfo` LIMIT 1 [ RunTime:0.000312s ]
[ sql ] [ SQL ] SHOW COLUMNS FROM `sys_navinfo` [ RunTime:0.000762s ]
[ sql ] [ SQL ] SELECT * FROM `sys_navinfo` WHERE  `display` = 1 [ RunTime:0.000360s ]
[ sql ] [ SQL ] SHOW COLUMNS FROM `activeinfo` [ RunTime:0.000937s ]
[ sql ] [ SQL ] SELECT * FROM `activeinfo` WHERE  `switch` = 1 [ RunTime:0.000517s ]
[ sql ] [ SQL ] SELECT * FROM `activeinfo` WHERE  `id` = 50 LIMIT 1 [ RunTime:0.000314s ]
---------------------------------------------------------------
[ 2019-04-08T12:37:41+08:00 ] 66.249.79.93 POST www.gxfwz36524.com/secondclass/public/index.php/index/index/pagelist
[ sql ] [ DB ] CONNECT:[ UseTime:0.000644s ] mysql:host=127.0.0.1;dbname=secondclass;charset=utf8
[ sql ] [ SQL ] SHOW COLUMNS FROM `settinginfo` [ RunTime:0.000940s ]
[ sql ] [ SQL ] SELECT * FROM `settinginfo` LIMIT 1 [ RunTime:0.000291s ]
[ sql ] [ SQL ] SHOW COLUMNS FROM `sys_navinfo` [ RunTime:0.000737s ]
[ sql ] [ SQL ] SELECT * FROM `sys_navinfo` WHERE  `display` = 1 [ RunTime:0.000311s ]
[ sql ] [ SQL ] SHOW COLUMNS FROM `activeinfo` [ RunTime:0.000821s ]
[ sql ] [ SQL ] SELECT * FROM `activeinfo` WHERE  `switch` = 1 [ RunTime:0.000335s ]
[ sql ] [ SQL ] SELECT * FROM `activeinfo` ORDER BY `time` DESC [ RunTime:0.000460s ]
---------------------------------------------------------------
[ 2019-04-08T12:47:50+08:00 ] 66.249.79.88 GET www.gxfwz36524.com/secondclass/public/index.php/index/index/newslist/?id=2
[ sql ] [ DB ] CONNECT:[ UseTime:0.000673s ] mysql:host=127.0.0.1;dbname=secondclass;charset=utf8
[ sql ] [ SQL ] SHOW COLUMNS FROM `settinginfo` [ RunTime:0.000992s ]
[ sql ] [ SQL ] SELECT * FROM `settinginfo` LIMIT 1 [ RunTime:0.000307s ]
[ sql ] [ SQL ] SHOW COLUMNS FROM `sys_navinfo` [ RunTime:0.000758s ]
[ sql ] [ SQL ] SELECT * FROM `sys_navinfo` WHERE  `display` = 1 [ RunTime:0.000318s ]
[ sql ] [ SQL ] SHOW COLUMNS FROM `activeinfo` [ RunTime:0.000812s ]
[ sql ] [ SQL ] SELECT * FROM `activeinfo` WHERE  `switch` = 1 [ RunTime:0.000333s ]
[ sql ] [ SQL ] SELECT * FROM `activeinfo` ORDER BY `time` DESC LIMIT 5,5 [ RunTime:0.000426s ]
---------------------------------------------------------------
[ 2019-04-08T12:47:54+08:00 ] 66.249.79.84 POST www.gxfwz36524.com/secondclass/public/index.php/index/index/pagelist
[ sql ] [ DB ] CONNECT:[ UseTime:0.000635s ] mysql:host=127.0.0.1;dbname=secondclass;charset=utf8
[ sql ] [ SQL ] SHOW COLUMNS FROM `settinginfo` [ RunTime:0.000946s ]
[ sql ] [ SQL ] SELECT * FROM `settinginfo` LIMIT 1 [ RunTime:0.000292s ]
[ sql ] [ SQL ] SHOW COLUMNS FROM `sys_navinfo` [ RunTime:0.000740s ]
[ sql ] [ SQL ] SELECT * FROM `sys_navinfo` WHERE  `display` = 1 [ RunTime:0.000310s ]
[ sql ] [ SQL ] SHOW COLUMNS FROM `activeinfo` [ RunTime:0.000814s ]
[ sql ] [ SQL ] SELECT * FROM `activeinfo` WHERE  `switch` = 1 [ RunTime:0.000335s ]
[ sql ] [ SQL ] SELECT * FROM `activeinfo` ORDER BY `time` DESC [ RunTime:0.000488s ]
---------------------------------------------------------------
[ 2019-04-08T12:48:22+08:00 ] 66.249.79.86 GET www.gxfwz36524.com/secondclass/public/index.php/index/index/newslist/?id=1
[ sql ] [ DB ] CONNECT:[ UseTime:0.000642s ] mysql:host=127.0.0.1;dbname=secondclass;charset=utf8
[ sql ] [ SQL ] SHOW COLUMNS FROM `settinginfo` [ RunTime:0.000950s ]
[ sql ] [ SQL ] SELECT * FROM `settinginfo` LIMIT 1 [ RunTime:0.000306s ]
[ sql ] [ SQL ] SHOW COLUMNS FROM `sys_navinfo` [ RunTime:0.000802s ]
[ sql ] [ SQL ] SELECT * FROM `sys_navinfo` WHERE  `display` = 1 [ RunTime:0.000301s ]
[ sql ] [ SQL ] SHOW COLUMNS FROM `activeinfo` [ RunTime:0.000805s ]
[ sql ] [ SQL ] SELECT * FROM `activeinfo` WHERE  `switch` = 1 [ RunTime:0.000337s ]
[ sql ] [ SQL ] SELECT * FROM `activeinfo` ORDER BY `time` DESC LIMIT 0,5 [ RunTime:0.000383s ]
---------------------------------------------------------------
[ 2019-04-08T12:49:05+08:00 ] 66.249.79.76 GET www.gxfwz36524.com/secondclass/public/index.php/index/index/newslist/?id=4
[ sql ] [ DB ] CONNECT:[ UseTime:0.000641s ] mysql:host=127.0.0.1;dbname=secondclass;charset=utf8
[ sql ] [ SQL ] SHOW COLUMNS FROM `settinginfo` [ RunTime:0.000964s ]
[ sql ] [ SQL ] SELECT * FROM `settinginfo` LIMIT 1 [ RunTime:0.000298s ]
[ sql ] [ SQL ] SHOW COLUMNS FROM `sys_navinfo` [ RunTime:0.000743s ]
[ sql ] [ SQL ] SELECT * FROM `sys_navinfo` WHERE  `display` = 1 [ RunTime:0.000312s ]
[ sql ] [ SQL ] SHOW COLUMNS FROM `activeinfo` [ RunTime:0.000815s ]
[ sql ] [ SQL ] SELECT * FROM `activeinfo` WHERE  `switch` = 1 [ RunTime:0.000343s ]
[ sql ] [ SQL ] SELECT * FROM `activeinfo` ORDER BY `time` DESC LIMIT 15,5 [ RunTime:0.000435s ]
---------------------------------------------------------------
[ 2019-04-08T12:50:18+08:00 ] 66.249.79.89 GET www.gxfwz36524.com/secondclass/public/index.php/index/index/news/id/36.html
[ sql ] [ DB ] CONNECT:[ UseTime:0.000699s ] mysql:host=127.0.0.1;dbname=secondclass;charset=utf8
[ sql ] [ SQL ] SHOW COLUMNS FROM `settinginfo` [ RunTime:0.001125s ]
[ sql ] [ SQL ] SELECT * FROM `settinginfo` LIMIT 1 [ RunTime:0.000325s ]
[ sql ] [ SQL ] SHOW COLUMNS FROM `sys_navinfo` [ RunTime:0.000800s ]
[ sql ] [ SQL ] SELECT * FROM `sys_navinfo` WHERE  `display` = 1 [ RunTime:0.000315s ]
[ sql ] [ SQL ] SHOW COLUMNS FROM `activeinfo` [ RunTime:0.000820s ]
[ sql ] [ SQL ] SELECT * FROM `activeinfo` WHERE  `switch` = 1 [ RunTime:0.000370s ]
[ sql ] [ SQL ] SELECT * FROM `activeinfo` WHERE  `id` = 36 LIMIT 1 [ RunTime:0.000337s ]
---------------------------------------------------------------
[ 2019-04-08T12:50:19+08:00 ] 66.249.79.87 GET www.gxfwz36524.com/secondclass/public/index.php/index/index/news/id/34.html
[ sql ] [ DB ] CONNECT:[ UseTime:0.000661s ] mysql:host=127.0.0.1;dbname=secondclass;charset=utf8
[ sql ] [ SQL ] SHOW COLUMNS FROM `settinginfo` [ RunTime:0.000967s ]
[ sql ] [ SQL ] SELECT * FROM `settinginfo` LIMIT 1 [ RunTime:0.000293s ]
[ sql ] [ SQL ] SHOW COLUMNS FROM `sys_navinfo` [ RunTime:0.000833s ]
[ sql ] [ SQL ] SELECT * FROM `sys_navinfo` WHERE  `display` = 1 [ RunTime:0.000324s ]
[ sql ] [ SQL ] SHOW COLUMNS FROM `activeinfo` [ RunTime:0.000865s ]
[ sql ] [ SQL ] SELECT * FROM `activeinfo` WHERE  `switch` = 1 [ RunTime:0.000349s ]
[ sql ] [ SQL ] SELECT * FROM `activeinfo` WHERE  `id` = 34 LIMIT 1 [ RunTime:0.000314s ]
---------------------------------------------------------------
[ 2019-04-08T12:50:25+08:00 ] 66.249.79.87 GET www.gxfwz36524.com/secondclass/public/index.php/index/index/newslist/?id=3
[ sql ] [ DB ] CONNECT:[ UseTime:0.000616s ] mysql:host=127.0.0.1;dbname=secondclass;charset=utf8
[ sql ] [ SQL ] SHOW COLUMNS FROM `settinginfo` [ RunTime:0.000943s ]
[ sql ] [ SQL ] SELECT * FROM `settinginfo` LIMIT 1 [ RunTime:0.000282s ]
[ sql ] [ SQL ] SHOW COLUMNS FROM `sys_navinfo` [ RunTime:0.000739s ]
[ sql ] [ SQL ] SELECT * FROM `sys_navinfo` WHERE  `display` = 1 [ RunTime:0.000292s ]
[ sql ] [ SQL ] SHOW COLUMNS FROM `activeinfo` [ RunTime:0.000793s ]
[ sql ] [ SQL ] SELECT * FROM `activeinfo` WHERE  `switch` = 1 [ RunTime:0.000343s ]
[ sql ] [ SQL ] SELECT * FROM `activeinfo` ORDER BY `time` DESC LIMIT 10,5 [ RunTime:0.000397s ]
---------------------------------------------------------------
[ 2019-04-08T12:50:28+08:00 ] 66.249.79.87 POST www.gxfwz36524.com/secondclass/public/index.php/index/index/isjoin
[ sql ] [ DB ] CONNECT:[ UseTime:0.000627s ] mysql:host=127.0.0.1;dbname=secondclass;charset=utf8
[ sql ] [ SQL ] SHOW COLUMNS FROM `settinginfo` [ RunTime:0.000934s ]
[ sql ] [ SQL ] SELECT * FROM `settinginfo` LIMIT 1 [ RunTime:0.000303s ]
[ sql ] [ SQL ] SHOW COLUMNS FROM `sys_navinfo` [ RunTime:0.001023s ]
[ sql ] [ SQL ] SELECT * FROM `sys_navinfo` WHERE  `display` = 1 [ RunTime:0.000584s ]
[ sql ] [ SQL ] SHOW COLUMNS FROM `activeinfo` [ RunTime:0.000952s ]
[ sql ] [ SQL ] SELECT * FROM `activeinfo` WHERE  `switch` = 1 [ RunTime:0.000505s ]
[ sql ] [ SQL ] SELECT * FROM `activeinfo` WHERE  `id` = 34 LIMIT 1 [ RunTime:0.000420s ]
---------------------------------------------------------------
[ 2019-04-08T12:50:36+08:00 ] 66.249.79.87 GET www.gxfwz36524.com/secondclass/public/index.php/index/index/news/id/58.html
[ sql ] [ DB ] CONNECT:[ UseTime:0.000629s ] mysql:host=127.0.0.1;dbname=secondclass;charset=utf8
[ sql ] [ SQL ] SHOW COLUMNS FROM `settinginfo` [ RunTime:0.001006s ]
[ sql ] [ SQL ] SELECT * FROM `settinginfo` LIMIT 1 [ RunTime:0.000305s ]
[ sql ] [ SQL ] SHOW COLUMNS FROM `sys_navinfo` [ RunTime:0.000814s ]
[ sql ] [ SQL ] SELECT * FROM `sys_navinfo` WHERE  `display` = 1 [ RunTime:0.000308s ]
[ sql ] [ SQL ] SHOW COLUMNS FROM `activeinfo` [ RunTime:0.000883s ]
[ sql ] [ SQL ] SELECT * FROM `activeinfo` WHERE  `switch` = 1 [ RunTime:0.000395s ]
[ sql ] [ SQL ] SELECT * FROM `activeinfo` WHERE  `id` = 58 LIMIT 1 [ RunTime:0.000301s ]
---------------------------------------------------------------
[ 2019-04-08T12:50:38+08:00 ] 66.249.79.87 POST www.gxfwz36524.com/secondclass/public/index.php/index/index/isjoin
[ sql ] [ DB ] CONNECT:[ UseTime:0.000675s ] mysql:host=127.0.0.1;dbname=secondclass;charset=utf8
[ sql ] [ SQL ] SHOW COLUMNS FROM `settinginfo` [ RunTime:0.001011s ]
[ sql ] [ SQL ] SELECT * FROM `settinginfo` LIMIT 1 [ RunTime:0.000293s ]
[ sql ] [ SQL ] SHOW COLUMNS FROM `sys_navinfo` [ RunTime:0.000773s ]
[ sql ] [ SQL ] SELECT * FROM `sys_navinfo` WHERE  `display` = 1 [ RunTime:0.000340s ]
[ sql ] [ SQL ] SHOW COLUMNS FROM `activeinfo` [ RunTime:0.000896s ]
[ sql ] [ SQL ] SELECT * FROM `activeinfo` WHERE  `switch` = 1 [ RunTime:0.000392s ]
[ sql ] [ SQL ] SELECT * FROM `activeinfo` WHERE  `id` = 36 LIMIT 1 [ RunTime:0.000333s ]
---------------------------------------------------------------
[ 2019-04-08T12:50:51+08:00 ] 66.249.79.87 GET www.gxfwz36524.com/secondclass/public/index.php/index/index/news/id/57.html
[ sql ] [ DB ] CONNECT:[ UseTime:0.000620s ] mysql:host=127.0.0.1;dbname=secondclass;charset=utf8
[ sql ] [ SQL ] SHOW COLUMNS FROM `settinginfo` [ RunTime:0.000936s ]
[ sql ] [ SQL ] SELECT * FROM `settinginfo` LIMIT 1 [ RunTime:0.000303s ]
[ sql ] [ SQL ] SHOW COLUMNS FROM `sys_navinfo` [ RunTime:0.000728s ]
[ sql ] [ SQL ] SELECT * FROM `sys_navinfo` WHERE  `display` = 1 [ RunTime:0.000337s ]
[ sql ] [ SQL ] SHOW COLUMNS FROM `activeinfo` [ RunTime:0.001050s ]
[ sql ] [ SQL ] SELECT * FROM `activeinfo` WHERE  `switch` = 1 [ RunTime:0.000357s ]
[ sql ] [ SQL ] SELECT * FROM `activeinfo` WHERE  `id` = 57 LIMIT 1 [ RunTime:0.000301s ]
---------------------------------------------------------------
[ 2019-04-08T12:50:54+08:00 ] 66.249.79.87 POST www.gxfwz36524.com/secondclass/public/index.php/index/index/isjoin
[ sql ] [ DB ] CONNECT:[ UseTime:0.000656s ] mysql:host=127.0.0.1;dbname=secondclass;charset=utf8
[ sql ] [ SQL ] SHOW COLUMNS FROM `settinginfo` [ RunTime:0.001016s ]
[ sql ] [ SQL ] SELECT * FROM `settinginfo` LIMIT 1 [ RunTime:0.000322s ]
[ sql ] [ SQL ] SHOW COLUMNS FROM `sys_navinfo` [ RunTime:0.000772s ]
[ sql ] [ SQL ] SELECT * FROM `sys_navinfo` WHERE  `display` = 1 [ RunTime:0.000318s ]
[ sql ] [ SQL ] SHOW COLUMNS FROM `activeinfo` [ RunTime:0.000850s ]
[ sql ] [ SQL ] SELECT * FROM `activeinfo` WHERE  `switch` = 1 [ RunTime:0.000341s ]
[ sql ] [ SQL ] SELECT * FROM `activeinfo` WHERE  `id` = 58 LIMIT 1 [ RunTime:0.000368s ]
---------------------------------------------------------------
[ 2019-04-08T12:50:55+08:00 ] 66.249.79.87 POST www.gxfwz36524.com/secondclass/public/index.php/index/index/isjoin
[ sql ] [ DB ] CONNECT:[ UseTime:0.000635s ] mysql:host=127.0.0.1;dbname=secondclass;charset=utf8
[ sql ] [ SQL ] SHOW COLUMNS FROM `settinginfo` [ RunTime:0.000938s ]
[ sql ] [ SQL ] SELECT * FROM `settinginfo` LIMIT 1 [ RunTime:0.000294s ]
[ sql ] [ SQL ] SHOW COLUMNS FROM `sys_navinfo` [ RunTime:0.000747s ]
[ sql ] [ SQL ] SELECT * FROM `sys_navinfo` WHERE  `display` = 1 [ RunTime:0.000311s ]
[ sql ] [ SQL ] SHOW COLUMNS FROM `activeinfo` [ RunTime:0.000818s ]
[ sql ] [ SQL ] SELECT * FROM `activeinfo` WHERE  `switch` = 1 [ RunTime:0.000341s ]
[ sql ] [ SQL ] SELECT * FROM `activeinfo` WHERE  `id` = 57 LIMIT 1 [ RunTime:0.000321s ]
---------------------------------------------------------------
[ 2019-04-08T12:51:30+08:00 ] 66.249.79.87 GET www.gxfwz36524.com/secondclass/public/index.php/index/index/news/id/1.html
[ sql ] [ DB ] CONNECT:[ UseTime:0.000685s ] mysql:host=127.0.0.1;dbname=secondclass;charset=utf8
[ sql ] [ SQL ] SHOW COLUMNS FROM `settinginfo` [ RunTime:0.001149s ]
[ sql ] [ SQL ] SELECT * FROM `settinginfo` LIMIT 1 [ RunTime:0.000393s ]
[ sql ] [ SQL ] SHOW COLUMNS FROM `sys_navinfo` [ RunTime:0.000851s ]
[ sql ] [ SQL ] SELECT * FROM `sys_navinfo` WHERE  `display` = 1 [ RunTime:0.000349s ]
[ sql ] [ SQL ] SHOW COLUMNS FROM `activeinfo` [ RunTime:0.000893s ]
[ sql ] [ SQL ] SELECT * FROM `activeinfo` WHERE  `switch` = 1 [ RunTime:0.000351s ]
[ sql ] [ SQL ] SELECT * FROM `activeinfo` WHERE  `id` = 1 LIMIT 1 [ RunTime:0.000311s ]
---------------------------------------------------------------
[ 2019-04-08T12:51:33+08:00 ] 66.249.79.87 POST www.gxfwz36524.com/secondclass/public/index.php/index/index/isjoin
[ sql ] [ DB ] CONNECT:[ UseTime:0.000612s ] mysql:host=127.0.0.1;dbname=secondclass;charset=utf8
[ sql ] [ SQL ] SHOW COLUMNS FROM `settinginfo` [ RunTime:0.000934s ]
[ sql ] [ SQL ] SELECT * FROM `settinginfo` LIMIT 1 [ RunTime:0.000340s ]
[ sql ] [ SQL ] SHOW COLUMNS FROM `sys_navinfo` [ RunTime:0.000795s ]
[ sql ] [ SQL ] SELECT * FROM `sys_navinfo` WHERE  `display` = 1 [ RunTime:0.000349s ]
[ sql ] [ SQL ] SHOW COLUMNS FROM `activeinfo` [ RunTime:0.000855s ]
[ sql ] [ SQL ] SELECT * FROM `activeinfo` WHERE  `switch` = 1 [ RunTime:0.000365s ]
[ sql ] [ SQL ] SELECT * FROM `activeinfo` WHERE  `id` = 1 LIMIT 1 [ RunTime:0.000306s ]
---------------------------------------------------------------
[ 2019-04-08T12:52:04+08:00 ] 66.249.79.89 GET www.gxfwz36524.com/secondclass/public/index.php/index/index/news/id/66.html
[ sql ] [ DB ] CONNECT:[ UseTime:0.000607s ] mysql:host=127.0.0.1;dbname=secondclass;charset=utf8
[ sql ] [ SQL ] SHOW COLUMNS FROM `settinginfo` [ RunTime:0.000924s ]
[ sql ] [ SQL ] SELECT * FROM `settinginfo` LIMIT 1 [ RunTime:0.000298s ]
[ sql ] [ SQL ] SHOW COLUMNS FROM `sys_navinfo` [ RunTime:0.000734s ]
[ sql ] [ SQL ] SELECT * FROM `sys_navinfo` WHERE  `display` = 1 [ RunTime:0.000293s ]
[ sql ] [ SQL ] SHOW COLUMNS FROM `activeinfo` [ RunTime:0.000899s ]
[ sql ] [ SQL ] SELECT * FROM `activeinfo` WHERE  `switch` = 1 [ RunTime:0.000345s ]
[ sql ] [ SQL ] SELECT * FROM `activeinfo` WHERE  `id` = 66 LIMIT 1 [ RunTime:0.000303s ]
---------------------------------------------------------------
[ 2019-04-08T12:52:24+08:00 ] 66.249.79.89 POST www.gxfwz36524.com/secondclass/public/index.php/index/index/isjoin
[ sql ] [ DB ] CONNECT:[ UseTime:0.000637s ] mysql:host=127.0.0.1;dbname=secondclass;charset=utf8
[ sql ] [ SQL ] SHOW COLUMNS FROM `settinginfo` [ RunTime:0.000991s ]
[ sql ] [ SQL ] SELECT * FROM `settinginfo` LIMIT 1 [ RunTime:0.000284s ]
[ sql ] [ SQL ] SHOW COLUMNS FROM `sys_navinfo` [ RunTime:0.000790s ]
[ sql ] [ SQL ] SELECT * FROM `sys_navinfo` WHERE  `display` = 1 [ RunTime:0.000293s ]
[ sql ] [ SQL ] SHOW COLUMNS FROM `activeinfo` [ RunTime:0.000800s ]
[ sql ] [ SQL ] SELECT * FROM `activeinfo` WHERE  `switch` = 1 [ RunTime:0.000348s ]
[ sql ] [ SQL ] SELECT * FROM `activeinfo` WHERE  `id` = 66 LIMIT 1 [ RunTime:0.000280s ]
---------------------------------------------------------------
[ 2019-04-08T12:52:49+08:00 ] 66.249.79.87 GET www.gxfwz36524.com/secondclass/public/index.php/index/index/news/id/60.html
[ sql ] [ DB ] CONNECT:[ UseTime:0.000735s ] mysql:host=127.0.0.1;dbname=secondclass;charset=utf8
[ sql ] [ SQL ] SHOW COLUMNS FROM `settinginfo` [ RunTime:0.001003s ]
[ sql ] [ SQL ] SELECT * FROM `settinginfo` LIMIT 1 [ RunTime:0.000325s ]
[ sql ] [ SQL ] SHOW COLUMNS FROM `sys_navinfo` [ RunTime:0.000810s ]
[ sql ] [ SQL ] SELECT * FROM `sys_navinfo` WHERE  `display` = 1 [ RunTime:0.000344s ]
[ sql ] [ SQL ] SHOW COLUMNS FROM `activeinfo` [ RunTime:0.000896s ]
[ sql ] [ SQL ] SELECT * FROM `activeinfo` WHERE  `switch` = 1 [ RunTime:0.000343s ]
[ sql ] [ SQL ] SELECT * FROM `activeinfo` WHERE  `id` = 60 LIMIT 1 [ RunTime:0.000298s ]
---------------------------------------------------------------
[ 2019-04-08T12:52:53+08:00 ] 66.249.79.87 POST www.gxfwz36524.com/secondclass/public/index.php/index/index/isjoin
[ sql ] [ DB ] CONNECT:[ UseTime:0.000731s ] mysql:host=127.0.0.1;dbname=secondclass;charset=utf8
[ sql ] [ SQL ] SHOW COLUMNS FROM `settinginfo` [ RunTime:0.001207s ]
[ sql ] [ SQL ] SELECT * FROM `settinginfo` LIMIT 1 [ RunTime:0.000371s ]
[ sql ] [ SQL ] SHOW COLUMNS FROM `sys_navinfo` [ RunTime:0.001012s ]
[ sql ] [ SQL ] SELECT * FROM `sys_navinfo` WHERE  `display` = 1 [ RunTime:0.000363s ]
[ sql ] [ SQL ] SHOW COLUMNS FROM `activeinfo` [ RunTime:0.001033s ]
[ sql ] [ SQL ] SELECT * FROM `activeinfo` WHERE  `switch` = 1 [ RunTime:0.000425s ]
[ sql ] [ SQL ] SELECT * FROM `activeinfo` WHERE  `id` = 60 LIMIT 1 [ RunTime:0.000323s ]
---------------------------------------------------------------
[ 2019-04-08T12:53:30+08:00 ] 66.249.79.89 GET www.gxfwz36524.com/secondclass/public/index.php/index/index/news/id/65.html
[ sql ] [ DB ] CONNECT:[ UseTime:0.000643s ] mysql:host=127.0.0.1;dbname=secondclass;charset=utf8
[ sql ] [ SQL ] SHOW COLUMNS FROM `settinginfo` [ RunTime:0.000956s ]
[ sql ] [ SQL ] SELECT * FROM `settinginfo` LIMIT 1 [ RunTime:0.000315s ]
[ sql ] [ SQL ] SHOW COLUMNS FROM `sys_navinfo` [ RunTime:0.000789s ]
[ sql ] [ SQL ] SELECT * FROM `sys_navinfo` WHERE  `display` = 1 [ RunTime:0.000320s ]
[ sql ] [ SQL ] SHOW COLUMNS FROM `activeinfo` [ RunTime:0.000839s ]
[ sql ] [ SQL ] SELECT * FROM `activeinfo` WHERE  `switch` = 1 [ RunTime:0.000340s ]
[ sql ] [ SQL ] SELECT * FROM `activeinfo` WHERE  `id` = 65 LIMIT 1 [ RunTime:0.000317s ]
---------------------------------------------------------------
[ 2019-04-08T12:53:34+08:00 ] 66.249.79.91 POST www.gxfwz36524.com/secondclass/public/index.php/index/index/isjoin
[ sql ] [ DB ] CONNECT:[ UseTime:0.000642s ] mysql:host=127.0.0.1;dbname=secondclass;charset=utf8
[ sql ] [ SQL ] SHOW COLUMNS FROM `settinginfo` [ RunTime:0.000977s ]
[ sql ] [ SQL ] SELECT * FROM `settinginfo` LIMIT 1 [ RunTime:0.000305s ]
[ sql ] [ SQL ] SHOW COLUMNS FROM `sys_navinfo` [ RunTime:0.000752s ]
[ sql ] [ SQL ] SELECT * FROM `sys_navinfo` WHERE  `display` = 1 [ RunTime:0.000322s ]
[ sql ] [ SQL ] SHOW COLUMNS FROM `activeinfo` [ RunTime:0.000812s ]
[ sql ] [ SQL ] SELECT * FROM `activeinfo` WHERE  `switch` = 1 [ RunTime:0.000341s ]
[ sql ] [ SQL ] SELECT * FROM `activeinfo` WHERE  `id` = 65 LIMIT 1 [ RunTime:0.000326s ]
---------------------------------------------------------------
[ 2019-04-08T12:54:15+08:00 ] 66.249.79.89 GET www.gxfwz36524.com/secondclass/public/index.php/index/index/news/id/61.html
[ sql ] [ DB ] CONNECT:[ UseTime:0.000656s ] mysql:host=127.0.0.1;dbname=secondclass;charset=utf8
[ sql ] [ SQL ] SHOW COLUMNS FROM `settinginfo` [ RunTime:0.001076s ]
[ sql ] [ SQL ] SELECT * FROM `settinginfo` LIMIT 1 [ RunTime:0.000322s ]
[ sql ] [ SQL ] SHOW COLUMNS FROM `sys_navinfo` [ RunTime:0.000774s ]
[ sql ] [ SQL ] SELECT * FROM `sys_navinfo` WHERE  `display` = 1 [ RunTime:0.000364s ]
[ sql ] [ SQL ] SHOW COLUMNS FROM `activeinfo` [ RunTime:0.000884s ]
[ sql ] [ SQL ] SELECT * FROM `activeinfo` WHERE  `switch` = 1 [ RunTime:0.000368s ]
[ sql ] [ SQL ] SELECT * FROM `activeinfo` WHERE  `id` = 61 LIMIT 1 [ RunTime:0.000344s ]
---------------------------------------------------------------
[ 2019-04-08T12:54:20+08:00 ] 66.249.79.87 POST www.gxfwz36524.com/secondclass/public/index.php/index/index/isjoin
[ sql ] [ DB ] CONNECT:[ UseTime:0.000631s ] mysql:host=127.0.0.1;dbname=secondclass;charset=utf8
[ sql ] [ SQL ] SHOW COLUMNS FROM `settinginfo` [ RunTime:0.000979s ]
[ sql ] [ SQL ] SELECT * FROM `settinginfo` LIMIT 1 [ RunTime:0.000287s ]
[ sql ] [ SQL ] SHOW COLUMNS FROM `sys_navinfo` [ RunTime:0.000759s ]
[ sql ] [ SQL ] SELECT * FROM `sys_navinfo` WHERE  `display` = 1 [ RunTime:0.000296s ]
[ sql ] [ SQL ] SHOW COLUMNS FROM `activeinfo` [ RunTime:0.000810s ]
[ sql ] [ SQL ] SELECT * FROM `activeinfo` WHERE  `switch` = 1 [ RunTime:0.000403s ]
[ sql ] [ SQL ] SELECT * FROM `activeinfo` WHERE  `id` = 61 LIMIT 1 [ RunTime:0.000297s ]
---------------------------------------------------------------
[ 2019-04-08T12:54:55+08:00 ] 66.249.79.87 GET www.gxfwz36524.com/secondclass/public/index.php/index/index/news/id/59.html
[ sql ] [ DB ] CONNECT:[ UseTime:0.000854s ] mysql:host=127.0.0.1;dbname=secondclass;charset=utf8
[ sql ] [ SQL ] SHOW COLUMNS FROM `settinginfo` [ RunTime:0.001364s ]
[ sql ] [ SQL ] SELECT * FROM `settinginfo` LIMIT 1 [ RunTime:0.000396s ]
[ sql ] [ SQL ] SHOW COLUMNS FROM `sys_navinfo` [ RunTime:0.001094s ]
[ sql ] [ SQL ] SELECT * FROM `sys_navinfo` WHERE  `display` = 1 [ RunTime:0.000408s ]
[ sql ] [ SQL ] SHOW COLUMNS FROM `activeinfo` [ RunTime:0.001093s ]
[ sql ] [ SQL ] SELECT * FROM `activeinfo` WHERE  `switch` = 1 [ RunTime:0.000483s ]
[ sql ] [ SQL ] SELECT * FROM `activeinfo` WHERE  `id` = 59 LIMIT 1 [ RunTime:0.000428s ]
---------------------------------------------------------------
[ 2019-04-08T12:54:59+08:00 ] 66.249.79.87 POST www.gxfwz36524.com/secondclass/public/index.php/index/index/isjoin
[ sql ] [ DB ] CONNECT:[ UseTime:0.000623s ] mysql:host=127.0.0.1;dbname=secondclass;charset=utf8
[ sql ] [ SQL ] SHOW COLUMNS FROM `settinginfo` [ RunTime:0.000979s ]
[ sql ] [ SQL ] SELECT * FROM `settinginfo` LIMIT 1 [ RunTime:0.000332s ]
[ sql ] [ SQL ] SHOW COLUMNS FROM `sys_navinfo` [ RunTime:0.000754s ]
[ sql ] [ SQL ] SELECT * FROM `sys_navinfo` WHERE  `display` = 1 [ RunTime:0.000298s ]
[ sql ] [ SQL ] SHOW COLUMNS FROM `activeinfo` [ RunTime:0.000816s ]
[ sql ] [ SQL ] SELECT * FROM `activeinfo` WHERE  `switch` = 1 [ RunTime:0.000333s ]
[ sql ] [ SQL ] SELECT * FROM `activeinfo` WHERE  `id` = 59 LIMIT 1 [ RunTime:0.000301s ]
---------------------------------------------------------------
[ 2019-04-08T12:55:50+08:00 ] 66.249.79.79 GET www.gxfwz36524.com/secondclass/public/index.php/index/index/news/id/2.html
[ sql ] [ DB ] CONNECT:[ UseTime:0.000657s ] mysql:host=127.0.0.1;dbname=secondclass;charset=utf8
[ sql ] [ SQL ] SHOW COLUMNS FROM `settinginfo` [ RunTime:0.001022s ]
[ sql ] [ SQL ] SELECT * FROM `settinginfo` LIMIT 1 [ RunTime:0.000324s ]
[ sql ] [ SQL ] SHOW COLUMNS FROM `sys_navinfo` [ RunTime:0.000752s ]
[ sql ] [ SQL ] SELECT * FROM `sys_navinfo` WHERE  `display` = 1 [ RunTime:0.000315s ]
[ sql ] [ SQL ] SHOW COLUMNS FROM `activeinfo` [ RunTime:0.000866s ]
[ sql ] [ SQL ] SELECT * FROM `activeinfo` WHERE  `switch` = 1 [ RunTime:0.000364s ]
[ sql ] [ SQL ] SELECT * FROM `activeinfo` WHERE  `id` = 2 LIMIT 1 [ RunTime:0.000350s ]
---------------------------------------------------------------
[ 2019-04-08T12:55:54+08:00 ] 66.249.79.81 POST www.gxfwz36524.com/secondclass/public/index.php/index/index/isjoin
[ sql ] [ DB ] CONNECT:[ UseTime:0.000677s ] mysql:host=127.0.0.1;dbname=secondclass;charset=utf8
[ sql ] [ SQL ] SHOW COLUMNS FROM `settinginfo` [ RunTime:0.001006s ]
[ sql ] [ SQL ] SELECT * FROM `settinginfo` LIMIT 1 [ RunTime:0.000311s ]
[ sql ] [ SQL ] SHOW COLUMNS FROM `sys_navinfo` [ RunTime:0.000839s ]
[ sql ] [ SQL ] SELECT * FROM `sys_navinfo` WHERE  `display` = 1 [ RunTime:0.000346s ]
[ sql ] [ SQL ] SHOW COLUMNS FROM `activeinfo` [ RunTime:0.000875s ]
[ sql ] [ SQL ] SELECT * FROM `activeinfo` WHERE  `switch` = 1 [ RunTime:0.000365s ]
[ sql ] [ SQL ] SELECT * FROM `activeinfo` WHERE  `id` = 2 LIMIT 1 [ RunTime:0.000319s ]
---------------------------------------------------------------
[ 2019-04-08T15:33:28+08:00 ] 220.181.125.179 GET www.gxfwz36524.com/secondclass/public/index.php/index/index/news/id/51.html
[ sql ] [ DB ] CONNECT:[ UseTime:0.000620s ] mysql:host=127.0.0.1;dbname=secondclass;charset=utf8
[ sql ] [ SQL ] SHOW COLUMNS FROM `settinginfo` [ RunTime:0.000929s ]
[ sql ] [ SQL ] SELECT * FROM `settinginfo` LIMIT 1 [ RunTime:0.000302s ]
[ sql ] [ SQL ] SHOW COLUMNS FROM `sys_navinfo` [ RunTime:0.000758s ]
[ sql ] [ SQL ] SELECT * FROM `sys_navinfo` WHERE  `display` = 1 [ RunTime:0.000304s ]
[ sql ] [ SQL ] SHOW COLUMNS FROM `activeinfo` [ RunTime:0.000821s ]
[ sql ] [ SQL ] SELECT * FROM `activeinfo` WHERE  `switch` = 1 [ RunTime:0.000340s ]
[ sql ] [ SQL ] SELECT * FROM `activeinfo` WHERE  `id` = 51 LIMIT 1 [ RunTime:0.000288s ]
---------------------------------------------------------------
[ 2019-04-08T15:36:18+08:00 ] 220.181.125.179 GET www.gxfwz36524.com/secondclass/public/
[ sql ] [ DB ] CONNECT:[ UseTime:0.000651s ] mysql:host=127.0.0.1;dbname=secondclass;charset=utf8
[ sql ] [ SQL ] SHOW COLUMNS FROM `settinginfo` [ RunTime:0.000962s ]
[ sql ] [ SQL ] SELECT * FROM `settinginfo` LIMIT 1 [ RunTime:0.000294s ]
[ sql ] [ SQL ] SHOW COLUMNS FROM `sys_navinfo` [ RunTime:0.000760s ]
[ sql ] [ SQL ] SELECT * FROM `sys_navinfo` WHERE  `display` = 1 [ RunTime:0.000296s ]
[ sql ] [ SQL ] SHOW COLUMNS FROM `activeinfo` [ RunTime:0.000804s ]
[ sql ] [ SQL ] SELECT * FROM `activeinfo` WHERE  `switch` = 1 [ RunTime:0.000355s ]
[ sql ] [ SQL ] SELECT * FROM `activeinfo` WHERE  `switch` = 1 ORDER BY `time` DESC,`id` DESC [ RunTime:0.000378s ]
---------------------------------------------------------------
[ 2019-04-08T15:37:09+08:00 ] 220.181.125.179 GET www.gxfwz36524.com/secondclass/public/index.php/index/index/index
[ sql ] [ DB ] CONNECT:[ UseTime:0.000621s ] mysql:host=127.0.0.1;dbname=secondclass;charset=utf8
[ sql ] [ SQL ] SHOW COLUMNS FROM `settinginfo` [ RunTime:0.000939s ]
[ sql ] [ SQL ] SELECT * FROM `settinginfo` LIMIT 1 [ RunTime:0.000289s ]
[ sql ] [ SQL ] SHOW COLUMNS FROM `sys_navinfo` [ RunTime:0.000733s ]
[ sql ] [ SQL ] SELECT * FROM `sys_navinfo` WHERE  `display` = 1 [ RunTime:0.000311s ]
[ sql ] [ SQL ] SHOW COLUMNS FROM `activeinfo` [ RunTime:0.000807s ]
[ sql ] [ SQL ] SELECT * FROM `activeinfo` WHERE  `switch` = 1 [ RunTime:0.000341s ]
[ sql ] [ SQL ] SELECT * FROM `activeinfo` WHERE  `switch` = 1 ORDER BY `time` DESC,`id` DESC [ RunTime:0.000383s ]
---------------------------------------------------------------
[ 2019-04-08T15:38:31+08:00 ] 36.98.149.198 GET www.gxfwz36524.com/secondclass/public/index.php
[ sql ] [ DB ] CONNECT:[ UseTime:0.000631s ] mysql:host=127.0.0.1;dbname=secondclass;charset=utf8
[ sql ] [ SQL ] SHOW COLUMNS FROM `settinginfo` [ RunTime:0.000951s ]
[ sql ] [ SQL ] SELECT * FROM `settinginfo` LIMIT 1 [ RunTime:0.000302s ]
[ sql ] [ SQL ] SHOW COLUMNS FROM `sys_navinfo` [ RunTime:0.000757s ]
[ sql ] [ SQL ] SELECT * FROM `sys_navinfo` WHERE  `display` = 1 [ RunTime:0.000295s ]
[ sql ] [ SQL ] SHOW COLUMNS FROM `activeinfo` [ RunTime:0.000807s ]
[ sql ] [ SQL ] SELECT * FROM `activeinfo` WHERE  `switch` = 1 [ RunTime:0.000338s ]
[ sql ] [ SQL ] SELECT * FROM `activeinfo` WHERE  `switch` = 1 ORDER BY `time` DESC,`id` DESC [ RunTime:0.000372s ]
---------------------------------------------------------------
[ 2019-04-08T17:25:04+08:00 ] 36.98.149.198 GET www.gxfwz36524.com/secondclass/public/index.php
[ sql ] [ DB ] CONNECT:[ UseTime:0.000614s ] mysql:host=127.0.0.1;dbname=secondclass;charset=utf8
[ sql ] [ SQL ] SHOW COLUMNS FROM `settinginfo` [ RunTime:0.000948s ]
[ sql ] [ SQL ] SELECT * FROM `settinginfo` LIMIT 1 [ RunTime:0.000284s ]
[ sql ] [ SQL ] SHOW COLUMNS FROM `sys_navinfo` [ RunTime:0.000745s ]
[ sql ] [ SQL ] SELECT * FROM `sys_navinfo` WHERE  `display` = 1 [ RunTime:0.000294s ]
[ sql ] [ SQL ] SHOW COLUMNS FROM `activeinfo` [ RunTime:0.000817s ]
[ sql ] [ SQL ] SELECT * FROM `activeinfo` WHERE  `switch` = 1 [ RunTime:0.000358s ]
[ sql ] [ SQL ] SELECT * FROM `activeinfo` WHERE  `switch` = 1 ORDER BY `time` DESC,`id` DESC [ RunTime:0.000368s ]
---------------------------------------------------------------
[ 2019-04-08T17:25:52+08:00 ] 36.98.149.198 POST www.gxfwz36524.com/secondclass/public/index.php/index/index/cheakuser
[ sql ] [ DB ] CONNECT:[ UseTime:0.000861s ] mysql:host=127.0.0.1;dbname=secondclass;charset=utf8
[ sql ] [ SQL ] SHOW COLUMNS FROM `settinginfo` [ RunTime:0.001303s ]
[ sql ] [ SQL ] SELECT * FROM `settinginfo` LIMIT 1 [ RunTime:0.000405s ]
[ sql ] [ SQL ] SHOW COLUMNS FROM `sys_navinfo` [ RunTime:0.001067s ]
[ sql ] [ SQL ] SELECT * FROM `sys_navinfo` WHERE  `display` = 1 [ RunTime:0.000442s ]
[ sql ] [ SQL ] SHOW COLUMNS FROM `activeinfo` [ RunTime:0.001133s ]
[ sql ] [ SQL ] SELECT * FROM `activeinfo` WHERE  `switch` = 1 [ RunTime:0.000510s ]
[ sql ] [ SQL ] SHOW COLUMNS FROM `activeuserinfo` [ RunTime:0.001469s ]
[ sql ] [ SQL ] SELECT * FROM `activeuserinfo` WHERE  `schoolnum` = '2016512981' LIMIT 1 [ RunTime:0.000988s ]
---------------------------------------------------------------
[ 2019-04-08T17:25:54+08:00 ] 36.98.149.198 GET www.gxfwz36524.com/secondclass/public/index.php/index/index/index.html
[ sql ] [ DB ] CONNECT:[ UseTime:0.000649s ] mysql:host=127.0.0.1;dbname=secondclass;charset=utf8
[ sql ] [ SQL ] SHOW COLUMNS FROM `settinginfo` [ RunTime:0.000997s ]
[ sql ] [ SQL ] SELECT * FROM `settinginfo` LIMIT 1 [ RunTime:0.000304s ]
[ sql ] [ SQL ] SHOW COLUMNS FROM `sys_navinfo` [ RunTime:0.000765s ]
[ sql ] [ SQL ] SELECT * FROM `sys_navinfo` WHERE  `display` = 1 [ RunTime:0.000332s ]
[ sql ] [ SQL ] SHOW COLUMNS FROM `activeinfo` [ RunTime:0.000859s ]
[ sql ] [ SQL ] SELECT * FROM `activeinfo` WHERE  `switch` = 1 [ RunTime:0.000343s ]
[ sql ] [ SQL ] SELECT * FROM `activeinfo` WHERE  `switch` = 1 ORDER BY `time` DESC,`id` DESC [ RunTime:0.000418s ]
---------------------------------------------------------------
[ 2019-04-08T17:25:57+08:00 ] 36.98.149.198 GET www.gxfwz36524.com/secondclass/public/index.php/index/index/personal.html
[ sql ] [ DB ] CONNECT:[ UseTime:0.000690s ] mysql:host=127.0.0.1;dbname=secondclass;charset=utf8
[ sql ] [ SQL ] SHOW COLUMNS FROM `settinginfo` [ RunTime:0.000942s ]
[ sql ] [ SQL ] SELECT * FROM `settinginfo` LIMIT 1 [ RunTime:0.000331s ]
[ sql ] [ SQL ] SHOW COLUMNS FROM `sys_navinfo` [ RunTime:0.000969s ]
[ sql ] [ SQL ] SELECT * FROM `sys_navinfo` WHERE  `display` = 1 [ RunTime:0.000383s ]
[ sql ] [ SQL ] SHOW COLUMNS FROM `activeinfo` [ RunTime:0.000891s ]
[ sql ] [ SQL ] SELECT * FROM `activeinfo` WHERE  `switch` = 1 [ RunTime:0.000402s ]
[ sql ] [ SQL ] SHOW COLUMNS FROM `activejoin` [ RunTime:0.000771s ]
[ sql ] [ SQL ] SELECT `typeid` FROM `activejoin` WHERE  `schoolnum` = '2016512981'  AND `switch` = 1 [ RunTime:0.000409s ]
[ sql ] [ SQL ] SHOW COLUMNS FROM `activescore` [ RunTime:0.000781s ]
[ sql ] [ SQL ] SELECT * FROM `activescore` WHERE  `schoolnum` = '2016512981' ORDER BY `actives` ASC [ RunTime:0.000469s ]
[ sql ] [ SQL ] SELECT * FROM `activeinfo` WHERE  `id` = 53 LIMIT 1 [ RunTime:0.000293s ]
[ sql ] [ SQL ] SHOW COLUMNS FROM `activesort` [ RunTime:0.000706s ]
[ sql ] [ SQL ] SELECT `title` FROM `activesort` WHERE  `id` = 7 LIMIT 1 [ RunTime:0.000240s ]
[ sql ] [ SQL ] SELECT * FROM `activeinfo` WHERE  `id` = 61 LIMIT 1 [ RunTime:0.000324s ]
[ sql ] [ SQL ] SELECT `title` FROM `activesort` WHERE  `id` = 5 LIMIT 1 [ RunTime:0.000233s ]
---------------------------------------------------------------
[ 2019-04-08T17:26:00+08:00 ] 36.98.149.198 GET www.gxfwz36524.com/secondclass/public/index.php/index/index/index.html
[ sql ] [ DB ] CONNECT:[ UseTime:0.000635s ] mysql:host=127.0.0.1;dbname=secondclass;charset=utf8
[ sql ] [ SQL ] SHOW COLUMNS FROM `settinginfo` [ RunTime:0.000934s ]
[ sql ] [ SQL ] SELECT * FROM `settinginfo` LIMIT 1 [ RunTime:0.000282s ]
[ sql ] [ SQL ] SHOW COLUMNS FROM `sys_navinfo` [ RunTime:0.000747s ]
[ sql ] [ SQL ] SELECT * FROM `sys_navinfo` WHERE  `display` = 1 [ RunTime:0.000292s ]
[ sql ] [ SQL ] SHOW COLUMNS FROM `activeinfo` [ RunTime:0.000790s ]
[ sql ] [ SQL ] SELECT * FROM `activeinfo` WHERE  `switch` = 1 [ RunTime:0.000352s ]
[ sql ] [ SQL ] SELECT * FROM `activeinfo` WHERE  `switch` = 1 ORDER BY `time` DESC,`id` DESC [ RunTime:0.000371s ]
---------------------------------------------------------------
[ 2019-04-08T17:26:02+08:00 ] 36.98.149.198 GET www.gxfwz36524.com/secondclass/public/index.php/index/index/news/id/54.html
[ sql ] [ DB ] CONNECT:[ UseTime:0.000820s ] mysql:host=127.0.0.1;dbname=secondclass;charset=utf8
[ sql ] [ SQL ] SHOW COLUMNS FROM `settinginfo` [ RunTime:0.001295s ]
[ sql ] [ SQL ] SELECT * FROM `settinginfo` LIMIT 1 [ RunTime:0.000390s ]
[ sql ] [ SQL ] SHOW COLUMNS FROM `sys_navinfo` [ RunTime:0.001055s ]
[ sql ] [ SQL ] SELECT * FROM `sys_navinfo` WHERE  `display` = 1 [ RunTime:0.000413s ]
[ sql ] [ SQL ] SHOW COLUMNS FROM `activeinfo` [ RunTime:0.001122s ]
[ sql ] [ SQL ] SELECT * FROM `activeinfo` WHERE  `switch` = 1 [ RunTime:0.000491s ]
[ sql ] [ SQL ] SELECT * FROM `activeinfo` WHERE  `id` = 54 LIMIT 1 [ RunTime:0.000410s ]
---------------------------------------------------------------
[ 2019-04-08T17:26:03+08:00 ] 36.98.149.198 POST www.gxfwz36524.com/secondclass/public/index.php/index/index/isjoin
[ sql ] [ DB ] CONNECT:[ UseTime:0.000708s ] mysql:host=127.0.0.1;dbname=secondclass;charset=utf8
[ sql ] [ SQL ] SHOW COLUMNS FROM `settinginfo` [ RunTime:0.001035s ]
[ sql ] [ SQL ] SELECT * FROM `settinginfo` LIMIT 1 [ RunTime:0.000320s ]
[ sql ] [ SQL ] SHOW COLUMNS FROM `sys_navinfo` [ RunTime:0.000795s ]
[ sql ] [ SQL ] SELECT * FROM `sys_navinfo` WHERE  `display` = 1 [ RunTime:0.000331s ]
[ sql ] [ SQL ] SHOW COLUMNS FROM `activeinfo` [ RunTime:0.000860s ]
[ sql ] [ SQL ] SELECT * FROM `activeinfo` WHERE  `switch` = 1 [ RunTime:0.000374s ]
[ sql ] [ SQL ] SELECT * FROM `activeinfo` WHERE  `id` = 54 LIMIT 1 [ RunTime:0.000326s ]
---------------------------------------------------------------
[ 2019-04-08T23:18:39+08:00 ] 58.250.125.78 GET www.gxfwz36524.com/secondclass/public/index.php/index/index/newslist
[ sql ] [ DB ] CONNECT:[ UseTime:0.000674s ] mysql:host=127.0.0.1;dbname=secondclass;charset=utf8
[ sql ] [ SQL ] SHOW COLUMNS FROM `settinginfo` [ RunTime:0.001030s ]
[ sql ] [ SQL ] SELECT * FROM `settinginfo` LIMIT 1 [ RunTime:0.000336s ]
[ sql ] [ SQL ] SHOW COLUMNS FROM `sys_navinfo` [ RunTime:0.000850s ]
[ sql ] [ SQL ] SELECT * FROM `sys_navinfo` WHERE  `display` = 1 [ RunTime:0.000306s ]
[ sql ] [ SQL ] SHOW COLUMNS FROM `activeinfo` [ RunTime:0.000839s ]
[ sql ] [ SQL ] SELECT * FROM `activeinfo` WHERE  `switch` = 1 [ RunTime:0.000358s ]
[ sql ] [ SQL ] SELECT * FROM `activeinfo` ORDER BY `time` DESC LIMIT 0,5 [ RunTime:0.000331s ]
