---------------------------------------------------------------
[ 2019-04-09T09:01:48+08:00 ] 221.192.178.160 GET www.gxfwz36524.com/secondclass/public/index.php/index/index/index
[ sql ] [ DB ] CONNECT:[ UseTime:0.000668s ] mysql:host=127.0.0.1;dbname=secondclass;charset=utf8
[ sql ] [ SQL ] SHOW COLUMNS FROM `settinginfo` [ RunTime:0.001093s ]
[ sql ] [ SQL ] SELECT * FROM `settinginfo` LIMIT 1 [ RunTime:0.000339s ]
[ sql ] [ SQL ] SHOW COLUMNS FROM `sys_navinfo` [ RunTime:0.000769s ]
[ sql ] [ SQL ] SELECT * FROM `sys_navinfo` WHERE  `display` = 1 [ RunTime:0.000318s ]
[ sql ] [ SQL ] SHOW COLUMNS FROM `activeinfo` [ RunTime:0.000864s ]
[ sql ] [ SQL ] SELECT * FROM `activeinfo` WHERE  `switch` = 1 [ RunTime:0.000347s ]
[ sql ] [ SQL ] SELECT * FROM `activeinfo` WHERE  `switch` = 1 ORDER BY `time` DESC,`id` DESC [ RunTime:0.000395s ]
---------------------------------------------------------------
[ 2019-04-09T09:01:55+08:00 ] 221.192.178.146 GET www.gxfwz36524.com/secondclass/public/index.php/index/index/index
[ sql ] [ DB ] CONNECT:[ UseTime:0.000669s ] mysql:host=127.0.0.1;dbname=secondclass;charset=utf8
[ sql ] [ SQL ] SHOW COLUMNS FROM `settinginfo` [ RunTime:0.001073s ]
[ sql ] [ SQL ] SELECT * FROM `settinginfo` LIMIT 1 [ RunTime:0.000347s ]
[ sql ] [ SQL ] SHOW COLUMNS FROM `sys_navinfo` [ RunTime:0.000821s ]
[ sql ] [ SQL ] SELECT * FROM `sys_navinfo` WHERE  `display` = 1 [ RunTime:0.000345s ]
[ sql ] [ SQL ] SHOW COLUMNS FROM `activeinfo` [ RunTime:0.000847s ]
[ sql ] [ SQL ] SELECT * FROM `activeinfo` WHERE  `switch` = 1 [ RunTime:0.000382s ]
[ sql ] [ SQL ] SELECT * FROM `activeinfo` WHERE  `switch` = 1 ORDER BY `time` DESC,`id` DESC [ RunTime:0.000403s ]
---------------------------------------------------------------
[ 2019-04-09T09:02:15+08:00 ] 221.192.178.160 POST www.gxfwz36524.com/secondclass/public/index.php/index/index/cheakuser
[ sql ] [ DB ] CONNECT:[ UseTime:0.000633s ] mysql:host=127.0.0.1;dbname=secondclass;charset=utf8
[ sql ] [ SQL ] SHOW COLUMNS FROM `settinginfo` [ RunTime:0.000942s ]
[ sql ] [ SQL ] SELECT * FROM `settinginfo` LIMIT 1 [ RunTime:0.000291s ]
[ sql ] [ SQL ] SHOW COLUMNS FROM `sys_navinfo` [ RunTime:0.000769s ]
[ sql ] [ SQL ] SELECT * FROM `sys_navinfo` WHERE  `display` = 1 [ RunTime:0.000315s ]
[ sql ] [ SQL ] SHOW COLUMNS FROM `activeinfo` [ RunTime:0.000821s ]
[ sql ] [ SQL ] SELECT * FROM `activeinfo` WHERE  `switch` = 1 [ RunTime:0.000334s ]
---------------------------------------------------------------
[ 2019-04-09T09:02:24+08:00 ] 221.192.178.146 POST www.gxfwz36524.com/secondclass/public/index.php/index/index/cheakuser
[ sql ] [ DB ] CONNECT:[ UseTime:0.000619s ] mysql:host=127.0.0.1;dbname=secondclass;charset=utf8
[ sql ] [ SQL ] SHOW COLUMNS FROM `settinginfo` [ RunTime:0.001093s ]
[ sql ] [ SQL ] SELECT * FROM `settinginfo` LIMIT 1 [ RunTime:0.000377s ]
[ sql ] [ SQL ] SHOW COLUMNS FROM `sys_navinfo` [ RunTime:0.001017s ]
[ sql ] [ SQL ] SELECT * FROM `sys_navinfo` WHERE  `display` = 1 [ RunTime:0.000394s ]
[ sql ] [ SQL ] SHOW COLUMNS FROM `activeinfo` [ RunTime:0.001096s ]
[ sql ] [ SQL ] SELECT * FROM `activeinfo` WHERE  `switch` = 1 [ RunTime:0.000451s ]
[ sql ] [ SQL ] SHOW COLUMNS FROM `activeuserinfo` [ RunTime:0.001121s ]
[ sql ] [ SQL ] SELECT * FROM `activeuserinfo` WHERE  `schoolnum` = '2016512295' LIMIT 1 [ RunTime:0.000672s ]
---------------------------------------------------------------
[ 2019-04-09T09:02:26+08:00 ] 221.192.178.160 POST www.gxfwz36524.com/secondclass/public/index.php/index/index/cheakuser
[ sql ] [ DB ] CONNECT:[ UseTime:0.000697s ] mysql:host=127.0.0.1;dbname=secondclass;charset=utf8
[ sql ] [ SQL ] SHOW COLUMNS FROM `settinginfo` [ RunTime:0.000968s ]
[ sql ] [ SQL ] SELECT * FROM `settinginfo` LIMIT 1 [ RunTime:0.000301s ]
[ sql ] [ SQL ] SHOW COLUMNS FROM `sys_navinfo` [ RunTime:0.000753s ]
[ sql ] [ SQL ] SELECT * FROM `sys_navinfo` WHERE  `display` = 1 [ RunTime:0.000314s ]
[ sql ] [ SQL ] SHOW COLUMNS FROM `activeinfo` [ RunTime:0.000808s ]
[ sql ] [ SQL ] SELECT * FROM `activeinfo` WHERE  `switch` = 1 [ RunTime:0.000387s ]
---------------------------------------------------------------
[ 2019-04-09T09:02:29+08:00 ] 221.192.178.160 GET www.gxfwz36524.com/secondclass/public/index.php/index/index/index.html
[ sql ] [ DB ] CONNECT:[ UseTime:0.000634s ] mysql:host=127.0.0.1;dbname=secondclass;charset=utf8
[ sql ] [ SQL ] SHOW COLUMNS FROM `settinginfo` [ RunTime:0.001060s ]
[ sql ] [ SQL ] SELECT * FROM `settinginfo` LIMIT 1 [ RunTime:0.000301s ]
[ sql ] [ SQL ] SHOW COLUMNS FROM `sys_navinfo` [ RunTime:0.000878s ]
[ sql ] [ SQL ] SELECT * FROM `sys_navinfo` WHERE  `display` = 1 [ RunTime:0.000363s ]
[ sql ] [ SQL ] SHOW COLUMNS FROM `activeinfo` [ RunTime:0.001023s ]
[ sql ] [ SQL ] SELECT * FROM `activeinfo` WHERE  `switch` = 1 [ RunTime:0.000444s ]
[ sql ] [ SQL ] SELECT * FROM `activeinfo` WHERE  `switch` = 1 ORDER BY `time` DESC,`id` DESC [ RunTime:0.000398s ]
---------------------------------------------------------------
[ 2019-04-09T09:02:30+08:00 ] 221.192.178.146 GET www.gxfwz36524.com/secondclass/public/index.php/index/index/index.html
[ sql ] [ DB ] CONNECT:[ UseTime:0.000617s ] mysql:host=127.0.0.1;dbname=secondclass;charset=utf8
[ sql ] [ SQL ] SHOW COLUMNS FROM `settinginfo` [ RunTime:0.000932s ]
[ sql ] [ SQL ] SELECT * FROM `settinginfo` LIMIT 1 [ RunTime:0.000299s ]
[ sql ] [ SQL ] SHOW COLUMNS FROM `sys_navinfo` [ RunTime:0.000870s ]
[ sql ] [ SQL ] SELECT * FROM `sys_navinfo` WHERE  `display` = 1 [ RunTime:0.000305s ]
[ sql ] [ SQL ] SHOW COLUMNS FROM `activeinfo` [ RunTime:0.000830s ]
[ sql ] [ SQL ] SELECT * FROM `activeinfo` WHERE  `switch` = 1 [ RunTime:0.000423s ]
[ sql ] [ SQL ] SELECT * FROM `activeinfo` WHERE  `switch` = 1 ORDER BY `time` DESC,`id` DESC [ RunTime:0.000377s ]
---------------------------------------------------------------
[ 2019-04-09T09:02:32+08:00 ] 221.192.178.146 GET www.gxfwz36524.com/secondclass/public/index.php/index/index/personal.html
[ sql ] [ DB ] CONNECT:[ UseTime:0.000639s ] mysql:host=127.0.0.1;dbname=secondclass;charset=utf8
[ sql ] [ SQL ] SHOW COLUMNS FROM `settinginfo` [ RunTime:0.000958s ]
[ sql ] [ SQL ] SELECT * FROM `settinginfo` LIMIT 1 [ RunTime:0.000305s ]
[ sql ] [ SQL ] SHOW COLUMNS FROM `sys_navinfo` [ RunTime:0.000760s ]
[ sql ] [ SQL ] SELECT * FROM `sys_navinfo` WHERE  `display` = 1 [ RunTime:0.000317s ]
[ sql ] [ SQL ] SHOW COLUMNS FROM `activeinfo` [ RunTime:0.000820s ]
[ sql ] [ SQL ] SELECT * FROM `activeinfo` WHERE  `switch` = 1 [ RunTime:0.000334s ]
[ sql ] [ SQL ] SHOW COLUMNS FROM `activejoin` [ RunTime:0.000800s ]
[ sql ] [ SQL ] SELECT `typeid` FROM `activejoin` WHERE  `schoolnum` = '2016512295'  AND `switch` = 1 [ RunTime:0.000456s ]
[ sql ] [ SQL ] SHOW COLUMNS FROM `activescore` [ RunTime:0.000744s ]
[ sql ] [ SQL ] SELECT * FROM `activescore` WHERE  `schoolnum` = '2016512295' ORDER BY `actives` ASC [ RunTime:0.000453s ]
---------------------------------------------------------------
[ 2019-04-09T09:02:33+08:00 ] 59.36.119.227 GET www.gxfwz36524.com/secondclass/public/index.php/index/index/personal.html
[ sql ] [ DB ] CONNECT:[ UseTime:0.000639s ] mysql:host=127.0.0.1;dbname=secondclass;charset=utf8
[ sql ] [ SQL ] SHOW COLUMNS FROM `settinginfo` [ RunTime:0.000960s ]
[ sql ] [ SQL ] SELECT * FROM `settinginfo` LIMIT 1 [ RunTime:0.000289s ]
[ sql ] [ SQL ] SHOW COLUMNS FROM `sys_navinfo` [ RunTime:0.000766s ]
[ sql ] [ SQL ] SELECT * FROM `sys_navinfo` WHERE  `display` = 1 [ RunTime:0.000311s ]
[ sql ] [ SQL ] SHOW COLUMNS FROM `activeinfo` [ RunTime:0.000819s ]
[ sql ] [ SQL ] SELECT * FROM `activeinfo` WHERE  `switch` = 1 [ RunTime:0.000352s ]
---------------------------------------------------------------
[ 2019-04-09T09:02:33+08:00 ] 59.36.119.227 GET www.gxfwz36524.com/secondclass/public/index.php/index/index/index.html
[ sql ] [ DB ] CONNECT:[ UseTime:0.000657s ] mysql:host=127.0.0.1;dbname=secondclass;charset=utf8
[ sql ] [ SQL ] SHOW COLUMNS FROM `settinginfo` [ RunTime:0.000987s ]
[ sql ] [ SQL ] SELECT * FROM `settinginfo` LIMIT 1 [ RunTime:0.000303s ]
[ sql ] [ SQL ] SHOW COLUMNS FROM `sys_navinfo` [ RunTime:0.000757s ]
[ sql ] [ SQL ] SELECT * FROM `sys_navinfo` WHERE  `display` = 1 [ RunTime:0.000319s ]
[ sql ] [ SQL ] SHOW COLUMNS FROM `activeinfo` [ RunTime:0.000837s ]
[ sql ] [ SQL ] SELECT * FROM `activeinfo` WHERE  `switch` = 1 [ RunTime:0.000341s ]
[ sql ] [ SQL ] SELECT * FROM `activeinfo` WHERE  `switch` = 1 ORDER BY `time` DESC,`id` DESC [ RunTime:0.000389s ]
---------------------------------------------------------------
[ 2019-04-09T09:02:37+08:00 ] 221.192.178.146 GET www.gxfwz36524.com/secondclass/public/index.php/index/index/personal.html
[ sql ] [ DB ] CONNECT:[ UseTime:0.000759s ] mysql:host=127.0.0.1;dbname=secondclass;charset=utf8
[ sql ] [ SQL ] SHOW COLUMNS FROM `settinginfo` [ RunTime:0.001236s ]
[ sql ] [ SQL ] SELECT * FROM `settinginfo` LIMIT 1 [ RunTime:0.000338s ]
[ sql ] [ SQL ] SHOW COLUMNS FROM `sys_navinfo` [ RunTime:0.000791s ]
[ sql ] [ SQL ] SELECT * FROM `sys_navinfo` WHERE  `display` = 1 [ RunTime:0.000324s ]
[ sql ] [ SQL ] SHOW COLUMNS FROM `activeinfo` [ RunTime:0.000825s ]
[ sql ] [ SQL ] SELECT * FROM `activeinfo` WHERE  `switch` = 1 [ RunTime:0.000346s ]
[ sql ] [ SQL ] SHOW COLUMNS FROM `activejoin` [ RunTime:0.000826s ]
[ sql ] [ SQL ] SELECT `typeid` FROM `activejoin` WHERE  `schoolnum` = '2016512295'  AND `switch` = 1 [ RunTime:0.000502s ]
[ sql ] [ SQL ] SHOW COLUMNS FROM `activescore` [ RunTime:0.000739s ]
[ sql ] [ SQL ] SELECT * FROM `activescore` WHERE  `schoolnum` = '2016512295' ORDER BY `actives` ASC [ RunTime:0.000524s ]
---------------------------------------------------------------
[ 2019-04-09T09:02:44+08:00 ] 221.192.178.146 GET www.gxfwz36524.com/secondclass/public/index.php/index/index/personal.html
[ sql ] [ DB ] CONNECT:[ UseTime:0.000624s ] mysql:host=127.0.0.1;dbname=secondclass;charset=utf8
[ sql ] [ SQL ] SHOW COLUMNS FROM `settinginfo` [ RunTime:0.001032s ]
[ sql ] [ SQL ] SELECT * FROM `settinginfo` LIMIT 1 [ RunTime:0.000303s ]
[ sql ] [ SQL ] SHOW COLUMNS FROM `sys_navinfo` [ RunTime:0.000843s ]
[ sql ] [ SQL ] SELECT * FROM `sys_navinfo` WHERE  `display` = 1 [ RunTime:0.000321s ]
[ sql ] [ SQL ] SHOW COLUMNS FROM `activeinfo` [ RunTime:0.000813s ]
[ sql ] [ SQL ] SELECT * FROM `activeinfo` WHERE  `switch` = 1 [ RunTime:0.000344s ]
[ sql ] [ SQL ] SHOW COLUMNS FROM `activejoin` [ RunTime:0.000798s ]
[ sql ] [ SQL ] SELECT `typeid` FROM `activejoin` WHERE  `schoolnum` = '2016512295'  AND `switch` = 1 [ RunTime:0.000464s ]
[ sql ] [ SQL ] SHOW COLUMNS FROM `activescore` [ RunTime:0.000783s ]
[ sql ] [ SQL ] SELECT * FROM `activescore` WHERE  `schoolnum` = '2016512295' ORDER BY `actives` ASC [ RunTime:0.000501s ]
---------------------------------------------------------------
[ 2019-04-09T09:02:48+08:00 ] 221.192.178.160 POST www.gxfwz36524.com/secondclass/public/index.php/index/index/cheakuser
[ sql ] [ DB ] CONNECT:[ UseTime:0.000693s ] mysql:host=127.0.0.1;dbname=secondclass;charset=utf8
[ sql ] [ SQL ] SHOW COLUMNS FROM `settinginfo` [ RunTime:0.001028s ]
[ sql ] [ SQL ] SELECT * FROM `settinginfo` LIMIT 1 [ RunTime:0.000306s ]
[ sql ] [ SQL ] SHOW COLUMNS FROM `sys_navinfo` [ RunTime:0.000813s ]
[ sql ] [ SQL ] SELECT * FROM `sys_navinfo` WHERE  `display` = 1 [ RunTime:0.000333s ]
[ sql ] [ SQL ] SHOW COLUMNS FROM `activeinfo` [ RunTime:0.000864s ]
[ sql ] [ SQL ] SELECT * FROM `activeinfo` WHERE  `switch` = 1 [ RunTime:0.000363s ]
[ sql ] [ SQL ] SHOW COLUMNS FROM `activeuserinfo` [ RunTime:0.001242s ]
[ sql ] [ SQL ] SELECT * FROM `activeuserinfo` WHERE  `schoolnum` = '2016512219' LIMIT 1 [ RunTime:0.000721s ]
---------------------------------------------------------------
[ 2019-04-09T09:02:51+08:00 ] 221.192.178.160 GET www.gxfwz36524.com/secondclass/public/index.php/index/index/index.html
[ sql ] [ DB ] CONNECT:[ UseTime:0.000667s ] mysql:host=127.0.0.1;dbname=secondclass;charset=utf8
[ sql ] [ SQL ] SHOW COLUMNS FROM `settinginfo` [ RunTime:0.001048s ]
[ sql ] [ SQL ] SELECT * FROM `settinginfo` LIMIT 1 [ RunTime:0.000348s ]
[ sql ] [ SQL ] SHOW COLUMNS FROM `sys_navinfo` [ RunTime:0.000751s ]
[ sql ] [ SQL ] SELECT * FROM `sys_navinfo` WHERE  `display` = 1 [ RunTime:0.000303s ]
[ sql ] [ SQL ] SHOW COLUMNS FROM `activeinfo` [ RunTime:0.000832s ]
[ sql ] [ SQL ] SELECT * FROM `activeinfo` WHERE  `switch` = 1 [ RunTime:0.000426s ]
[ sql ] [ SQL ] SELECT * FROM `activeinfo` WHERE  `switch` = 1 ORDER BY `time` DESC,`id` DESC [ RunTime:0.000475s ]
---------------------------------------------------------------
[ 2019-04-09T09:03:01+08:00 ] 221.192.178.160 GET www.gxfwz36524.com/secondclass/public/index.php/index/index/personal.html
[ sql ] [ DB ] CONNECT:[ UseTime:0.000687s ] mysql:host=127.0.0.1;dbname=secondclass;charset=utf8
[ sql ] [ SQL ] SHOW COLUMNS FROM `settinginfo` [ RunTime:0.001000s ]
[ sql ] [ SQL ] SELECT * FROM `settinginfo` LIMIT 1 [ RunTime:0.000291s ]
[ sql ] [ SQL ] SHOW COLUMNS FROM `sys_navinfo` [ RunTime:0.000807s ]
[ sql ] [ SQL ] SELECT * FROM `sys_navinfo` WHERE  `display` = 1 [ RunTime:0.000365s ]
[ sql ] [ SQL ] SHOW COLUMNS FROM `activeinfo` [ RunTime:0.000882s ]
[ sql ] [ SQL ] SELECT * FROM `activeinfo` WHERE  `switch` = 1 [ RunTime:0.000381s ]
[ sql ] [ SQL ] SHOW COLUMNS FROM `activejoin` [ RunTime:0.000838s ]
[ sql ] [ SQL ] SELECT `typeid` FROM `activejoin` WHERE  `schoolnum` = '2016512219'  AND `switch` = 1 [ RunTime:0.000413s ]
[ sql ] [ SQL ] SHOW COLUMNS FROM `activescore` [ RunTime:0.000732s ]
[ sql ] [ SQL ] SELECT * FROM `activescore` WHERE  `schoolnum` = '2016512219' ORDER BY `actives` ASC [ RunTime:0.000466s ]
---------------------------------------------------------------
[ 2019-04-09T09:03:22+08:00 ] 221.192.178.160 POST www.gxfwz36524.com/secondclass/public/index.php/index/index/quit
[ sql ] [ DB ] CONNECT:[ UseTime:0.000605s ] mysql:host=127.0.0.1;dbname=secondclass;charset=utf8
[ sql ] [ SQL ] SHOW COLUMNS FROM `settinginfo` [ RunTime:0.000972s ]
[ sql ] [ SQL ] SELECT * FROM `settinginfo` LIMIT 1 [ RunTime:0.000307s ]
[ sql ] [ SQL ] SHOW COLUMNS FROM `sys_navinfo` [ RunTime:0.000768s ]
[ sql ] [ SQL ] SELECT * FROM `sys_navinfo` WHERE  `display` = 1 [ RunTime:0.000296s ]
[ sql ] [ SQL ] SHOW COLUMNS FROM `activeinfo` [ RunTime:0.000811s ]
[ sql ] [ SQL ] SELECT * FROM `activeinfo` WHERE  `switch` = 1 [ RunTime:0.000459s ]
---------------------------------------------------------------
[ 2019-04-09T09:03:25+08:00 ] 221.192.178.160 GET www.gxfwz36524.com/secondclass/public/index.php/index/index/personal.html
[ sql ] [ DB ] CONNECT:[ UseTime:0.000717s ] mysql:host=127.0.0.1;dbname=secondclass;charset=utf8
[ sql ] [ SQL ] SHOW COLUMNS FROM `settinginfo` [ RunTime:0.001028s ]
[ sql ] [ SQL ] SELECT * FROM `settinginfo` LIMIT 1 [ RunTime:0.000296s ]
[ sql ] [ SQL ] SHOW COLUMNS FROM `sys_navinfo` [ RunTime:0.000824s ]
[ sql ] [ SQL ] SELECT * FROM `sys_navinfo` WHERE  `display` = 1 [ RunTime:0.000321s ]
[ sql ] [ SQL ] SHOW COLUMNS FROM `activeinfo` [ RunTime:0.000912s ]
[ sql ] [ SQL ] SELECT * FROM `activeinfo` WHERE  `switch` = 1 [ RunTime:0.000418s ]
---------------------------------------------------------------
[ 2019-04-09T09:03:25+08:00 ] 221.192.178.160 GET www.gxfwz36524.com/secondclass/public/index.php/index/index/index.html
[ sql ] [ DB ] CONNECT:[ UseTime:0.000610s ] mysql:host=127.0.0.1;dbname=secondclass;charset=utf8
[ sql ] [ SQL ] SHOW COLUMNS FROM `settinginfo` [ RunTime:0.000985s ]
[ sql ] [ SQL ] SELECT * FROM `settinginfo` LIMIT 1 [ RunTime:0.000299s ]
[ sql ] [ SQL ] SHOW COLUMNS FROM `sys_navinfo` [ RunTime:0.000734s ]
[ sql ] [ SQL ] SELECT * FROM `sys_navinfo` WHERE  `display` = 1 [ RunTime:0.000297s ]
[ sql ] [ SQL ] SHOW COLUMNS FROM `activeinfo` [ RunTime:0.000823s ]
[ sql ] [ SQL ] SELECT * FROM `activeinfo` WHERE  `switch` = 1 [ RunTime:0.000378s ]
[ sql ] [ SQL ] SELECT * FROM `activeinfo` WHERE  `switch` = 1 ORDER BY `time` DESC,`id` DESC [ RunTime:0.000378s ]
---------------------------------------------------------------
[ 2019-04-09T16:50:15+08:00 ] 106.11.155.71 GET www.gxfwz36524.com/secondclass/public/index.php/index/index/news/id/55.html
[ sql ] [ DB ] CONNECT:[ UseTime:0.000633s ] mysql:host=127.0.0.1;dbname=secondclass;charset=utf8
[ sql ] [ SQL ] SHOW COLUMNS FROM `settinginfo` [ RunTime:0.000948s ]
[ sql ] [ SQL ] SELECT * FROM `settinginfo` LIMIT 1 [ RunTime:0.000280s ]
[ sql ] [ SQL ] SHOW COLUMNS FROM `sys_navinfo` [ RunTime:0.000780s ]
[ sql ] [ SQL ] SELECT * FROM `sys_navinfo` WHERE  `display` = 1 [ RunTime:0.000439s ]
[ sql ] [ SQL ] SHOW COLUMNS FROM `activeinfo` [ RunTime:0.000814s ]
[ sql ] [ SQL ] SELECT * FROM `activeinfo` WHERE  `switch` = 1 [ RunTime:0.000335s ]
[ sql ] [ SQL ] SELECT * FROM `activeinfo` WHERE  `id` = 55 LIMIT 1 [ RunTime:0.000306s ]
