---------------------------------------------------------------
[ 2019-04-11T02:01:56+08:00 ] 101.200.101.201 GET www.gxfwz36524.com/secondclass/public/index.php/index/index/news/id/55.html
[ sql ] [ DB ] CONNECT:[ UseTime:0.000658s ] mysql:host=127.0.0.1;dbname=secondclass;charset=utf8
[ sql ] [ SQL ] SHOW COLUMNS FROM `settinginfo` [ RunTime:0.001012s ]
[ sql ] [ SQL ] SELECT * FROM `settinginfo` LIMIT 1 [ RunTime:0.000308s ]
[ sql ] [ SQL ] SHOW COLUMNS FROM `sys_navinfo` [ RunTime:0.000806s ]
[ sql ] [ SQL ] SELECT * FROM `sys_navinfo` WHERE  `display` = 1 [ RunTime:0.000309s ]
[ sql ] [ SQL ] SHOW COLUMNS FROM `activeinfo` [ RunTime:0.000849s ]
[ sql ] [ SQL ] SELECT * FROM `activeinfo` WHERE  `switch` = 1 [ RunTime:0.000348s ]
[ sql ] [ SQL ] SELECT * FROM `activeinfo` WHERE  `id` = 55 LIMIT 1 [ RunTime:0.000288s ]
---------------------------------------------------------------
[ 2019-04-11T09:23:58+08:00 ] 66.249.79.90 GET www.gxfwz36524.com/secondclass/public/index.php/index/index/join
[ sql ] [ DB ] CONNECT:[ UseTime:0.000620s ] mysql:host=127.0.0.1;dbname=secondclass;charset=utf8
[ sql ] [ SQL ] SHOW COLUMNS FROM `settinginfo` [ RunTime:0.001023s ]
[ sql ] [ SQL ] SELECT * FROM `settinginfo` LIMIT 1 [ RunTime:0.000296s ]
[ sql ] [ SQL ] SHOW COLUMNS FROM `sys_navinfo` [ RunTime:0.000805s ]
[ sql ] [ SQL ] SELECT * FROM `sys_navinfo` WHERE  `display` = 1 [ RunTime:0.000300s ]
[ sql ] [ SQL ] SHOW COLUMNS FROM `activeinfo` [ RunTime:0.000845s ]
[ sql ] [ SQL ] SELECT * FROM `activeinfo` WHERE  `switch` = 1 [ RunTime:0.000389s ]
[ error ] [8]未定义数组索引: id
---------------------------------------------------------------
[ 2019-04-11T09:24:15+08:00 ] 66.249.79.90 GET www.gxfwz36524.com/secondclass/public/index.php/index/index/isjoin
[ sql ] [ DB ] CONNECT:[ UseTime:0.000636s ] mysql:host=127.0.0.1;dbname=secondclass;charset=utf8
[ sql ] [ SQL ] SHOW COLUMNS FROM `settinginfo` [ RunTime:0.001052s ]
[ sql ] [ SQL ] SELECT * FROM `settinginfo` LIMIT 1 [ RunTime:0.000341s ]
[ sql ] [ SQL ] SHOW COLUMNS FROM `sys_navinfo` [ RunTime:0.000854s ]
[ sql ] [ SQL ] SELECT * FROM `sys_navinfo` WHERE  `display` = 1 [ RunTime:0.000348s ]
[ sql ] [ SQL ] SHOW COLUMNS FROM `activeinfo` [ RunTime:0.000827s ]
[ sql ] [ SQL ] SELECT * FROM `activeinfo` WHERE  `switch` = 1 [ RunTime:0.000336s ]
[ error ] [8]未定义数组索引: id
---------------------------------------------------------------
[ 2019-04-11T09:25:27+08:00 ] 203.208.60.62 GET www.gxfwz36524.com/secondclass/public/index.php/index/index/newslist
[ sql ] [ DB ] CONNECT:[ UseTime:0.000672s ] mysql:host=127.0.0.1;dbname=secondclass;charset=utf8
[ sql ] [ SQL ] SHOW COLUMNS FROM `settinginfo` [ RunTime:0.001034s ]
[ sql ] [ SQL ] SELECT * FROM `settinginfo` LIMIT 1 [ RunTime:0.000307s ]
[ sql ] [ SQL ] SHOW COLUMNS FROM `sys_navinfo` [ RunTime:0.000759s ]
[ sql ] [ SQL ] SELECT * FROM `sys_navinfo` WHERE  `display` = 1 [ RunTime:0.000332s ]
[ sql ] [ SQL ] SHOW COLUMNS FROM `activeinfo` [ RunTime:0.000857s ]
[ sql ] [ SQL ] SELECT * FROM `activeinfo` WHERE  `switch` = 1 [ RunTime:0.000345s ]
[ sql ] [ SQL ] SELECT * FROM `activeinfo` ORDER BY `time` DESC LIMIT 0,5 [ RunTime:0.000368s ]
---------------------------------------------------------------
[ 2019-04-11T09:30:26+08:00 ] 203.208.60.14 GET www.gxfwz36524.com/secondclass/public/index.php/index/index/apply
[ sql ] [ DB ] CONNECT:[ UseTime:0.000684s ] mysql:host=127.0.0.1;dbname=secondclass;charset=utf8
[ sql ] [ SQL ] SHOW COLUMNS FROM `settinginfo` [ RunTime:0.000988s ]
[ sql ] [ SQL ] SELECT * FROM `settinginfo` LIMIT 1 [ RunTime:0.000289s ]
[ sql ] [ SQL ] SHOW COLUMNS FROM `sys_navinfo` [ RunTime:0.000770s ]
[ sql ] [ SQL ] SELECT * FROM `sys_navinfo` WHERE  `display` = 1 [ RunTime:0.000294s ]
[ sql ] [ SQL ] SHOW COLUMNS FROM `activeinfo` [ RunTime:0.000840s ]
[ sql ] [ SQL ] SELECT * FROM `activeinfo` WHERE  `switch` = 1 [ RunTime:0.000392s ]
---------------------------------------------------------------
[ 2019-04-11T12:29:07+08:00 ] 60.1.196.74 GET www.gxfwz36524.com/secondclass/public/index.php/index/index/index.html
[ sql ] [ DB ] CONNECT:[ UseTime:0.000607s ] mysql:host=127.0.0.1;dbname=secondclass;charset=utf8
[ sql ] [ SQL ] SHOW COLUMNS FROM `settinginfo` [ RunTime:0.000980s ]
[ sql ] [ SQL ] SELECT * FROM `settinginfo` LIMIT 1 [ RunTime:0.000286s ]
[ sql ] [ SQL ] SHOW COLUMNS FROM `sys_navinfo` [ RunTime:0.000752s ]
[ sql ] [ SQL ] SELECT * FROM `sys_navinfo` WHERE  `display` = 1 [ RunTime:0.000294s ]
[ sql ] [ SQL ] SHOW COLUMNS FROM `activeinfo` [ RunTime:0.000816s ]
[ sql ] [ SQL ] SELECT * FROM `activeinfo` WHERE  `switch` = 1 [ RunTime:0.000351s ]
[ sql ] [ SQL ] SELECT * FROM `activeinfo` WHERE  `switch` = 1 ORDER BY `time` DESC,`id` DESC [ RunTime:0.000379s ]
---------------------------------------------------------------
[ 2019-04-11T12:29:17+08:00 ] 60.1.196.74 POST www.gxfwz36524.com/secondclass/public/index.php/index/index/cheakuser
[ sql ] [ DB ] CONNECT:[ UseTime:0.000602s ] mysql:host=127.0.0.1;dbname=secondclass;charset=utf8
[ sql ] [ SQL ] SHOW COLUMNS FROM `settinginfo` [ RunTime:0.000933s ]
[ sql ] [ SQL ] SELECT * FROM `settinginfo` LIMIT 1 [ RunTime:0.000275s ]
[ sql ] [ SQL ] SHOW COLUMNS FROM `sys_navinfo` [ RunTime:0.000824s ]
[ sql ] [ SQL ] SELECT * FROM `sys_navinfo` WHERE  `display` = 1 [ RunTime:0.000295s ]
[ sql ] [ SQL ] SHOW COLUMNS FROM `activeinfo` [ RunTime:0.000787s ]
[ sql ] [ SQL ] SELECT * FROM `activeinfo` WHERE  `switch` = 1 [ RunTime:0.000352s ]
[ sql ] [ SQL ] SHOW COLUMNS FROM `activeuserinfo` [ RunTime:0.001267s ]
[ sql ] [ SQL ] SELECT * FROM `activeuserinfo` WHERE  `schoolnum` = '2018510469' LIMIT 1 [ RunTime:0.000493s ]
---------------------------------------------------------------
[ 2019-04-11T12:29:19+08:00 ] 60.1.196.74 GET www.gxfwz36524.com/secondclass/public/index.php/index/index/index.html
[ sql ] [ DB ] CONNECT:[ UseTime:0.000610s ] mysql:host=127.0.0.1;dbname=secondclass;charset=utf8
[ sql ] [ SQL ] SHOW COLUMNS FROM `settinginfo` [ RunTime:0.000933s ]
[ sql ] [ SQL ] SELECT * FROM `settinginfo` LIMIT 1 [ RunTime:0.000284s ]
[ sql ] [ SQL ] SHOW COLUMNS FROM `sys_navinfo` [ RunTime:0.000745s ]
[ sql ] [ SQL ] SELECT * FROM `sys_navinfo` WHERE  `display` = 1 [ RunTime:0.000289s ]
[ sql ] [ SQL ] SHOW COLUMNS FROM `activeinfo` [ RunTime:0.000808s ]
[ sql ] [ SQL ] SELECT * FROM `activeinfo` WHERE  `switch` = 1 [ RunTime:0.000346s ]
[ sql ] [ SQL ] SELECT * FROM `activeinfo` WHERE  `switch` = 1 ORDER BY `time` DESC,`id` DESC [ RunTime:0.000369s ]
---------------------------------------------------------------
[ 2019-04-11T12:29:21+08:00 ] 60.1.196.74 GET www.gxfwz36524.com/secondclass/public/index.php/index/index/personal.html
[ sql ] [ DB ] CONNECT:[ UseTime:0.000625s ] mysql:host=127.0.0.1;dbname=secondclass;charset=utf8
[ sql ] [ SQL ] SHOW COLUMNS FROM `settinginfo` [ RunTime:0.000978s ]
[ sql ] [ SQL ] SELECT * FROM `settinginfo` LIMIT 1 [ RunTime:0.000305s ]
[ sql ] [ SQL ] SHOW COLUMNS FROM `sys_navinfo` [ RunTime:0.000863s ]
[ sql ] [ SQL ] SELECT * FROM `sys_navinfo` WHERE  `display` = 1 [ RunTime:0.000319s ]
[ sql ] [ SQL ] SHOW COLUMNS FROM `activeinfo` [ RunTime:0.000806s ]
[ sql ] [ SQL ] SELECT * FROM `activeinfo` WHERE  `switch` = 1 [ RunTime:0.000340s ]
[ sql ] [ SQL ] SHOW COLUMNS FROM `activejoin` [ RunTime:0.000775s ]
[ sql ] [ SQL ] SELECT `typeid` FROM `activejoin` WHERE  `schoolnum` = '2018510469'  AND `switch` = 1 [ RunTime:0.000445s ]
[ sql ] [ SQL ] SHOW COLUMNS FROM `activescore` [ RunTime:0.000940s ]
[ sql ] [ SQL ] SELECT * FROM `activescore` WHERE  `schoolnum` = '2018510469' ORDER BY `actives` ASC [ RunTime:0.000481s ]
[ error ] [8]未定义数组下标: 0
---------------------------------------------------------------
[ 2019-04-11T13:59:22+08:00 ] 59.36.119.227 GET www.gxfwz36524.com/secondclass/public/index.php/index/index/index
[ sql ] [ DB ] CONNECT:[ UseTime:0.000655s ] mysql:host=127.0.0.1;dbname=secondclass;charset=utf8
[ sql ] [ SQL ] SHOW COLUMNS FROM `settinginfo` [ RunTime:0.000975s ]
[ sql ] [ SQL ] SELECT * FROM `settinginfo` LIMIT 1 [ RunTime:0.000318s ]
[ sql ] [ SQL ] SHOW COLUMNS FROM `sys_navinfo` [ RunTime:0.000773s ]
[ sql ] [ SQL ] SELECT * FROM `sys_navinfo` WHERE  `display` = 1 [ RunTime:0.000309s ]
[ sql ] [ SQL ] SHOW COLUMNS FROM `activeinfo` [ RunTime:0.000833s ]
[ sql ] [ SQL ] SELECT * FROM `activeinfo` WHERE  `switch` = 1 [ RunTime:0.000343s ]
[ sql ] [ SQL ] SELECT * FROM `activeinfo` WHERE  `switch` = 1 ORDER BY `time` DESC,`id` DESC [ RunTime:0.000375s ]
---------------------------------------------------------------
[ 2019-04-11T13:59:23+08:00 ] 36.98.150.243 GET www.gxfwz36524.com/secondclass/public/index.php/index/index/index
[ sql ] [ DB ] CONNECT:[ UseTime:0.000657s ] mysql:host=127.0.0.1;dbname=secondclass;charset=utf8
[ sql ] [ SQL ] SHOW COLUMNS FROM `settinginfo` [ RunTime:0.000989s ]
[ sql ] [ SQL ] SELECT * FROM `settinginfo` LIMIT 1 [ RunTime:0.000325s ]
[ sql ] [ SQL ] SHOW COLUMNS FROM `sys_navinfo` [ RunTime:0.000796s ]
[ sql ] [ SQL ] SELECT * FROM `sys_navinfo` WHERE  `display` = 1 [ RunTime:0.000329s ]
[ sql ] [ SQL ] SHOW COLUMNS FROM `activeinfo` [ RunTime:0.000880s ]
[ sql ] [ SQL ] SELECT * FROM `activeinfo` WHERE  `switch` = 1 [ RunTime:0.000388s ]
[ sql ] [ SQL ] SELECT * FROM `activeinfo` WHERE  `switch` = 1 ORDER BY `time` DESC,`id` DESC [ RunTime:0.000418s ]
---------------------------------------------------------------
[ 2019-04-11T13:59:23+08:00 ] 58.251.121.184 GET www.gxfwz36524.com/secondclass/public/index.php/index/index/index
[ sql ] [ DB ] CONNECT:[ UseTime:0.000709s ] mysql:host=127.0.0.1;dbname=secondclass;charset=utf8
[ sql ] [ SQL ] SHOW COLUMNS FROM `settinginfo` [ RunTime:0.001104s ]
[ sql ] [ SQL ] SELECT * FROM `settinginfo` LIMIT 1 [ RunTime:0.000313s ]
[ sql ] [ SQL ] SHOW COLUMNS FROM `sys_navinfo` [ RunTime:0.000791s ]
[ sql ] [ SQL ] SELECT * FROM `sys_navinfo` WHERE  `display` = 1 [ RunTime:0.000326s ]
[ sql ] [ SQL ] SHOW COLUMNS FROM `activeinfo` [ RunTime:0.000872s ]
[ sql ] [ SQL ] SELECT * FROM `activeinfo` WHERE  `switch` = 1 [ RunTime:0.000341s ]
[ sql ] [ SQL ] SELECT * FROM `activeinfo` WHERE  `switch` = 1 ORDER BY `time` DESC,`id` DESC [ RunTime:0.000424s ]
---------------------------------------------------------------
[ 2019-04-11T13:59:44+08:00 ] 36.98.150.243 POST www.gxfwz36524.com/secondclass/public/index.php/index/index/cheakuser
[ sql ] [ DB ] CONNECT:[ UseTime:0.000630s ] mysql:host=127.0.0.1;dbname=secondclass;charset=utf8
[ sql ] [ SQL ] SHOW COLUMNS FROM `settinginfo` [ RunTime:0.000994s ]
[ sql ] [ SQL ] SELECT * FROM `settinginfo` LIMIT 1 [ RunTime:0.000316s ]
[ sql ] [ SQL ] SHOW COLUMNS FROM `sys_navinfo` [ RunTime:0.000841s ]
[ sql ] [ SQL ] SELECT * FROM `sys_navinfo` WHERE  `display` = 1 [ RunTime:0.000333s ]
[ sql ] [ SQL ] SHOW COLUMNS FROM `activeinfo` [ RunTime:0.000814s ]
[ sql ] [ SQL ] SELECT * FROM `activeinfo` WHERE  `switch` = 1 [ RunTime:0.000329s ]
---------------------------------------------------------------
[ 2019-04-11T13:59:46+08:00 ] 36.98.150.243 GET www.gxfwz36524.com/secondclass/public/
[ sql ] [ DB ] CONNECT:[ UseTime:0.000653s ] mysql:host=127.0.0.1;dbname=secondclass;charset=utf8
[ sql ] [ SQL ] SHOW COLUMNS FROM `settinginfo` [ RunTime:0.000942s ]
[ sql ] [ SQL ] SELECT * FROM `settinginfo` LIMIT 1 [ RunTime:0.000301s ]
[ sql ] [ SQL ] SHOW COLUMNS FROM `sys_navinfo` [ RunTime:0.000748s ]
[ sql ] [ SQL ] SELECT * FROM `sys_navinfo` WHERE  `display` = 1 [ RunTime:0.000295s ]
[ sql ] [ SQL ] SHOW COLUMNS FROM `activeinfo` [ RunTime:0.000813s ]
[ sql ] [ SQL ] SELECT * FROM `activeinfo` WHERE  `switch` = 1 [ RunTime:0.000333s ]
[ sql ] [ SQL ] SELECT * FROM `activeinfo` WHERE  `switch` = 1 ORDER BY `time` DESC,`id` DESC [ RunTime:0.000386s ]
---------------------------------------------------------------
[ 2019-04-11T13:59:47+08:00 ] 59.36.119.226 GET www.gxfwz36524.com/secondclass/public/
[ sql ] [ DB ] CONNECT:[ UseTime:0.000622s ] mysql:host=127.0.0.1;dbname=secondclass;charset=utf8
[ sql ] [ SQL ] SHOW COLUMNS FROM `settinginfo` [ RunTime:0.000940s ]
[ sql ] [ SQL ] SELECT * FROM `settinginfo` LIMIT 1 [ RunTime:0.000284s ]
[ sql ] [ SQL ] SHOW COLUMNS FROM `sys_navinfo` [ RunTime:0.000749s ]
[ sql ] [ SQL ] SELECT * FROM `sys_navinfo` WHERE  `display` = 1 [ RunTime:0.000303s ]
[ sql ] [ SQL ] SHOW COLUMNS FROM `activeinfo` [ RunTime:0.000808s ]
[ sql ] [ SQL ] SELECT * FROM `activeinfo` WHERE  `switch` = 1 [ RunTime:0.000350s ]
[ sql ] [ SQL ] SELECT * FROM `activeinfo` WHERE  `switch` = 1 ORDER BY `time` DESC,`id` DESC [ RunTime:0.000371s ]
---------------------------------------------------------------
[ 2019-04-11T14:00:23+08:00 ] 36.98.150.243 GET www.gxfwz36524.com/secondclass/public/index.php/index/index/index
[ sql ] [ DB ] CONNECT:[ UseTime:0.000643s ] mysql:host=127.0.0.1;dbname=secondclass;charset=utf8
[ sql ] [ SQL ] SHOW COLUMNS FROM `settinginfo` [ RunTime:0.000953s ]
[ sql ] [ SQL ] SELECT * FROM `settinginfo` LIMIT 1 [ RunTime:0.000284s ]
[ sql ] [ SQL ] SHOW COLUMNS FROM `sys_navinfo` [ RunTime:0.000753s ]
[ sql ] [ SQL ] SELECT * FROM `sys_navinfo` WHERE  `display` = 1 [ RunTime:0.000308s ]
[ sql ] [ SQL ] SHOW COLUMNS FROM `activeinfo` [ RunTime:0.000791s ]
[ sql ] [ SQL ] SELECT * FROM `activeinfo` WHERE  `switch` = 1 [ RunTime:0.000384s ]
[ sql ] [ SQL ] SELECT * FROM `activeinfo` WHERE  `switch` = 1 ORDER BY `time` DESC,`id` DESC [ RunTime:0.000387s ]
---------------------------------------------------------------
[ 2019-04-11T17:35:06+08:00 ] 203.208.60.1 GET www.gxfwz36524.com/secondclass/public/index.php/index/index/newslist/?id=
[ sql ] [ DB ] CONNECT:[ UseTime:0.000634s ] mysql:host=127.0.0.1;dbname=secondclass;charset=utf8
[ sql ] [ SQL ] SHOW COLUMNS FROM `settinginfo` [ RunTime:0.000975s ]
[ sql ] [ SQL ] SELECT * FROM `settinginfo` LIMIT 1 [ RunTime:0.000339s ]
[ sql ] [ SQL ] SHOW COLUMNS FROM `sys_navinfo` [ RunTime:0.000808s ]
[ sql ] [ SQL ] SELECT * FROM `sys_navinfo` WHERE  `display` = 1 [ RunTime:0.000299s ]
[ sql ] [ SQL ] SHOW COLUMNS FROM `activeinfo` [ RunTime:0.000848s ]
[ sql ] [ SQL ] SELECT * FROM `activeinfo` WHERE  `switch` = 1 [ RunTime:0.000401s ]
[ error ] [2]A non-numeric value encountered
---------------------------------------------------------------
[ 2019-04-11T17:46:30+08:00 ] 203.208.60.39 GET www.gxfwz36524.com/secondclass/public/index.php/index/index/pagelist
[ sql ] [ DB ] CONNECT:[ UseTime:0.000665s ] mysql:host=127.0.0.1;dbname=secondclass;charset=utf8
[ sql ] [ SQL ] SHOW COLUMNS FROM `settinginfo` [ RunTime:0.001030s ]
[ sql ] [ SQL ] SELECT * FROM `settinginfo` LIMIT 1 [ RunTime:0.000298s ]
[ sql ] [ SQL ] SHOW COLUMNS FROM `sys_navinfo` [ RunTime:0.000802s ]
[ sql ] [ SQL ] SELECT * FROM `sys_navinfo` WHERE  `display` = 1 [ RunTime:0.000311s ]
[ sql ] [ SQL ] SHOW COLUMNS FROM `activeinfo` [ RunTime:0.000863s ]
[ sql ] [ SQL ] SELECT * FROM `activeinfo` WHERE  `switch` = 1 [ RunTime:0.000356s ]
[ sql ] [ SQL ] SELECT * FROM `activeinfo` ORDER BY `time` DESC [ RunTime:0.000479s ]
---------------------------------------------------------------
[ 2019-04-11T19:13:47+08:00 ] 66.249.79.90 GET www.gxfwz36524.com/secondclass/public/
[ sql ] [ DB ] CONNECT:[ UseTime:0.000859s ] mysql:host=127.0.0.1;dbname=secondclass;charset=utf8
[ sql ] [ SQL ] SHOW COLUMNS FROM `settinginfo` [ RunTime:0.001283s ]
[ sql ] [ SQL ] SELECT * FROM `settinginfo` LIMIT 1 [ RunTime:0.000400s ]
[ sql ] [ SQL ] SHOW COLUMNS FROM `sys_navinfo` [ RunTime:0.001093s ]
[ sql ] [ SQL ] SELECT * FROM `sys_navinfo` WHERE  `display` = 1 [ RunTime:0.000464s ]
[ sql ] [ SQL ] SHOW COLUMNS FROM `activeinfo` [ RunTime:0.001195s ]
[ sql ] [ SQL ] SELECT * FROM `activeinfo` WHERE  `switch` = 1 [ RunTime:0.000515s ]
[ sql ] [ SQL ] SELECT * FROM `activeinfo` WHERE  `switch` = 1 ORDER BY `time` DESC,`id` DESC [ RunTime:0.000529s ]
