---------------------------------------------------------------
[ 2019-03-19T22:27:08+08:00 ] 221.192.179.108 POST www.gxfwz36524.com/secondclass/public/index.php/index/index/isjoin
[ sql ] [ DB ] CONNECT:[ UseTime:0.000658s ] mysql:host=127.0.0.1;dbname=secondclass;charset=utf8
[ sql ] [ SQL ] SHOW COLUMNS FROM `settinginfo` [ RunTime:0.001464s ]
[ sql ] [ SQL ] SELECT * FROM `settinginfo` LIMIT 1 [ RunTime:0.000344s ]
[ sql ] [ SQL ] SHOW COLUMNS FROM `sys_navinfo` [ RunTime:0.001252s ]
[ sql ] [ SQL ] SELECT * FROM `sys_navinfo` WHERE  `display` = 1 [ RunTime:0.000318s ]
[ sql ] [ SQL ] SHOW COLUMNS FROM `activeinfo` [ RunTime:0.001213s ]
[ sql ] [ SQL ] SELECT * FROM `activeinfo` WHERE  `switch` = 1 [ RunTime:0.000353s ]
[ sql ] [ SQL ] SELECT * FROM `activeinfo` WHERE  `id` = 55 LIMIT 1 [ RunTime:0.000298s ]
[ sql ] [ SQL ] SHOW COLUMNS FROM `activejoin` [ RunTime:0.001116s ]
[ sql ] [ SQL ] SELECT * FROM `activejoin` WHERE  `typeid` = 55 [ RunTime:0.000413s ]
[ sql ] [ SQL ] SELECT * FROM `activejoin` WHERE  `schoolnum` = '2017510605'  AND `typeid` = 55 [ RunTime:0.000430s ]
---------------------------------------------------------------
[ 2019-03-19T22:27:12+08:00 ] 221.192.179.108 POST www.gxfwz36524.com/secondclass/public/index.php/index/index/join
[ sql ] [ DB ] CONNECT:[ UseTime:0.000692s ] mysql:host=127.0.0.1;dbname=secondclass;charset=utf8
[ sql ] [ SQL ] SHOW COLUMNS FROM `settinginfo` [ RunTime:0.001582s ]
[ sql ] [ SQL ] SELECT * FROM `settinginfo` LIMIT 1 [ RunTime:0.000340s ]
[ sql ] [ SQL ] SHOW COLUMNS FROM `sys_navinfo` [ RunTime:0.001262s ]
[ sql ] [ SQL ] SELECT * FROM `sys_navinfo` WHERE  `display` = 1 [ RunTime:0.000339s ]
[ sql ] [ SQL ] SHOW COLUMNS FROM `activeinfo` [ RunTime:0.001278s ]
[ sql ] [ SQL ] SELECT * FROM `activeinfo` WHERE  `switch` = 1 [ RunTime:0.000381s ]
[ sql ] [ SQL ] SELECT * FROM `activeinfo` WHERE  `id` = 55 LIMIT 1 [ RunTime:0.000304s ]
[ sql ] [ SQL ] SHOW COLUMNS FROM `activejoin` [ RunTime:0.001226s ]
[ sql ] [ SQL ] SELECT * FROM `activejoin` WHERE  `typeid` = 55 [ RunTime:0.000416s ]
[ sql ] [ SQL ] SELECT * FROM `activejoin` WHERE  `schoolnum` = '2017510605'  AND `typeid` = 55 [ RunTime:0.000479s ]
[ sql ] [ SQL ] INSERT INTO `activejoin` (`typeid` , `schoolnum` , `switch`) VALUES (55 , '2017510605' , 0) [ RunTime:0.002878s ]
---------------------------------------------------------------
[ 2019-03-19T22:27:14+08:00 ] 60.1.198.185 POST www.gxfwz36524.com/secondclass/public/index.php/index/index/join
[ sql ] [ DB ] CONNECT:[ UseTime:0.000630s ] mysql:host=127.0.0.1;dbname=secondclass;charset=utf8
[ sql ] [ SQL ] SHOW COLUMNS FROM `settinginfo` [ RunTime:0.001405s ]
[ sql ] [ SQL ] SELECT * FROM `settinginfo` LIMIT 1 [ RunTime:0.000287s ]
[ sql ] [ SQL ] SHOW COLUMNS FROM `sys_navinfo` [ RunTime:0.001137s ]
[ sql ] [ SQL ] SELECT * FROM `sys_navinfo` WHERE  `display` = 1 [ RunTime:0.000297s ]
[ sql ] [ SQL ] SHOW COLUMNS FROM `activeinfo` [ RunTime:0.001176s ]
[ sql ] [ SQL ] SELECT * FROM `activeinfo` WHERE  `switch` = 1 [ RunTime:0.000335s ]
[ sql ] [ SQL ] SELECT * FROM `activeinfo` WHERE  `id` = 55 LIMIT 1 [ RunTime:0.000305s ]
[ sql ] [ SQL ] SHOW COLUMNS FROM `activejoin` [ RunTime:0.001096s ]
[ sql ] [ SQL ] SELECT * FROM `activejoin` WHERE  `typeid` = 55 [ RunTime:0.000432s ]
[ sql ] [ SQL ] SELECT * FROM `activejoin` WHERE  `schoolnum` = '2017510636'  AND `typeid` = 55 [ RunTime:0.000410s ]
[ sql ] [ SQL ] INSERT INTO `activejoin` (`typeid` , `schoolnum` , `switch`) VALUES (55 , '2017510636' , 0) [ RunTime:0.002799s ]
---------------------------------------------------------------
[ 2019-03-19T22:27:24+08:00 ] 124.236.147.49 GET www.gxfwz36524.com/secondclass/public/index.php/index/index/index
[ sql ] [ DB ] CONNECT:[ UseTime:0.000637s ] mysql:host=127.0.0.1;dbname=secondclass;charset=utf8
[ sql ] [ SQL ] SHOW COLUMNS FROM `settinginfo` [ RunTime:0.001517s ]
[ sql ] [ SQL ] SELECT * FROM `settinginfo` LIMIT 1 [ RunTime:0.000287s ]
[ sql ] [ SQL ] SHOW COLUMNS FROM `sys_navinfo` [ RunTime:0.001131s ]
[ sql ] [ SQL ] SELECT * FROM `sys_navinfo` WHERE  `display` = 1 [ RunTime:0.000311s ]
[ sql ] [ SQL ] SHOW COLUMNS FROM `activeinfo` [ RunTime:0.001315s ]
[ sql ] [ SQL ] SELECT * FROM `activeinfo` WHERE  `switch` = 1 [ RunTime:0.000356s ]
[ sql ] [ SQL ] SELECT * FROM `activeinfo` WHERE  `switch` = 1 ORDER BY `time` DESC,`id` DESC [ RunTime:0.000473s ]
---------------------------------------------------------------
[ 2019-03-19T22:33:47+08:00 ] 106.114.164.208 GET www.gxfwz36524.com/secondclass/public/index.php/index/index/index
[ sql ] [ DB ] CONNECT:[ UseTime:0.000645s ] mysql:host=127.0.0.1;dbname=secondclass;charset=utf8
[ sql ] [ SQL ] SHOW COLUMNS FROM `settinginfo` [ RunTime:0.001521s ]
[ sql ] [ SQL ] SELECT * FROM `settinginfo` LIMIT 1 [ RunTime:0.000294s ]
[ sql ] [ SQL ] SHOW COLUMNS FROM `sys_navinfo` [ RunTime:0.001216s ]
[ sql ] [ SQL ] SELECT * FROM `sys_navinfo` WHERE  `display` = 1 [ RunTime:0.000301s ]
[ sql ] [ SQL ] SHOW COLUMNS FROM `activeinfo` [ RunTime:0.001329s ]
[ sql ] [ SQL ] SELECT * FROM `activeinfo` WHERE  `switch` = 1 [ RunTime:0.000393s ]
[ sql ] [ SQL ] SELECT * FROM `activeinfo` WHERE  `switch` = 1 ORDER BY `time` DESC,`id` DESC [ RunTime:0.000598s ]
---------------------------------------------------------------
[ 2019-03-19T22:34:22+08:00 ] 106.114.207.174 GET www.gxfwz36524.com/secondclass/public/index.php/index/index/index
[ sql ] [ DB ] CONNECT:[ UseTime:0.000853s ] mysql:host=127.0.0.1;dbname=secondclass;charset=utf8
[ sql ] [ SQL ] SHOW COLUMNS FROM `settinginfo` [ RunTime:0.001992s ]
[ sql ] [ SQL ] SELECT * FROM `settinginfo` LIMIT 1 [ RunTime:0.000387s ]
[ sql ] [ SQL ] SHOW COLUMNS FROM `sys_navinfo` [ RunTime:0.001364s ]
[ sql ] [ SQL ] SELECT * FROM `sys_navinfo` WHERE  `display` = 1 [ RunTime:0.000355s ]
[ sql ] [ SQL ] SHOW COLUMNS FROM `activeinfo` [ RunTime:0.001386s ]
[ sql ] [ SQL ] SELECT * FROM `activeinfo` WHERE  `switch` = 1 [ RunTime:0.000374s ]
[ sql ] [ SQL ] SELECT * FROM `activeinfo` WHERE  `switch` = 1 ORDER BY `time` DESC,`id` DESC [ RunTime:0.000516s ]
---------------------------------------------------------------
[ 2019-03-19T22:35:28+08:00 ] 221.192.179.131 GET www.gxfwz36524.com/secondclass/public/index.php/index/index/index
[ sql ] [ DB ] CONNECT:[ UseTime:0.000662s ] mysql:host=127.0.0.1;dbname=secondclass;charset=utf8
[ sql ] [ SQL ] SHOW COLUMNS FROM `settinginfo` [ RunTime:0.001509s ]
[ sql ] [ SQL ] SELECT * FROM `settinginfo` LIMIT 1 [ RunTime:0.000316s ]
[ sql ] [ SQL ] SHOW COLUMNS FROM `sys_navinfo` [ RunTime:0.001313s ]
[ sql ] [ SQL ] SELECT * FROM `sys_navinfo` WHERE  `display` = 1 [ RunTime:0.000363s ]
[ sql ] [ SQL ] SHOW COLUMNS FROM `activeinfo` [ RunTime:0.001315s ]
[ sql ] [ SQL ] SELECT * FROM `activeinfo` WHERE  `switch` = 1 [ RunTime:0.000364s ]
[ sql ] [ SQL ] SELECT * FROM `activeinfo` WHERE  `switch` = 1 ORDER BY `time` DESC,`id` DESC [ RunTime:0.000502s ]
---------------------------------------------------------------
[ 2019-03-19T22:40:03+08:00 ] 223.104.13.170 GET www.gxfwz36524.com/secondclass/public/index.php/index/index/news/id/50.html
[ sql ] [ DB ] CONNECT:[ UseTime:0.000701s ] mysql:host=127.0.0.1;dbname=secondclass;charset=utf8
[ sql ] [ SQL ] SHOW COLUMNS FROM `settinginfo` [ RunTime:0.001605s ]
[ sql ] [ SQL ] SELECT * FROM `settinginfo` LIMIT 1 [ RunTime:0.000363s ]
[ sql ] [ SQL ] SHOW COLUMNS FROM `sys_navinfo` [ RunTime:0.001341s ]
[ sql ] [ SQL ] SELECT * FROM `sys_navinfo` WHERE  `display` = 1 [ RunTime:0.000335s ]
[ sql ] [ SQL ] SHOW COLUMNS FROM `activeinfo` [ RunTime:0.001346s ]
[ sql ] [ SQL ] SELECT * FROM `activeinfo` WHERE  `switch` = 1 [ RunTime:0.000427s ]
[ sql ] [ SQL ] SELECT * FROM `activeinfo` WHERE  `id` = 50 LIMIT 1 [ RunTime:0.000361s ]
---------------------------------------------------------------
[ 2019-03-19T22:40:04+08:00 ] 223.104.13.170 POST www.gxfwz36524.com/secondclass/public/index.php/index/index/isjoin
[ sql ] [ DB ] CONNECT:[ UseTime:0.000650s ] mysql:host=127.0.0.1;dbname=secondclass;charset=utf8
[ sql ] [ SQL ] SHOW COLUMNS FROM `settinginfo` [ RunTime:0.001474s ]
[ sql ] [ SQL ] SELECT * FROM `settinginfo` LIMIT 1 [ RunTime:0.000337s ]
[ sql ] [ SQL ] SHOW COLUMNS FROM `sys_navinfo` [ RunTime:0.001201s ]
[ sql ] [ SQL ] SELECT * FROM `sys_navinfo` WHERE  `display` = 1 [ RunTime:0.000310s ]
[ sql ] [ SQL ] SHOW COLUMNS FROM `activeinfo` [ RunTime:0.001274s ]
[ sql ] [ SQL ] SELECT * FROM `activeinfo` WHERE  `switch` = 1 [ RunTime:0.000353s ]
[ sql ] [ SQL ] SELECT * FROM `activeinfo` WHERE  `id` = 50 LIMIT 1 [ RunTime:0.000371s ]
[ sql ] [ SQL ] SHOW COLUMNS FROM `activejoin` [ RunTime:0.001172s ]
[ sql ] [ SQL ] SELECT * FROM `activejoin` WHERE  `typeid` = 50 [ RunTime:0.000530s ]
---------------------------------------------------------------
[ 2019-03-19T22:40:50+08:00 ] 223.104.13.170 GET www.gxfwz36524.com/secondclass/public/index.php/index/index/index
[ sql ] [ DB ] CONNECT:[ UseTime:0.000621s ] mysql:host=127.0.0.1;dbname=secondclass;charset=utf8
[ sql ] [ SQL ] SHOW COLUMNS FROM `settinginfo` [ RunTime:0.001481s ]
[ sql ] [ SQL ] SELECT * FROM `settinginfo` LIMIT 1 [ RunTime:0.000316s ]
[ sql ] [ SQL ] SHOW COLUMNS FROM `sys_navinfo` [ RunTime:0.001223s ]
[ sql ] [ SQL ] SELECT * FROM `sys_navinfo` WHERE  `display` = 1 [ RunTime:0.000292s ]
[ sql ] [ SQL ] SHOW COLUMNS FROM `activeinfo` [ RunTime:0.001267s ]
[ sql ] [ SQL ] SELECT * FROM `activeinfo` WHERE  `switch` = 1 [ RunTime:0.000415s ]
[ sql ] [ SQL ] SELECT * FROM `activeinfo` WHERE  `switch` = 1 ORDER BY `time` DESC,`id` DESC [ RunTime:0.000560s ]
---------------------------------------------------------------
[ 2019-03-19T22:41:02+08:00 ] 223.104.13.170 POST www.gxfwz36524.com/secondclass/public/index.php/index/index/cheakuser
[ sql ] [ DB ] CONNECT:[ UseTime:0.000848s ] mysql:host=127.0.0.1;dbname=secondclass;charset=utf8
[ sql ] [ SQL ] SHOW COLUMNS FROM `settinginfo` [ RunTime:0.001747s ]
[ sql ] [ SQL ] SELECT * FROM `settinginfo` LIMIT 1 [ RunTime:0.000428s ]
[ sql ] [ SQL ] SHOW COLUMNS FROM `sys_navinfo` [ RunTime:0.001387s ]
[ sql ] [ SQL ] SELECT * FROM `sys_navinfo` WHERE  `display` = 1 [ RunTime:0.000403s ]
[ sql ] [ SQL ] SHOW COLUMNS FROM `activeinfo` [ RunTime:0.001526s ]
[ sql ] [ SQL ] SELECT * FROM `activeinfo` WHERE  `switch` = 1 [ RunTime:0.000458s ]
---------------------------------------------------------------
[ 2019-03-19T22:41:03+08:00 ] 223.104.13.170 POST www.gxfwz36524.com/secondclass/public/index.php/index/index/cheakuser
[ sql ] [ DB ] CONNECT:[ UseTime:0.000686s ] mysql:host=127.0.0.1;dbname=secondclass;charset=utf8
[ sql ] [ SQL ] SHOW COLUMNS FROM `settinginfo` [ RunTime:0.001403s ]
[ sql ] [ SQL ] SELECT * FROM `settinginfo` LIMIT 1 [ RunTime:0.000315s ]
[ sql ] [ SQL ] SHOW COLUMNS FROM `sys_navinfo` [ RunTime:0.001161s ]
[ sql ] [ SQL ] SELECT * FROM `sys_navinfo` WHERE  `display` = 1 [ RunTime:0.000291s ]
[ sql ] [ SQL ] SHOW COLUMNS FROM `activeinfo` [ RunTime:0.001194s ]
[ sql ] [ SQL ] SELECT * FROM `activeinfo` WHERE  `switch` = 1 [ RunTime:0.000337s ]
---------------------------------------------------------------
[ 2019-03-19T22:41:06+08:00 ] 223.104.13.170 GET www.gxfwz36524.com/secondclass/public/index.php/index/index/index.html
[ sql ] [ DB ] CONNECT:[ UseTime:0.000629s ] mysql:host=127.0.0.1;dbname=secondclass;charset=utf8
[ sql ] [ SQL ] SHOW COLUMNS FROM `settinginfo` [ RunTime:0.001622s ]
[ sql ] [ SQL ] SELECT * FROM `settinginfo` LIMIT 1 [ RunTime:0.000361s ]
[ sql ] [ SQL ] SHOW COLUMNS FROM `sys_navinfo` [ RunTime:0.001457s ]
[ sql ] [ SQL ] SELECT * FROM `sys_navinfo` WHERE  `display` = 1 [ RunTime:0.000411s ]
[ sql ] [ SQL ] SHOW COLUMNS FROM `activeinfo` [ RunTime:0.001513s ]
[ sql ] [ SQL ] SELECT * FROM `activeinfo` WHERE  `switch` = 1 [ RunTime:0.000541s ]
[ sql ] [ SQL ] SELECT * FROM `activeinfo` WHERE  `switch` = 1 ORDER BY `time` DESC,`id` DESC [ RunTime:0.000590s ]
---------------------------------------------------------------
[ 2019-03-19T22:41:09+08:00 ] 223.104.13.170 GET www.gxfwz36524.com/secondclass/public/index.php/index/index/personal.html
[ sql ] [ DB ] CONNECT:[ UseTime:0.000630s ] mysql:host=127.0.0.1;dbname=secondclass;charset=utf8
[ sql ] [ SQL ] SHOW COLUMNS FROM `settinginfo` [ RunTime:0.001393s ]
[ sql ] [ SQL ] SELECT * FROM `settinginfo` LIMIT 1 [ RunTime:0.000284s ]
[ sql ] [ SQL ] SHOW COLUMNS FROM `sys_navinfo` [ RunTime:0.001162s ]
[ sql ] [ SQL ] SELECT * FROM `sys_navinfo` WHERE  `display` = 1 [ RunTime:0.000309s ]
[ sql ] [ SQL ] SHOW COLUMNS FROM `activeinfo` [ RunTime:0.001196s ]
[ sql ] [ SQL ] SELECT * FROM `activeinfo` WHERE  `switch` = 1 [ RunTime:0.000334s ]
[ sql ] [ SQL ] SHOW COLUMNS FROM `activejoin` [ RunTime:0.001123s ]
[ sql ] [ SQL ] SELECT `typeid` FROM `activejoin` WHERE  `schoolnum` = '2018510560'  AND `switch` = 1 [ RunTime:0.000473s ]
[ sql ] [ SQL ] SHOW COLUMNS FROM `activescore` [ RunTime:0.001124s ]
[ sql ] [ SQL ] SELECT * FROM `activescore` WHERE  `schoolnum` = '2018510560' LIMIT 1 [ RunTime:0.000437s ]
[ sql ] [ SQL ] UPDATE `activescore`  SET `actives`=''  WHERE  `schoolnum` = '2018510560' [ RunTime:0.000462s ]
---------------------------------------------------------------
[ 2019-03-19T22:41:13+08:00 ] 223.104.13.170 GET www.gxfwz36524.com/secondclass/public/index.php/index/index/personal.html
[ sql ] [ DB ] CONNECT:[ UseTime:0.000634s ] mysql:host=127.0.0.1;dbname=secondclass;charset=utf8
[ sql ] [ SQL ] SHOW COLUMNS FROM `settinginfo` [ RunTime:0.001472s ]
[ sql ] [ SQL ] SELECT * FROM `settinginfo` LIMIT 1 [ RunTime:0.000282s ]
[ sql ] [ SQL ] SHOW COLUMNS FROM `sys_navinfo` [ RunTime:0.001142s ]
[ sql ] [ SQL ] SELECT * FROM `sys_navinfo` WHERE  `display` = 1 [ RunTime:0.000351s ]
[ sql ] [ SQL ] SHOW COLUMNS FROM `activeinfo` [ RunTime:0.001191s ]
[ sql ] [ SQL ] SELECT * FROM `activeinfo` WHERE  `switch` = 1 [ RunTime:0.000348s ]
[ sql ] [ SQL ] SHOW COLUMNS FROM `activejoin` [ RunTime:0.001122s ]
[ sql ] [ SQL ] SELECT `typeid` FROM `activejoin` WHERE  `schoolnum` = '2018510560'  AND `switch` = 1 [ RunTime:0.000418s ]
[ sql ] [ SQL ] SHOW COLUMNS FROM `activescore` [ RunTime:0.001101s ]
[ sql ] [ SQL ] SELECT * FROM `activescore` WHERE  `schoolnum` = '2018510560' LIMIT 1 [ RunTime:0.000452s ]
[ sql ] [ SQL ] UPDATE `activescore`  SET `actives`=''  WHERE  `schoolnum` = '2018510560' [ RunTime:0.000448s ]
---------------------------------------------------------------
[ 2019-03-19T22:41:15+08:00 ] 223.104.13.170 GET www.gxfwz36524.com/secondclass/public/index.php/index/index/personal.html
[ sql ] [ DB ] CONNECT:[ UseTime:0.000599s ] mysql:host=127.0.0.1;dbname=secondclass;charset=utf8
[ sql ] [ SQL ] SHOW COLUMNS FROM `settinginfo` [ RunTime:0.001497s ]
[ sql ] [ SQL ] SELECT * FROM `settinginfo` LIMIT 1 [ RunTime:0.000402s ]
[ sql ] [ SQL ] SHOW COLUMNS FROM `sys_navinfo` [ RunTime:0.001152s ]
[ sql ] [ SQL ] SELECT * FROM `sys_navinfo` WHERE  `display` = 1 [ RunTime:0.000283s ]
[ sql ] [ SQL ] SHOW COLUMNS FROM `activeinfo` [ RunTime:0.001221s ]
[ sql ] [ SQL ] SELECT * FROM `activeinfo` WHERE  `switch` = 1 [ RunTime:0.000369s ]
[ sql ] [ SQL ] SHOW COLUMNS FROM `activejoin` [ RunTime:0.001290s ]
[ sql ] [ SQL ] SELECT `typeid` FROM `activejoin` WHERE  `schoolnum` = '2018510560'  AND `switch` = 1 [ RunTime:0.000412s ]
[ sql ] [ SQL ] SHOW COLUMNS FROM `activescore` [ RunTime:0.001126s ]
[ sql ] [ SQL ] SELECT * FROM `activescore` WHERE  `schoolnum` = '2018510560' LIMIT 1 [ RunTime:0.000440s ]
[ sql ] [ SQL ] UPDATE `activescore`  SET `actives`=''  WHERE  `schoolnum` = '2018510560' [ RunTime:0.000492s ]
---------------------------------------------------------------
[ 2019-03-19T22:54:33+08:00 ] 36.98.221.223 GET www.gxfwz36524.com/secondclass/public/index.php/index/index/index
[ sql ] [ DB ] CONNECT:[ UseTime:0.000633s ] mysql:host=127.0.0.1;dbname=secondclass;charset=utf8
[ sql ] [ SQL ] SHOW COLUMNS FROM `settinginfo` [ RunTime:0.001398s ]
[ sql ] [ SQL ] SELECT * FROM `settinginfo` LIMIT 1 [ RunTime:0.000283s ]
[ sql ] [ SQL ] SHOW COLUMNS FROM `sys_navinfo` [ RunTime:0.001146s ]
[ sql ] [ SQL ] SELECT * FROM `sys_navinfo` WHERE  `display` = 1 [ RunTime:0.000308s ]
[ sql ] [ SQL ] SHOW COLUMNS FROM `activeinfo` [ RunTime:0.001188s ]
[ sql ] [ SQL ] SELECT * FROM `activeinfo` WHERE  `switch` = 1 [ RunTime:0.000335s ]
[ sql ] [ SQL ] SELECT * FROM `activeinfo` WHERE  `switch` = 1 ORDER BY `time` DESC,`id` DESC [ RunTime:0.000484s ]
---------------------------------------------------------------
[ 2019-03-19T22:54:37+08:00 ] 36.98.221.223 GET www.gxfwz36524.com/secondclass/public/index.php/index/index/index
[ sql ] [ DB ] CONNECT:[ UseTime:0.000622s ] mysql:host=127.0.0.1;dbname=secondclass;charset=utf8
[ sql ] [ SQL ] SHOW COLUMNS FROM `settinginfo` [ RunTime:0.001425s ]
[ sql ] [ SQL ] SELECT * FROM `settinginfo` LIMIT 1 [ RunTime:0.000313s ]
[ sql ] [ SQL ] SHOW COLUMNS FROM `sys_navinfo` [ RunTime:0.001206s ]
[ sql ] [ SQL ] SELECT * FROM `sys_navinfo` WHERE  `display` = 1 [ RunTime:0.000313s ]
[ sql ] [ SQL ] SHOW COLUMNS FROM `activeinfo` [ RunTime:0.001217s ]
[ sql ] [ SQL ] SELECT * FROM `activeinfo` WHERE  `switch` = 1 [ RunTime:0.000390s ]
[ sql ] [ SQL ] SELECT * FROM `activeinfo` WHERE  `switch` = 1 ORDER BY `time` DESC,`id` DESC [ RunTime:0.000512s ]
---------------------------------------------------------------
[ 2019-03-19T22:54:40+08:00 ] 36.98.221.223 GET www.gxfwz36524.com/secondclass/public/index.php/index/index/personal.html
[ sql ] [ DB ] CONNECT:[ UseTime:0.000633s ] mysql:host=127.0.0.1;dbname=secondclass;charset=utf8
[ sql ] [ SQL ] SHOW COLUMNS FROM `settinginfo` [ RunTime:0.001534s ]
[ sql ] [ SQL ] SELECT * FROM `settinginfo` LIMIT 1 [ RunTime:0.000337s ]
[ sql ] [ SQL ] SHOW COLUMNS FROM `sys_navinfo` [ RunTime:0.001202s ]
[ sql ] [ SQL ] SELECT * FROM `sys_navinfo` WHERE  `display` = 1 [ RunTime:0.000295s ]
[ sql ] [ SQL ] SHOW COLUMNS FROM `activeinfo` [ RunTime:0.001266s ]
[ sql ] [ SQL ] SELECT * FROM `activeinfo` WHERE  `switch` = 1 [ RunTime:0.000421s ]
[ sql ] [ SQL ] SHOW COLUMNS FROM `activejoin` [ RunTime:0.001191s ]
[ sql ] [ SQL ] SELECT `typeid` FROM `activejoin` WHERE  `schoolnum` = '2015512352'  AND `switch` = 1 [ RunTime:0.000434s ]
[ sql ] [ SQL ] SHOW COLUMNS FROM `activescore` [ RunTime:0.001101s ]
[ sql ] [ SQL ] SELECT * FROM `activescore` WHERE  `schoolnum` = '2015512352' LIMIT 1 [ RunTime:0.000455s ]
[ sql ] [ SQL ] UPDATE `activescore`  SET `actives`=''  WHERE  `schoolnum` = '2015512352' [ RunTime:0.000498s ]
---------------------------------------------------------------
[ 2019-03-19T22:54:51+08:00 ] 36.98.221.223 GET www.gxfwz36524.com/secondclass/public/index.php/index/index/newslist
[ sql ] [ DB ] CONNECT:[ UseTime:0.000753s ] mysql:host=127.0.0.1;dbname=secondclass;charset=utf8
[ sql ] [ SQL ] SHOW COLUMNS FROM `settinginfo` [ RunTime:0.001656s ]
[ sql ] [ SQL ] SELECT * FROM `settinginfo` LIMIT 1 [ RunTime:0.000313s ]
[ sql ] [ SQL ] SHOW COLUMNS FROM `sys_navinfo` [ RunTime:0.001219s ]
[ sql ] [ SQL ] SELECT * FROM `sys_navinfo` WHERE  `display` = 1 [ RunTime:0.000313s ]
[ sql ] [ SQL ] SHOW COLUMNS FROM `activeinfo` [ RunTime:0.001254s ]
[ sql ] [ SQL ] SELECT * FROM `activeinfo` WHERE  `switch` = 1 [ RunTime:0.000340s ]
[ sql ] [ SQL ] SELECT * FROM `activeinfo` ORDER BY `time` DESC LIMIT 0,5 [ RunTime:0.000440s ]
---------------------------------------------------------------
[ 2019-03-19T22:54:51+08:00 ] 36.98.221.223 POST www.gxfwz36524.com/secondclass/public/index.php/index/index/pagelist
[ sql ] [ DB ] CONNECT:[ UseTime:0.000616s ] mysql:host=127.0.0.1;dbname=secondclass;charset=utf8
[ sql ] [ SQL ] SHOW COLUMNS FROM `settinginfo` [ RunTime:0.001379s ]
[ sql ] [ SQL ] SELECT * FROM `settinginfo` LIMIT 1 [ RunTime:0.000289s ]
[ sql ] [ SQL ] SHOW COLUMNS FROM `sys_navinfo` [ RunTime:0.001116s ]
[ sql ] [ SQL ] SELECT * FROM `sys_navinfo` WHERE  `display` = 1 [ RunTime:0.000285s ]
[ sql ] [ SQL ] SHOW COLUMNS FROM `activeinfo` [ RunTime:0.001168s ]
[ sql ] [ SQL ] SELECT * FROM `activeinfo` WHERE  `switch` = 1 [ RunTime:0.000421s ]
[ sql ] [ SQL ] SELECT * FROM `activeinfo` ORDER BY `time` DESC [ RunTime:0.000499s ]
---------------------------------------------------------------
[ 2019-03-19T22:54:51+08:00 ] 59.36.119.227 GET www.gxfwz36524.com/secondclass/public/index.php/index/index/newslist
[ sql ] [ DB ] CONNECT:[ UseTime:0.000730s ] mysql:host=127.0.0.1;dbname=secondclass;charset=utf8
[ sql ] [ SQL ] SHOW COLUMNS FROM `settinginfo` [ RunTime:0.001552s ]
[ sql ] [ SQL ] SELECT * FROM `settinginfo` LIMIT 1 [ RunTime:0.000330s ]
[ sql ] [ SQL ] SHOW COLUMNS FROM `sys_navinfo` [ RunTime:0.001195s ]
[ sql ] [ SQL ] SELECT * FROM `sys_navinfo` WHERE  `display` = 1 [ RunTime:0.000319s ]
[ sql ] [ SQL ] SHOW COLUMNS FROM `activeinfo` [ RunTime:0.001285s ]
[ sql ] [ SQL ] SELECT * FROM `activeinfo` WHERE  `switch` = 1 [ RunTime:0.000384s ]
[ sql ] [ SQL ] SELECT * FROM `activeinfo` ORDER BY `time` DESC LIMIT 0,5 [ RunTime:0.000524s ]
---------------------------------------------------------------
[ 2019-03-19T22:55:12+08:00 ] 36.98.221.223 GET www.gxfwz36524.com/secondclass/public/index.php/index/index/news/id/55.html
[ sql ] [ DB ] CONNECT:[ UseTime:0.000622s ] mysql:host=127.0.0.1;dbname=secondclass;charset=utf8
[ sql ] [ SQL ] SHOW COLUMNS FROM `settinginfo` [ RunTime:0.001564s ]
[ sql ] [ SQL ] SELECT * FROM `settinginfo` LIMIT 1 [ RunTime:0.000312s ]
[ sql ] [ SQL ] SHOW COLUMNS FROM `sys_navinfo` [ RunTime:0.001203s ]
[ sql ] [ SQL ] SELECT * FROM `sys_navinfo` WHERE  `display` = 1 [ RunTime:0.000318s ]
[ sql ] [ SQL ] SHOW COLUMNS FROM `activeinfo` [ RunTime:0.001240s ]
[ sql ] [ SQL ] SELECT * FROM `activeinfo` WHERE  `switch` = 1 [ RunTime:0.000405s ]
[ sql ] [ SQL ] SELECT * FROM `activeinfo` WHERE  `id` = 55 LIMIT 1 [ RunTime:0.000318s ]
---------------------------------------------------------------
[ 2019-03-19T22:55:12+08:00 ] 36.98.221.223 POST www.gxfwz36524.com/secondclass/public/index.php/index/index/isjoin
[ sql ] [ DB ] CONNECT:[ UseTime:0.000658s ] mysql:host=127.0.0.1;dbname=secondclass;charset=utf8
[ sql ] [ SQL ] SHOW COLUMNS FROM `settinginfo` [ RunTime:0.001499s ]
[ sql ] [ SQL ] SELECT * FROM `settinginfo` LIMIT 1 [ RunTime:0.000303s ]
[ sql ] [ SQL ] SHOW COLUMNS FROM `sys_navinfo` [ RunTime:0.001227s ]
[ sql ] [ SQL ] SELECT * FROM `sys_navinfo` WHERE  `display` = 1 [ RunTime:0.000339s ]
[ sql ] [ SQL ] SHOW COLUMNS FROM `activeinfo` [ RunTime:0.001259s ]
[ sql ] [ SQL ] SELECT * FROM `activeinfo` WHERE  `switch` = 1 [ RunTime:0.000373s ]
[ sql ] [ SQL ] SELECT * FROM `activeinfo` WHERE  `id` = 55 LIMIT 1 [ RunTime:0.000309s ]
[ sql ] [ SQL ] SHOW COLUMNS FROM `activejoin` [ RunTime:0.001181s ]
[ sql ] [ SQL ] SELECT * FROM `activejoin` WHERE  `typeid` = 55 [ RunTime:0.000444s ]
[ sql ] [ SQL ] SELECT * FROM `activejoin` WHERE  `schoolnum` = '2015512352'  AND `typeid` = 55 [ RunTime:0.000462s ]
---------------------------------------------------------------
[ 2019-03-19T22:55:40+08:00 ] 36.98.221.223 POST www.gxfwz36524.com/secondclass/public/index.php/index/index/pagelist
[ sql ] [ DB ] CONNECT:[ UseTime:0.000668s ] mysql:host=127.0.0.1;dbname=secondclass;charset=utf8
[ sql ] [ SQL ] SHOW COLUMNS FROM `settinginfo` [ RunTime:0.001421s ]
[ sql ] [ SQL ] SELECT * FROM `settinginfo` LIMIT 1 [ RunTime:0.000284s ]
[ sql ] [ SQL ] SHOW COLUMNS FROM `sys_navinfo` [ RunTime:0.001172s ]
[ sql ] [ SQL ] SELECT * FROM `sys_navinfo` WHERE  `display` = 1 [ RunTime:0.000305s ]
[ sql ] [ SQL ] SHOW COLUMNS FROM `activeinfo` [ RunTime:0.001201s ]
[ sql ] [ SQL ] SELECT * FROM `activeinfo` WHERE  `switch` = 1 [ RunTime:0.000339s ]
[ sql ] [ SQL ] SELECT * FROM `activeinfo` ORDER BY `time` DESC [ RunTime:0.000495s ]
---------------------------------------------------------------
[ 2019-03-19T22:55:44+08:00 ] 36.98.221.223 GET www.gxfwz36524.com/secondclass/public/index.php/index/index/news/id/53.html
[ sql ] [ DB ] CONNECT:[ UseTime:0.000636s ] mysql:host=127.0.0.1;dbname=secondclass;charset=utf8
[ sql ] [ SQL ] SHOW COLUMNS FROM `settinginfo` [ RunTime:0.001477s ]
[ sql ] [ SQL ] SELECT * FROM `settinginfo` LIMIT 1 [ RunTime:0.000302s ]
[ sql ] [ SQL ] SHOW COLUMNS FROM `sys_navinfo` [ RunTime:0.001265s ]
[ sql ] [ SQL ] SELECT * FROM `sys_navinfo` WHERE  `display` = 1 [ RunTime:0.000323s ]
[ sql ] [ SQL ] SHOW COLUMNS FROM `activeinfo` [ RunTime:0.001271s ]
[ sql ] [ SQL ] SELECT * FROM `activeinfo` WHERE  `switch` = 1 [ RunTime:0.000559s ]
[ sql ] [ SQL ] SELECT * FROM `activeinfo` WHERE  `id` = 53 LIMIT 1 [ RunTime:0.000369s ]
---------------------------------------------------------------
[ 2019-03-19T22:55:44+08:00 ] 58.251.121.184 GET www.gxfwz36524.com/secondclass/public/index.php/index/index/news/id/53.html
[ sql ] [ DB ] CONNECT:[ UseTime:0.000647s ] mysql:host=127.0.0.1;dbname=secondclass;charset=utf8
[ sql ] [ SQL ] SHOW COLUMNS FROM `settinginfo` [ RunTime:0.001466s ]
[ sql ] [ SQL ] SELECT * FROM `settinginfo` LIMIT 1 [ RunTime:0.000291s ]
[ sql ] [ SQL ] SHOW COLUMNS FROM `sys_navinfo` [ RunTime:0.001150s ]
[ sql ] [ SQL ] SELECT * FROM `sys_navinfo` WHERE  `display` = 1 [ RunTime:0.000292s ]
[ sql ] [ SQL ] SHOW COLUMNS FROM `activeinfo` [ RunTime:0.001294s ]
[ sql ] [ SQL ] SELECT * FROM `activeinfo` WHERE  `switch` = 1 [ RunTime:0.000393s ]
[ sql ] [ SQL ] SELECT * FROM `activeinfo` WHERE  `id` = 53 LIMIT 1 [ RunTime:0.000351s ]
---------------------------------------------------------------
[ 2019-03-19T22:55:44+08:00 ] 36.98.221.223 POST www.gxfwz36524.com/secondclass/public/index.php/index/index/isjoin
[ sql ] [ DB ] CONNECT:[ UseTime:0.000679s ] mysql:host=127.0.0.1;dbname=secondclass;charset=utf8
[ sql ] [ SQL ] SHOW COLUMNS FROM `settinginfo` [ RunTime:0.001432s ]
[ sql ] [ SQL ] SELECT * FROM `settinginfo` LIMIT 1 [ RunTime:0.000319s ]
[ sql ] [ SQL ] SHOW COLUMNS FROM `sys_navinfo` [ RunTime:0.001158s ]
[ sql ] [ SQL ] SELECT * FROM `sys_navinfo` WHERE  `display` = 1 [ RunTime:0.000333s ]
[ sql ] [ SQL ] SHOW COLUMNS FROM `activeinfo` [ RunTime:0.001324s ]
[ sql ] [ SQL ] SELECT * FROM `activeinfo` WHERE  `switch` = 1 [ RunTime:0.000362s ]
[ sql ] [ SQL ] SELECT * FROM `activeinfo` WHERE  `id` = 53 LIMIT 1 [ RunTime:0.000349s ]
[ sql ] [ SQL ] SHOW COLUMNS FROM `activejoin` [ RunTime:0.001170s ]
[ sql ] [ SQL ] SELECT * FROM `activejoin` WHERE  `typeid` = 53 [ RunTime:0.000460s ]
[ sql ] [ SQL ] SELECT * FROM `activejoin` WHERE  `schoolnum` = '2015512352'  AND `typeid` = 53 [ RunTime:0.000421s ]
---------------------------------------------------------------
[ 2019-03-19T22:55:47+08:00 ] 36.98.221.223 POST www.gxfwz36524.com/secondclass/public/index.php/index/index/pagelist
[ sql ] [ DB ] CONNECT:[ UseTime:0.000589s ] mysql:host=127.0.0.1;dbname=secondclass;charset=utf8
[ sql ] [ SQL ] SHOW COLUMNS FROM `settinginfo` [ RunTime:0.001429s ]
[ sql ] [ SQL ] SELECT * FROM `settinginfo` LIMIT 1 [ RunTime:0.000304s ]
[ sql ] [ SQL ] SHOW COLUMNS FROM `sys_navinfo` [ RunTime:0.001217s ]
[ sql ] [ SQL ] SELECT * FROM `sys_navinfo` WHERE  `display` = 1 [ RunTime:0.000322s ]
[ sql ] [ SQL ] SHOW COLUMNS FROM `activeinfo` [ RunTime:0.001285s ]
[ sql ] [ SQL ] SELECT * FROM `activeinfo` WHERE  `switch` = 1 [ RunTime:0.000362s ]
[ sql ] [ SQL ] SELECT * FROM `activeinfo` ORDER BY `time` DESC [ RunTime:0.000544s ]
---------------------------------------------------------------
[ 2019-03-19T22:55:55+08:00 ] 36.98.221.223 GET www.gxfwz36524.com/secondclass/public/index.php/index/index/news/id/55.html
[ sql ] [ DB ] CONNECT:[ UseTime:0.000639s ] mysql:host=127.0.0.1;dbname=secondclass;charset=utf8
[ sql ] [ SQL ] SHOW COLUMNS FROM `settinginfo` [ RunTime:0.001417s ]
[ sql ] [ SQL ] SELECT * FROM `settinginfo` LIMIT 1 [ RunTime:0.000311s ]
[ sql ] [ SQL ] SHOW COLUMNS FROM `sys_navinfo` [ RunTime:0.001184s ]
[ sql ] [ SQL ] SELECT * FROM `sys_navinfo` WHERE  `display` = 1 [ RunTime:0.000294s ]
[ sql ] [ SQL ] SHOW COLUMNS FROM `activeinfo` [ RunTime:0.001204s ]
[ sql ] [ SQL ] SELECT * FROM `activeinfo` WHERE  `switch` = 1 [ RunTime:0.000341s ]
[ sql ] [ SQL ] SELECT * FROM `activeinfo` WHERE  `id` = 55 LIMIT 1 [ RunTime:0.000378s ]
---------------------------------------------------------------
[ 2019-03-19T22:55:56+08:00 ] 36.98.221.223 POST www.gxfwz36524.com/secondclass/public/index.php/index/index/isjoin
[ sql ] [ DB ] CONNECT:[ UseTime:0.000605s ] mysql:host=127.0.0.1;dbname=secondclass;charset=utf8
[ sql ] [ SQL ] SHOW COLUMNS FROM `settinginfo` [ RunTime:0.001418s ]
[ sql ] [ SQL ] SELECT * FROM `settinginfo` LIMIT 1 [ RunTime:0.000284s ]
[ sql ] [ SQL ] SHOW COLUMNS FROM `sys_navinfo` [ RunTime:0.001144s ]
[ sql ] [ SQL ] SELECT * FROM `sys_navinfo` WHERE  `display` = 1 [ RunTime:0.000286s ]
[ sql ] [ SQL ] SHOW COLUMNS FROM `activeinfo` [ RunTime:0.001163s ]
[ sql ] [ SQL ] SELECT * FROM `activeinfo` WHERE  `switch` = 1 [ RunTime:0.000358s ]
[ sql ] [ SQL ] SELECT * FROM `activeinfo` WHERE  `id` = 55 LIMIT 1 [ RunTime:0.000282s ]
[ sql ] [ SQL ] SHOW COLUMNS FROM `activejoin` [ RunTime:0.001091s ]
[ sql ] [ SQL ] SELECT * FROM `activejoin` WHERE  `typeid` = 55 [ RunTime:0.000430s ]
[ sql ] [ SQL ] SELECT * FROM `activejoin` WHERE  `schoolnum` = '2015512352'  AND `typeid` = 55 [ RunTime:0.000401s ]
---------------------------------------------------------------
[ 2019-03-19T22:56:15+08:00 ] 221.192.179.240 GET www.gxfwz36524.com/secondclass/public/index.php/index/index/news/id/55.html
[ sql ] [ DB ] CONNECT:[ UseTime:0.000631s ] mysql:host=127.0.0.1;dbname=secondclass;charset=utf8
[ sql ] [ SQL ] SHOW COLUMNS FROM `settinginfo` [ RunTime:0.001458s ]
[ sql ] [ SQL ] SELECT * FROM `settinginfo` LIMIT 1 [ RunTime:0.000320s ]
[ sql ] [ SQL ] SHOW COLUMNS FROM `sys_navinfo` [ RunTime:0.001181s ]
[ sql ] [ SQL ] SELECT * FROM `sys_navinfo` WHERE  `display` = 1 [ RunTime:0.000334s ]
[ sql ] [ SQL ] SHOW COLUMNS FROM `activeinfo` [ RunTime:0.001185s ]
[ sql ] [ SQL ] SELECT * FROM `activeinfo` WHERE  `switch` = 1 [ RunTime:0.000361s ]
[ sql ] [ SQL ] SELECT * FROM `activeinfo` WHERE  `id` = 55 LIMIT 1 [ RunTime:0.000287s ]
---------------------------------------------------------------
[ 2019-03-19T22:56:16+08:00 ] 221.192.179.240 POST www.gxfwz36524.com/secondclass/public/index.php/index/index/isjoin
[ sql ] [ DB ] CONNECT:[ UseTime:0.000803s ] mysql:host=127.0.0.1;dbname=secondclass;charset=utf8
[ sql ] [ SQL ] SHOW COLUMNS FROM `settinginfo` [ RunTime:0.001607s ]
[ sql ] [ SQL ] SELECT * FROM `settinginfo` LIMIT 1 [ RunTime:0.000381s ]
[ sql ] [ SQL ] SHOW COLUMNS FROM `sys_navinfo` [ RunTime:0.001348s ]
[ sql ] [ SQL ] SELECT * FROM `sys_navinfo` WHERE  `display` = 1 [ RunTime:0.000382s ]
[ sql ] [ SQL ] SHOW COLUMNS FROM `activeinfo` [ RunTime:0.001362s ]
[ sql ] [ SQL ] SELECT * FROM `activeinfo` WHERE  `switch` = 1 [ RunTime:0.000436s ]
[ sql ] [ SQL ] SELECT * FROM `activeinfo` WHERE  `id` = 55 LIMIT 1 [ RunTime:0.000369s ]
[ sql ] [ SQL ] SHOW COLUMNS FROM `activejoin` [ RunTime:0.001261s ]
[ sql ] [ SQL ] SELECT * FROM `activejoin` WHERE  `typeid` = 55 [ RunTime:0.000786s ]
[ sql ] [ SQL ] SELECT * FROM `activejoin` WHERE  `schoolnum` = ''  AND `typeid` = 55 [ RunTime:0.000645s ]
---------------------------------------------------------------
[ 2019-03-19T22:56:19+08:00 ] 221.192.179.240 GET www.gxfwz36524.com/secondclass/public/index.php/index/index/index
[ sql ] [ DB ] CONNECT:[ UseTime:0.000661s ] mysql:host=127.0.0.1;dbname=secondclass;charset=utf8
[ sql ] [ SQL ] SHOW COLUMNS FROM `settinginfo` [ RunTime:0.001457s ]
[ sql ] [ SQL ] SELECT * FROM `settinginfo` LIMIT 1 [ RunTime:0.000282s ]
[ sql ] [ SQL ] SHOW COLUMNS FROM `sys_navinfo` [ RunTime:0.001308s ]
[ sql ] [ SQL ] SELECT * FROM `sys_navinfo` WHERE  `display` = 1 [ RunTime:0.000291s ]
[ sql ] [ SQL ] SHOW COLUMNS FROM `activeinfo` [ RunTime:0.001229s ]
[ sql ] [ SQL ] SELECT * FROM `activeinfo` WHERE  `switch` = 1 [ RunTime:0.000345s ]
[ sql ] [ SQL ] SELECT * FROM `activeinfo` WHERE  `switch` = 1 ORDER BY `time` DESC,`id` DESC [ RunTime:0.000639s ]
---------------------------------------------------------------
[ 2019-03-19T22:56:26+08:00 ] 36.98.221.223 POST www.gxfwz36524.com/secondclass/public/index.php/index/index/pagelist
[ sql ] [ DB ] CONNECT:[ UseTime:0.000625s ] mysql:host=127.0.0.1;dbname=secondclass;charset=utf8
[ sql ] [ SQL ] SHOW COLUMNS FROM `settinginfo` [ RunTime:0.001454s ]
[ sql ] [ SQL ] SELECT * FROM `settinginfo` LIMIT 1 [ RunTime:0.000318s ]
[ sql ] [ SQL ] SHOW COLUMNS FROM `sys_navinfo` [ RunTime:0.001200s ]
[ sql ] [ SQL ] SELECT * FROM `sys_navinfo` WHERE  `display` = 1 [ RunTime:0.000331s ]
[ sql ] [ SQL ] SHOW COLUMNS FROM `activeinfo` [ RunTime:0.001218s ]
[ sql ] [ SQL ] SELECT * FROM `activeinfo` WHERE  `switch` = 1 [ RunTime:0.000354s ]
[ sql ] [ SQL ] SELECT * FROM `activeinfo` ORDER BY `time` DESC [ RunTime:0.000526s ]
---------------------------------------------------------------
[ 2019-03-19T22:56:31+08:00 ] 36.98.221.223 GET www.gxfwz36524.com/secondclass/public/index.php/index/index/personal.html
[ sql ] [ DB ] CONNECT:[ UseTime:0.000685s ] mysql:host=127.0.0.1;dbname=secondclass;charset=utf8
[ sql ] [ SQL ] SHOW COLUMNS FROM `settinginfo` [ RunTime:0.001424s ]
[ sql ] [ SQL ] SELECT * FROM `settinginfo` LIMIT 1 [ RunTime:0.000299s ]
[ sql ] [ SQL ] SHOW COLUMNS FROM `sys_navinfo` [ RunTime:0.001177s ]
[ sql ] [ SQL ] SELECT * FROM `sys_navinfo` WHERE  `display` = 1 [ RunTime:0.000289s ]
[ sql ] [ SQL ] SHOW COLUMNS FROM `activeinfo` [ RunTime:0.001202s ]
[ sql ] [ SQL ] SELECT * FROM `activeinfo` WHERE  `switch` = 1 [ RunTime:0.000337s ]
[ sql ] [ SQL ] SHOW COLUMNS FROM `activejoin` [ RunTime:0.001115s ]
[ sql ] [ SQL ] SELECT `typeid` FROM `activejoin` WHERE  `schoolnum` = '2015512352'  AND `switch` = 1 [ RunTime:0.000394s ]
[ sql ] [ SQL ] SHOW COLUMNS FROM `activescore` [ RunTime:0.001150s ]
[ sql ] [ SQL ] SELECT * FROM `activescore` WHERE  `schoolnum` = '2015512352' LIMIT 1 [ RunTime:0.000435s ]
[ sql ] [ SQL ] UPDATE `activescore`  SET `actives`=''  WHERE  `schoolnum` = '2015512352' [ RunTime:0.000476s ]
---------------------------------------------------------------
[ 2019-03-19T22:56:55+08:00 ] 36.98.221.223 GET www.gxfwz36524.com/secondclass/public/index.php/index/index/news/id/50.html
[ sql ] [ DB ] CONNECT:[ UseTime:0.000635s ] mysql:host=127.0.0.1;dbname=secondclass;charset=utf8
[ sql ] [ SQL ] SHOW COLUMNS FROM `settinginfo` [ RunTime:0.001489s ]
[ sql ] [ SQL ] SELECT * FROM `settinginfo` LIMIT 1 [ RunTime:0.000314s ]
[ sql ] [ SQL ] SHOW COLUMNS FROM `sys_navinfo` [ RunTime:0.001252s ]
[ sql ] [ SQL ] SELECT * FROM `sys_navinfo` WHERE  `display` = 1 [ RunTime:0.000293s ]
[ sql ] [ SQL ] SHOW COLUMNS FROM `activeinfo` [ RunTime:0.001305s ]
[ sql ] [ SQL ] SELECT * FROM `activeinfo` WHERE  `switch` = 1 [ RunTime:0.000355s ]
[ sql ] [ SQL ] SELECT * FROM `activeinfo` WHERE  `id` = 50 LIMIT 1 [ RunTime:0.000360s ]
---------------------------------------------------------------
[ 2019-03-19T22:56:55+08:00 ] 36.98.221.223 POST www.gxfwz36524.com/secondclass/public/index.php/index/index/isjoin
[ sql ] [ DB ] CONNECT:[ UseTime:0.000755s ] mysql:host=127.0.0.1;dbname=secondclass;charset=utf8
[ sql ] [ SQL ] SHOW COLUMNS FROM `settinginfo` [ RunTime:0.001532s ]
[ sql ] [ SQL ] SELECT * FROM `settinginfo` LIMIT 1 [ RunTime:0.000331s ]
[ sql ] [ SQL ] SHOW COLUMNS FROM `sys_navinfo` [ RunTime:0.001205s ]
[ sql ] [ SQL ] SELECT * FROM `sys_navinfo` WHERE  `display` = 1 [ RunTime:0.000295s ]
[ sql ] [ SQL ] SHOW COLUMNS FROM `activeinfo` [ RunTime:0.001248s ]
[ sql ] [ SQL ] SELECT * FROM `activeinfo` WHERE  `switch` = 1 [ RunTime:0.000371s ]
[ sql ] [ SQL ] SELECT * FROM `activeinfo` WHERE  `id` = 50 LIMIT 1 [ RunTime:0.000324s ]
[ sql ] [ SQL ] SHOW COLUMNS FROM `activejoin` [ RunTime:0.001197s ]
[ sql ] [ SQL ] SELECT * FROM `activejoin` WHERE  `typeid` = 50 [ RunTime:0.000557s ]
---------------------------------------------------------------
[ 2019-03-19T22:56:59+08:00 ] 36.98.221.223 GET www.gxfwz36524.com/secondclass/public/index.php/index/index/news/id/51.html
[ sql ] [ DB ] CONNECT:[ UseTime:0.000682s ] mysql:host=127.0.0.1;dbname=secondclass;charset=utf8
[ sql ] [ SQL ] SHOW COLUMNS FROM `settinginfo` [ RunTime:0.001494s ]
[ sql ] [ SQL ] SELECT * FROM `settinginfo` LIMIT 1 [ RunTime:0.000297s ]
[ sql ] [ SQL ] SHOW COLUMNS FROM `sys_navinfo` [ RunTime:0.001137s ]
[ sql ] [ SQL ] SELECT * FROM `sys_navinfo` WHERE  `display` = 1 [ RunTime:0.000306s ]
[ sql ] [ SQL ] SHOW COLUMNS FROM `activeinfo` [ RunTime:0.001225s ]
[ sql ] [ SQL ] SELECT * FROM `activeinfo` WHERE  `switch` = 1 [ RunTime:0.000348s ]
[ sql ] [ SQL ] SELECT * FROM `activeinfo` WHERE  `id` = 51 LIMIT 1 [ RunTime:0.000311s ]
---------------------------------------------------------------
[ 2019-03-19T22:57:00+08:00 ] 36.98.221.223 POST www.gxfwz36524.com/secondclass/public/index.php/index/index/isjoin
[ sql ] [ DB ] CONNECT:[ UseTime:0.000702s ] mysql:host=127.0.0.1;dbname=secondclass;charset=utf8
[ sql ] [ SQL ] SHOW COLUMNS FROM `settinginfo` [ RunTime:0.001466s ]
[ sql ] [ SQL ] SELECT * FROM `settinginfo` LIMIT 1 [ RunTime:0.000295s ]
[ sql ] [ SQL ] SHOW COLUMNS FROM `sys_navinfo` [ RunTime:0.001192s ]
[ sql ] [ SQL ] SELECT * FROM `sys_navinfo` WHERE  `display` = 1 [ RunTime:0.000349s ]
[ sql ] [ SQL ] SHOW COLUMNS FROM `activeinfo` [ RunTime:0.001262s ]
[ sql ] [ SQL ] SELECT * FROM `activeinfo` WHERE  `switch` = 1 [ RunTime:0.000371s ]
[ sql ] [ SQL ] SELECT * FROM `activeinfo` WHERE  `id` = 51 LIMIT 1 [ RunTime:0.000329s ]
[ sql ] [ SQL ] SHOW COLUMNS FROM `activejoin` [ RunTime:0.001145s ]
[ sql ] [ SQL ] SELECT * FROM `activejoin` WHERE  `typeid` = 51 [ RunTime:0.000461s ]
---------------------------------------------------------------
[ 2019-03-19T22:57:03+08:00 ] 36.98.221.223 GET www.gxfwz36524.com/secondclass/public/index.php/index/index/news/id/52.html
[ sql ] [ DB ] CONNECT:[ UseTime:0.000626s ] mysql:host=127.0.0.1;dbname=secondclass;charset=utf8
[ sql ] [ SQL ] SHOW COLUMNS FROM `settinginfo` [ RunTime:0.001445s ]
[ sql ] [ SQL ] SELECT * FROM `settinginfo` LIMIT 1 [ RunTime:0.000325s ]
[ sql ] [ SQL ] SHOW COLUMNS FROM `sys_navinfo` [ RunTime:0.001168s ]
[ sql ] [ SQL ] SELECT * FROM `sys_navinfo` WHERE  `display` = 1 [ RunTime:0.000308s ]
[ sql ] [ SQL ] SHOW COLUMNS FROM `activeinfo` [ RunTime:0.001249s ]
[ sql ] [ SQL ] SELECT * FROM `activeinfo` WHERE  `switch` = 1 [ RunTime:0.000364s ]
[ sql ] [ SQL ] SELECT * FROM `activeinfo` WHERE  `id` = 52 LIMIT 1 [ RunTime:0.000340s ]
---------------------------------------------------------------
[ 2019-03-19T22:57:03+08:00 ] 36.98.221.223 POST www.gxfwz36524.com/secondclass/public/index.php/index/index/isjoin
[ sql ] [ DB ] CONNECT:[ UseTime:0.000669s ] mysql:host=127.0.0.1;dbname=secondclass;charset=utf8
[ sql ] [ SQL ] SHOW COLUMNS FROM `settinginfo` [ RunTime:0.001485s ]
[ sql ] [ SQL ] SELECT * FROM `settinginfo` LIMIT 1 [ RunTime:0.000290s ]
[ sql ] [ SQL ] SHOW COLUMNS FROM `sys_navinfo` [ RunTime:0.001155s ]
[ sql ] [ SQL ] SELECT * FROM `sys_navinfo` WHERE  `display` = 1 [ RunTime:0.000362s ]
[ sql ] [ SQL ] SHOW COLUMNS FROM `activeinfo` [ RunTime:0.001272s ]
[ sql ] [ SQL ] SELECT * FROM `activeinfo` WHERE  `switch` = 1 [ RunTime:0.000358s ]
[ sql ] [ SQL ] SELECT * FROM `activeinfo` WHERE  `id` = 52 LIMIT 1 [ RunTime:0.000363s ]
[ sql ] [ SQL ] SHOW COLUMNS FROM `activejoin` [ RunTime:0.001126s ]
[ sql ] [ SQL ] SELECT * FROM `activejoin` WHERE  `typeid` = 52 [ RunTime:0.000458s ]
---------------------------------------------------------------
[ 2019-03-19T22:57:07+08:00 ] 36.98.221.223 GET www.gxfwz36524.com/secondclass/public/index.php/index/index/news/id/53.html
[ sql ] [ DB ] CONNECT:[ UseTime:0.000629s ] mysql:host=127.0.0.1;dbname=secondclass;charset=utf8
[ sql ] [ SQL ] SHOW COLUMNS FROM `settinginfo` [ RunTime:0.001729s ]
[ sql ] [ SQL ] SELECT * FROM `settinginfo` LIMIT 1 [ RunTime:0.000311s ]
[ sql ] [ SQL ] SHOW COLUMNS FROM `sys_navinfo` [ RunTime:0.001142s ]
[ sql ] [ SQL ] SELECT * FROM `sys_navinfo` WHERE  `display` = 1 [ RunTime:0.000291s ]
[ sql ] [ SQL ] SHOW COLUMNS FROM `activeinfo` [ RunTime:0.001212s ]
[ sql ] [ SQL ] SELECT * FROM `activeinfo` WHERE  `switch` = 1 [ RunTime:0.000366s ]
[ sql ] [ SQL ] SELECT * FROM `activeinfo` WHERE  `id` = 53 LIMIT 1 [ RunTime:0.000313s ]
---------------------------------------------------------------
[ 2019-03-19T22:57:07+08:00 ] 36.98.221.223 POST www.gxfwz36524.com/secondclass/public/index.php/index/index/isjoin
[ sql ] [ DB ] CONNECT:[ UseTime:0.000649s ] mysql:host=127.0.0.1;dbname=secondclass;charset=utf8
[ sql ] [ SQL ] SHOW COLUMNS FROM `settinginfo` [ RunTime:0.001472s ]
[ sql ] [ SQL ] SELECT * FROM `settinginfo` LIMIT 1 [ RunTime:0.000298s ]
[ sql ] [ SQL ] SHOW COLUMNS FROM `sys_navinfo` [ RunTime:0.001296s ]
[ sql ] [ SQL ] SELECT * FROM `sys_navinfo` WHERE  `display` = 1 [ RunTime:0.000380s ]
[ sql ] [ SQL ] SHOW COLUMNS FROM `activeinfo` [ RunTime:0.001445s ]
[ sql ] [ SQL ] SELECT * FROM `activeinfo` WHERE  `switch` = 1 [ RunTime:0.000451s ]
[ sql ] [ SQL ] SELECT * FROM `activeinfo` WHERE  `id` = 53 LIMIT 1 [ RunTime:0.000345s ]
[ sql ] [ SQL ] SHOW COLUMNS FROM `activejoin` [ RunTime:0.001130s ]
[ sql ] [ SQL ] SELECT * FROM `activejoin` WHERE  `typeid` = 53 [ RunTime:0.000430s ]
[ sql ] [ SQL ] SELECT * FROM `activejoin` WHERE  `schoolnum` = '2015512352'  AND `typeid` = 53 [ RunTime:0.000405s ]
---------------------------------------------------------------
[ 2019-03-19T22:57:11+08:00 ] 36.98.221.223 GET www.gxfwz36524.com/secondclass/public/index.php/index/index/news/id/54.html
[ sql ] [ DB ] CONNECT:[ UseTime:0.000623s ] mysql:host=127.0.0.1;dbname=secondclass;charset=utf8
[ sql ] [ SQL ] SHOW COLUMNS FROM `settinginfo` [ RunTime:0.001542s ]
[ sql ] [ SQL ] SELECT * FROM `settinginfo` LIMIT 1 [ RunTime:0.000332s ]
[ sql ] [ SQL ] SHOW COLUMNS FROM `sys_navinfo` [ RunTime:0.001158s ]
[ sql ] [ SQL ] SELECT * FROM `sys_navinfo` WHERE  `display` = 1 [ RunTime:0.000310s ]
[ sql ] [ SQL ] SHOW COLUMNS FROM `activeinfo` [ RunTime:0.001266s ]
[ sql ] [ SQL ] SELECT * FROM `activeinfo` WHERE  `switch` = 1 [ RunTime:0.000359s ]
[ sql ] [ SQL ] SELECT * FROM `activeinfo` WHERE  `id` = 54 LIMIT 1 [ RunTime:0.000340s ]
---------------------------------------------------------------
[ 2019-03-19T22:57:12+08:00 ] 36.98.221.223 POST www.gxfwz36524.com/secondclass/public/index.php/index/index/isjoin
[ sql ] [ DB ] CONNECT:[ UseTime:0.000619s ] mysql:host=127.0.0.1;dbname=secondclass;charset=utf8
[ sql ] [ SQL ] SHOW COLUMNS FROM `settinginfo` [ RunTime:0.001384s ]
[ sql ] [ SQL ] SELECT * FROM `settinginfo` LIMIT 1 [ RunTime:0.000304s ]
[ sql ] [ SQL ] SHOW COLUMNS FROM `sys_navinfo` [ RunTime:0.001137s ]
[ sql ] [ SQL ] SELECT * FROM `sys_navinfo` WHERE  `display` = 1 [ RunTime:0.000287s ]
[ sql ] [ SQL ] SHOW COLUMNS FROM `activeinfo` [ RunTime:0.001197s ]
[ sql ] [ SQL ] SELECT * FROM `activeinfo` WHERE  `switch` = 1 [ RunTime:0.000336s ]
[ sql ] [ SQL ] SELECT * FROM `activeinfo` WHERE  `id` = 54 LIMIT 1 [ RunTime:0.000306s ]
[ sql ] [ SQL ] SHOW COLUMNS FROM `activejoin` [ RunTime:0.001103s ]
[ sql ] [ SQL ] SELECT * FROM `activejoin` WHERE  `typeid` = 54 [ RunTime:0.000434s ]
---------------------------------------------------------------
[ 2019-03-19T22:57:16+08:00 ] 36.98.221.223 GET www.gxfwz36524.com/secondclass/public/index.php/index/index/news/id/55.html
[ sql ] [ DB ] CONNECT:[ UseTime:0.000661s ] mysql:host=127.0.0.1;dbname=secondclass;charset=utf8
[ sql ] [ SQL ] SHOW COLUMNS FROM `settinginfo` [ RunTime:0.001571s ]
[ sql ] [ SQL ] SELECT * FROM `settinginfo` LIMIT 1 [ RunTime:0.000363s ]
[ sql ] [ SQL ] SHOW COLUMNS FROM `sys_navinfo` [ RunTime:0.001160s ]
[ sql ] [ SQL ] SELECT * FROM `sys_navinfo` WHERE  `display` = 1 [ RunTime:0.000283s ]
[ sql ] [ SQL ] SHOW COLUMNS FROM `activeinfo` [ RunTime:0.001162s ]
[ sql ] [ SQL ] SELECT * FROM `activeinfo` WHERE  `switch` = 1 [ RunTime:0.000374s ]
[ sql ] [ SQL ] SELECT * FROM `activeinfo` WHERE  `id` = 55 LIMIT 1 [ RunTime:0.000297s ]
---------------------------------------------------------------
[ 2019-03-19T22:57:16+08:00 ] 36.98.221.223 POST www.gxfwz36524.com/secondclass/public/index.php/index/index/isjoin
[ sql ] [ DB ] CONNECT:[ UseTime:0.000644s ] mysql:host=127.0.0.1;dbname=secondclass;charset=utf8
[ sql ] [ SQL ] SHOW COLUMNS FROM `settinginfo` [ RunTime:0.001465s ]
[ sql ] [ SQL ] SELECT * FROM `settinginfo` LIMIT 1 [ RunTime:0.000302s ]
[ sql ] [ SQL ] SHOW COLUMNS FROM `sys_navinfo` [ RunTime:0.001242s ]
[ sql ] [ SQL ] SELECT * FROM `sys_navinfo` WHERE  `display` = 1 [ RunTime:0.000297s ]
[ sql ] [ SQL ] SHOW COLUMNS FROM `activeinfo` [ RunTime:0.001314s ]
[ sql ] [ SQL ] SELECT * FROM `activeinfo` WHERE  `switch` = 1 [ RunTime:0.000358s ]
[ sql ] [ SQL ] SELECT * FROM `activeinfo` WHERE  `id` = 55 LIMIT 1 [ RunTime:0.000318s ]
[ sql ] [ SQL ] SHOW COLUMNS FROM `activejoin` [ RunTime:0.001186s ]
[ sql ] [ SQL ] SELECT * FROM `activejoin` WHERE  `typeid` = 55 [ RunTime:0.000483s ]
[ sql ] [ SQL ] SELECT * FROM `activejoin` WHERE  `schoolnum` = '2015512352'  AND `typeid` = 55 [ RunTime:0.000414s ]
---------------------------------------------------------------
[ 2019-03-19T22:57:38+08:00 ] 221.192.179.240 POST www.gxfwz36524.com/secondclass/public/index.php/index/index/cheakuser
[ sql ] [ DB ] CONNECT:[ UseTime:0.000663s ] mysql:host=127.0.0.1;dbname=secondclass;charset=utf8
[ sql ] [ SQL ] SHOW COLUMNS FROM `settinginfo` [ RunTime:0.001455s ]
[ sql ] [ SQL ] SELECT * FROM `settinginfo` LIMIT 1 [ RunTime:0.000280s ]
[ sql ] [ SQL ] SHOW COLUMNS FROM `sys_navinfo` [ RunTime:0.001203s ]
[ sql ] [ SQL ] SELECT * FROM `sys_navinfo` WHERE  `display` = 1 [ RunTime:0.000285s ]
[ sql ] [ SQL ] SHOW COLUMNS FROM `activeinfo` [ RunTime:0.001202s ]
[ sql ] [ SQL ] SELECT * FROM `activeinfo` WHERE  `switch` = 1 [ RunTime:0.000346s ]
---------------------------------------------------------------
[ 2019-03-19T22:57:41+08:00 ] 221.192.179.240 GET www.gxfwz36524.com/secondclass/public/index.php/index/index/index.html
[ sql ] [ DB ] CONNECT:[ UseTime:0.000626s ] mysql:host=127.0.0.1;dbname=secondclass;charset=utf8
[ sql ] [ SQL ] SHOW COLUMNS FROM `settinginfo` [ RunTime:0.001441s ]
[ sql ] [ SQL ] SELECT * FROM `settinginfo` LIMIT 1 [ RunTime:0.000286s ]
[ sql ] [ SQL ] SHOW COLUMNS FROM `sys_navinfo` [ RunTime:0.001201s ]
[ sql ] [ SQL ] SELECT * FROM `sys_navinfo` WHERE  `display` = 1 [ RunTime:0.000326s ]
[ sql ] [ SQL ] SHOW COLUMNS FROM `activeinfo` [ RunTime:0.001269s ]
[ sql ] [ SQL ] SELECT * FROM `activeinfo` WHERE  `switch` = 1 [ RunTime:0.000387s ]
[ sql ] [ SQL ] SELECT * FROM `activeinfo` WHERE  `switch` = 1 ORDER BY `time` DESC,`id` DESC [ RunTime:0.000475s ]
---------------------------------------------------------------
[ 2019-03-19T22:57:46+08:00 ] 221.192.179.240 GET www.gxfwz36524.com/secondclass/public/index.php/index/index/news/id/55.html
[ sql ] [ DB ] CONNECT:[ UseTime:0.000668s ] mysql:host=127.0.0.1;dbname=secondclass;charset=utf8
[ sql ] [ SQL ] SHOW COLUMNS FROM `settinginfo` [ RunTime:0.001420s ]
[ sql ] [ SQL ] SELECT * FROM `settinginfo` LIMIT 1 [ RunTime:0.000310s ]
[ sql ] [ SQL ] SHOW COLUMNS FROM `sys_navinfo` [ RunTime:0.001163s ]
[ sql ] [ SQL ] SELECT * FROM `sys_navinfo` WHERE  `display` = 1 [ RunTime:0.000294s ]
[ sql ] [ SQL ] SHOW COLUMNS FROM `activeinfo` [ RunTime:0.001255s ]
[ sql ] [ SQL ] SELECT * FROM `activeinfo` WHERE  `switch` = 1 [ RunTime:0.000372s ]
[ sql ] [ SQL ] SELECT * FROM `activeinfo` WHERE  `id` = 55 LIMIT 1 [ RunTime:0.000307s ]
---------------------------------------------------------------
[ 2019-03-19T22:57:46+08:00 ] 221.192.179.240 POST www.gxfwz36524.com/secondclass/public/index.php/index/index/isjoin
[ sql ] [ DB ] CONNECT:[ UseTime:0.000815s ] mysql:host=127.0.0.1;dbname=secondclass;charset=utf8
[ sql ] [ SQL ] SHOW COLUMNS FROM `settinginfo` [ RunTime:0.001792s ]
[ sql ] [ SQL ] SELECT * FROM `settinginfo` LIMIT 1 [ RunTime:0.000387s ]
[ sql ] [ SQL ] SHOW COLUMNS FROM `sys_navinfo` [ RunTime:0.001485s ]
[ sql ] [ SQL ] SELECT * FROM `sys_navinfo` WHERE  `display` = 1 [ RunTime:0.000388s ]
[ sql ] [ SQL ] SHOW COLUMNS FROM `activeinfo` [ RunTime:0.001504s ]
[ sql ] [ SQL ] SELECT * FROM `activeinfo` WHERE  `switch` = 1 [ RunTime:0.000483s ]
[ sql ] [ SQL ] SELECT * FROM `activeinfo` WHERE  `id` = 55 LIMIT 1 [ RunTime:0.000395s ]
[ sql ] [ SQL ] SHOW COLUMNS FROM `activejoin` [ RunTime:0.001395s ]
[ sql ] [ SQL ] SELECT * FROM `activejoin` WHERE  `typeid` = 55 [ RunTime:0.000667s ]
[ sql ] [ SQL ] SELECT * FROM `activejoin` WHERE  `schoolnum` = '2017512924'  AND `typeid` = 55 [ RunTime:0.000676s ]
---------------------------------------------------------------
[ 2019-03-19T22:57:50+08:00 ] 221.192.179.240 POST www.gxfwz36524.com/secondclass/public/index.php/index/index/join
[ sql ] [ DB ] CONNECT:[ UseTime:0.000668s ] mysql:host=127.0.0.1;dbname=secondclass;charset=utf8
[ sql ] [ SQL ] SHOW COLUMNS FROM `settinginfo` [ RunTime:0.001522s ]
[ sql ] [ SQL ] SELECT * FROM `settinginfo` LIMIT 1 [ RunTime:0.000310s ]
[ sql ] [ SQL ] SHOW COLUMNS FROM `sys_navinfo` [ RunTime:0.001205s ]
[ sql ] [ SQL ] SELECT * FROM `sys_navinfo` WHERE  `display` = 1 [ RunTime:0.000314s ]
[ sql ] [ SQL ] SHOW COLUMNS FROM `activeinfo` [ RunTime:0.001241s ]
[ sql ] [ SQL ] SELECT * FROM `activeinfo` WHERE  `switch` = 1 [ RunTime:0.000357s ]
[ sql ] [ SQL ] SELECT * FROM `activeinfo` WHERE  `id` = 55 LIMIT 1 [ RunTime:0.000329s ]
[ sql ] [ SQL ] SHOW COLUMNS FROM `activejoin` [ RunTime:0.001157s ]
[ sql ] [ SQL ] SELECT * FROM `activejoin` WHERE  `typeid` = 55 [ RunTime:0.000416s ]
[ sql ] [ SQL ] SELECT * FROM `activejoin` WHERE  `schoolnum` = '2017512924'  AND `typeid` = 55 [ RunTime:0.000485s ]
[ sql ] [ SQL ] INSERT INTO `activejoin` (`typeid` , `schoolnum` , `switch`) VALUES (55 , '2017512924' , 0) [ RunTime:0.003040s ]
---------------------------------------------------------------
[ 2019-03-19T22:58:06+08:00 ] 221.192.179.240 GET www.gxfwz36524.com/secondclass/public/index.php/index/index/news/id/55.html
[ sql ] [ DB ] CONNECT:[ UseTime:0.000626s ] mysql:host=127.0.0.1;dbname=secondclass;charset=utf8
[ sql ] [ SQL ] SHOW COLUMNS FROM `settinginfo` [ RunTime:0.001454s ]
[ sql ] [ SQL ] SELECT * FROM `settinginfo` LIMIT 1 [ RunTime:0.000310s ]
[ sql ] [ SQL ] SHOW COLUMNS FROM `sys_navinfo` [ RunTime:0.001162s ]
[ sql ] [ SQL ] SELECT * FROM `sys_navinfo` WHERE  `display` = 1 [ RunTime:0.000366s ]
[ sql ] [ SQL ] SHOW COLUMNS FROM `activeinfo` [ RunTime:0.001307s ]
[ sql ] [ SQL ] SELECT * FROM `activeinfo` WHERE  `switch` = 1 [ RunTime:0.000409s ]
[ sql ] [ SQL ] SELECT * FROM `activeinfo` WHERE  `id` = 55 LIMIT 1 [ RunTime:0.000325s ]
---------------------------------------------------------------
[ 2019-03-19T22:58:07+08:00 ] 221.192.179.240 POST www.gxfwz36524.com/secondclass/public/index.php/index/index/isjoin
[ sql ] [ DB ] CONNECT:[ UseTime:0.000658s ] mysql:host=127.0.0.1;dbname=secondclass;charset=utf8
[ sql ] [ SQL ] SHOW COLUMNS FROM `settinginfo` [ RunTime:0.001568s ]
[ sql ] [ SQL ] SELECT * FROM `settinginfo` LIMIT 1 [ RunTime:0.000293s ]
[ sql ] [ SQL ] SHOW COLUMNS FROM `sys_navinfo` [ RunTime:0.001245s ]
[ sql ] [ SQL ] SELECT * FROM `sys_navinfo` WHERE  `display` = 1 [ RunTime:0.000299s ]
[ sql ] [ SQL ] SHOW COLUMNS FROM `activeinfo` [ RunTime:0.001203s ]
[ sql ] [ SQL ] SELECT * FROM `activeinfo` WHERE  `switch` = 1 [ RunTime:0.000351s ]
[ sql ] [ SQL ] SELECT * FROM `activeinfo` WHERE  `id` = 55 LIMIT 1 [ RunTime:0.000291s ]
[ sql ] [ SQL ] SHOW COLUMNS FROM `activejoin` [ RunTime:0.001139s ]
[ sql ] [ SQL ] SELECT * FROM `activejoin` WHERE  `typeid` = 55 [ RunTime:0.000420s ]
[ sql ] [ SQL ] SELECT * FROM `activejoin` WHERE  `schoolnum` = '2017512924'  AND `typeid` = 55 [ RunTime:0.000443s ]
---------------------------------------------------------------
[ 2019-03-19T22:58:16+08:00 ] 221.192.179.240 GET www.gxfwz36524.com/secondclass/public/index.php/index/index/index
[ sql ] [ DB ] CONNECT:[ UseTime:0.000693s ] mysql:host=127.0.0.1;dbname=secondclass;charset=utf8
[ sql ] [ SQL ] SHOW COLUMNS FROM `settinginfo` [ RunTime:0.001551s ]
[ sql ] [ SQL ] SELECT * FROM `settinginfo` LIMIT 1 [ RunTime:0.000304s ]
[ sql ] [ SQL ] SHOW COLUMNS FROM `sys_navinfo` [ RunTime:0.001187s ]
[ sql ] [ SQL ] SELECT * FROM `sys_navinfo` WHERE  `display` = 1 [ RunTime:0.000366s ]
[ sql ] [ SQL ] SHOW COLUMNS FROM `activeinfo` [ RunTime:0.001333s ]
[ sql ] [ SQL ] SELECT * FROM `activeinfo` WHERE  `switch` = 1 [ RunTime:0.000400s ]
[ sql ] [ SQL ] SELECT * FROM `activeinfo` WHERE  `switch` = 1 ORDER BY `time` DESC,`id` DESC [ RunTime:0.000498s ]
---------------------------------------------------------------
[ 2019-03-19T22:58:17+08:00 ] 221.192.179.240 POST www.gxfwz36524.com/secondclass/public/index.php/index/index/quit
[ sql ] [ DB ] CONNECT:[ UseTime:0.000599s ] mysql:host=127.0.0.1;dbname=secondclass;charset=utf8
[ sql ] [ SQL ] SHOW COLUMNS FROM `settinginfo` [ RunTime:0.001444s ]
[ sql ] [ SQL ] SELECT * FROM `settinginfo` LIMIT 1 [ RunTime:0.000284s ]
[ sql ] [ SQL ] SHOW COLUMNS FROM `sys_navinfo` [ RunTime:0.001216s ]
[ sql ] [ SQL ] SELECT * FROM `sys_navinfo` WHERE  `display` = 1 [ RunTime:0.000302s ]
[ sql ] [ SQL ] SHOW COLUMNS FROM `activeinfo` [ RunTime:0.001235s ]
[ sql ] [ SQL ] SELECT * FROM `activeinfo` WHERE  `switch` = 1 [ RunTime:0.000354s ]
---------------------------------------------------------------
[ 2019-03-19T22:58:19+08:00 ] 221.192.179.240 GET www.gxfwz36524.com/secondclass/public/
[ sql ] [ DB ] CONNECT:[ UseTime:0.000631s ] mysql:host=127.0.0.1;dbname=secondclass;charset=utf8
[ sql ] [ SQL ] SHOW COLUMNS FROM `settinginfo` [ RunTime:0.001528s ]
[ sql ] [ SQL ] SELECT * FROM `settinginfo` LIMIT 1 [ RunTime:0.000284s ]
[ sql ] [ SQL ] SHOW COLUMNS FROM `sys_navinfo` [ RunTime:0.001146s ]
[ sql ] [ SQL ] SELECT * FROM `sys_navinfo` WHERE  `display` = 1 [ RunTime:0.000284s ]
[ sql ] [ SQL ] SHOW COLUMNS FROM `activeinfo` [ RunTime:0.001168s ]
[ sql ] [ SQL ] SELECT * FROM `activeinfo` WHERE  `switch` = 1 [ RunTime:0.000333s ]
[ sql ] [ SQL ] SELECT * FROM `activeinfo` WHERE  `switch` = 1 ORDER BY `time` DESC,`id` DESC [ RunTime:0.000490s ]
---------------------------------------------------------------
[ 2019-03-19T22:58:20+08:00 ] 59.36.119.226 GET www.gxfwz36524.com/secondclass/public/
[ sql ] [ DB ] CONNECT:[ UseTime:0.000685s ] mysql:host=127.0.0.1;dbname=secondclass;charset=utf8
[ sql ] [ SQL ] SHOW COLUMNS FROM `settinginfo` [ RunTime:0.001474s ]
[ sql ] [ SQL ] SELECT * FROM `settinginfo` LIMIT 1 [ RunTime:0.000344s ]
[ sql ] [ SQL ] SHOW COLUMNS FROM `sys_navinfo` [ RunTime:0.001229s ]
[ sql ] [ SQL ] SELECT * FROM `sys_navinfo` WHERE  `display` = 1 [ RunTime:0.000295s ]
[ sql ] [ SQL ] SHOW COLUMNS FROM `activeinfo` [ RunTime:0.001250s ]
[ sql ] [ SQL ] SELECT * FROM `activeinfo` WHERE  `switch` = 1 [ RunTime:0.000352s ]
[ sql ] [ SQL ] SELECT * FROM `activeinfo` WHERE  `switch` = 1 ORDER BY `time` DESC,`id` DESC [ RunTime:0.000515s ]
---------------------------------------------------------------
[ 2019-03-19T22:58:38+08:00 ] 221.192.179.240 POST www.gxfwz36524.com/secondclass/public/index.php/index/index/cheakuser
[ sql ] [ DB ] CONNECT:[ UseTime:0.000636s ] mysql:host=127.0.0.1;dbname=secondclass;charset=utf8
[ sql ] [ SQL ] SHOW COLUMNS FROM `settinginfo` [ RunTime:0.001422s ]
[ sql ] [ SQL ] SELECT * FROM `settinginfo` LIMIT 1 [ RunTime:0.000280s ]
[ sql ] [ SQL ] SHOW COLUMNS FROM `sys_navinfo` [ RunTime:0.001122s ]
[ sql ] [ SQL ] SELECT * FROM `sys_navinfo` WHERE  `display` = 1 [ RunTime:0.000282s ]
[ sql ] [ SQL ] SHOW COLUMNS FROM `activeinfo` [ RunTime:0.001171s ]
[ sql ] [ SQL ] SELECT * FROM `activeinfo` WHERE  `switch` = 1 [ RunTime:0.000360s ]
---------------------------------------------------------------
[ 2019-03-19T22:58:41+08:00 ] 221.192.179.240 GET www.gxfwz36524.com/secondclass/public/index.php/index/index/index.html
[ sql ] [ DB ] CONNECT:[ UseTime:0.000613s ] mysql:host=127.0.0.1;dbname=secondclass;charset=utf8
[ sql ] [ SQL ] SHOW COLUMNS FROM `settinginfo` [ RunTime:0.001688s ]
[ sql ] [ SQL ] SELECT * FROM `settinginfo` LIMIT 1 [ RunTime:0.000346s ]
[ sql ] [ SQL ] SHOW COLUMNS FROM `sys_navinfo` [ RunTime:0.001253s ]
[ sql ] [ SQL ] SELECT * FROM `sys_navinfo` WHERE  `display` = 1 [ RunTime:0.000337s ]
[ sql ] [ SQL ] SHOW COLUMNS FROM `activeinfo` [ RunTime:0.001251s ]
[ sql ] [ SQL ] SELECT * FROM `activeinfo` WHERE  `switch` = 1 [ RunTime:0.000368s ]
[ sql ] [ SQL ] SELECT * FROM `activeinfo` WHERE  `switch` = 1 ORDER BY `time` DESC,`id` DESC [ RunTime:0.000504s ]
---------------------------------------------------------------
[ 2019-03-19T22:58:43+08:00 ] 221.192.179.240 GET www.gxfwz36524.com/secondclass/public/index.php/index/index/personal.html
[ sql ] [ DB ] CONNECT:[ UseTime:0.000606s ] mysql:host=127.0.0.1;dbname=secondclass;charset=utf8
[ sql ] [ SQL ] SHOW COLUMNS FROM `settinginfo` [ RunTime:0.001402s ]
[ sql ] [ SQL ] SELECT * FROM `settinginfo` LIMIT 1 [ RunTime:0.000293s ]
[ sql ] [ SQL ] SHOW COLUMNS FROM `sys_navinfo` [ RunTime:0.001159s ]
[ sql ] [ SQL ] SELECT * FROM `sys_navinfo` WHERE  `display` = 1 [ RunTime:0.000289s ]
[ sql ] [ SQL ] SHOW COLUMNS FROM `activeinfo` [ RunTime:0.001170s ]
[ sql ] [ SQL ] SELECT * FROM `activeinfo` WHERE  `switch` = 1 [ RunTime:0.000357s ]
[ sql ] [ SQL ] SHOW COLUMNS FROM `activejoin` [ RunTime:0.001194s ]
[ sql ] [ SQL ] SELECT `typeid` FROM `activejoin` WHERE  `schoolnum` = '2015512352'  AND `switch` = 1 [ RunTime:0.000397s ]
[ sql ] [ SQL ] SHOW COLUMNS FROM `activescore` [ RunTime:0.001082s ]
[ sql ] [ SQL ] SELECT * FROM `activescore` WHERE  `schoolnum` = '2015512352' LIMIT 1 [ RunTime:0.000553s ]
[ sql ] [ SQL ] UPDATE `activescore`  SET `actives`=''  WHERE  `schoolnum` = '2015512352' [ RunTime:0.000475s ]
---------------------------------------------------------------
[ 2019-03-19T22:58:54+08:00 ] 221.192.179.240 GET www.gxfwz36524.com/secondclass/public/index.php/index/index/news/id/55.html
[ sql ] [ DB ] CONNECT:[ UseTime:0.000618s ] mysql:host=127.0.0.1;dbname=secondclass;charset=utf8
[ sql ] [ SQL ] SHOW COLUMNS FROM `settinginfo` [ RunTime:0.001400s ]
[ sql ] [ SQL ] SELECT * FROM `settinginfo` LIMIT 1 [ RunTime:0.000303s ]
[ sql ] [ SQL ] SHOW COLUMNS FROM `sys_navinfo` [ RunTime:0.001133s ]
[ sql ] [ SQL ] SELECT * FROM `sys_navinfo` WHERE  `display` = 1 [ RunTime:0.000341s ]
[ sql ] [ SQL ] SHOW COLUMNS FROM `activeinfo` [ RunTime:0.001448s ]
[ sql ] [ SQL ] SELECT * FROM `activeinfo` WHERE  `switch` = 1 [ RunTime:0.000345s ]
[ sql ] [ SQL ] SELECT * FROM `activeinfo` WHERE  `id` = 55 LIMIT 1 [ RunTime:0.000346s ]
---------------------------------------------------------------
[ 2019-03-19T22:58:54+08:00 ] 221.192.179.240 POST www.gxfwz36524.com/secondclass/public/index.php/index/index/isjoin
[ sql ] [ DB ] CONNECT:[ UseTime:0.000636s ] mysql:host=127.0.0.1;dbname=secondclass;charset=utf8
[ sql ] [ SQL ] SHOW COLUMNS FROM `settinginfo` [ RunTime:0.001459s ]
[ sql ] [ SQL ] SELECT * FROM `settinginfo` LIMIT 1 [ RunTime:0.000282s ]
[ sql ] [ SQL ] SHOW COLUMNS FROM `sys_navinfo` [ RunTime:0.001137s ]
[ sql ] [ SQL ] SELECT * FROM `sys_navinfo` WHERE  `display` = 1 [ RunTime:0.000312s ]
[ sql ] [ SQL ] SHOW COLUMNS FROM `activeinfo` [ RunTime:0.001178s ]
[ sql ] [ SQL ] SELECT * FROM `activeinfo` WHERE  `switch` = 1 [ RunTime:0.000335s ]
[ sql ] [ SQL ] SELECT * FROM `activeinfo` WHERE  `id` = 55 LIMIT 1 [ RunTime:0.000287s ]
[ sql ] [ SQL ] SHOW COLUMNS FROM `activejoin` [ RunTime:0.001100s ]
[ sql ] [ SQL ] SELECT * FROM `activejoin` WHERE  `typeid` = 55 [ RunTime:0.000440s ]
[ sql ] [ SQL ] SELECT * FROM `activejoin` WHERE  `schoolnum` = '2015512352'  AND `typeid` = 55 [ RunTime:0.000446s ]
---------------------------------------------------------------
[ 2019-03-19T22:59:15+08:00 ] 221.192.179.240 GET www.gxfwz36524.com/secondclass/public/index.php/index/index/news/id/51.html
[ sql ] [ DB ] CONNECT:[ UseTime:0.000614s ] mysql:host=127.0.0.1;dbname=secondclass;charset=utf8
[ sql ] [ SQL ] SHOW COLUMNS FROM `settinginfo` [ RunTime:0.001517s ]
[ sql ] [ SQL ] SELECT * FROM `settinginfo` LIMIT 1 [ RunTime:0.000343s ]
[ sql ] [ SQL ] SHOW COLUMNS FROM `sys_navinfo` [ RunTime:0.001183s ]
[ sql ] [ SQL ] SELECT * FROM `sys_navinfo` WHERE  `display` = 1 [ RunTime:0.000318s ]
[ sql ] [ SQL ] SHOW COLUMNS FROM `activeinfo` [ RunTime:0.001309s ]
[ sql ] [ SQL ] SELECT * FROM `activeinfo` WHERE  `switch` = 1 [ RunTime:0.000470s ]
[ sql ] [ SQL ] SELECT * FROM `activeinfo` WHERE  `id` = 51 LIMIT 1 [ RunTime:0.000402s ]
---------------------------------------------------------------
[ 2019-03-19T22:59:16+08:00 ] 221.192.179.240 POST www.gxfwz36524.com/secondclass/public/index.php/index/index/isjoin
[ sql ] [ DB ] CONNECT:[ UseTime:0.000622s ] mysql:host=127.0.0.1;dbname=secondclass;charset=utf8
[ sql ] [ SQL ] SHOW COLUMNS FROM `settinginfo` [ RunTime:0.001442s ]
[ sql ] [ SQL ] SELECT * FROM `settinginfo` LIMIT 1 [ RunTime:0.000287s ]
[ sql ] [ SQL ] SHOW COLUMNS FROM `sys_navinfo` [ RunTime:0.001138s ]
[ sql ] [ SQL ] SELECT * FROM `sys_navinfo` WHERE  `display` = 1 [ RunTime:0.000304s ]
[ sql ] [ SQL ] SHOW COLUMNS FROM `activeinfo` [ RunTime:0.001182s ]
[ sql ] [ SQL ] SELECT * FROM `activeinfo` WHERE  `switch` = 1 [ RunTime:0.000335s ]
[ sql ] [ SQL ] SELECT * FROM `activeinfo` WHERE  `id` = 51 LIMIT 1 [ RunTime:0.000319s ]
[ sql ] [ SQL ] SHOW COLUMNS FROM `activejoin` [ RunTime:0.001097s ]
[ sql ] [ SQL ] SELECT * FROM `activejoin` WHERE  `typeid` = 51 [ RunTime:0.000439s ]
---------------------------------------------------------------
[ 2019-03-19T22:59:35+08:00 ] 221.192.179.240 GET www.gxfwz36524.com/secondclass/public/index.php/index/index/news/id/54.html
[ sql ] [ DB ] CONNECT:[ UseTime:0.000604s ] mysql:host=127.0.0.1;dbname=secondclass;charset=utf8
[ sql ] [ SQL ] SHOW COLUMNS FROM `settinginfo` [ RunTime:0.001437s ]
[ sql ] [ SQL ] SELECT * FROM `settinginfo` LIMIT 1 [ RunTime:0.000296s ]
[ sql ] [ SQL ] SHOW COLUMNS FROM `sys_navinfo` [ RunTime:0.001146s ]
[ sql ] [ SQL ] SELECT * FROM `sys_navinfo` WHERE  `display` = 1 [ RunTime:0.000286s ]
[ sql ] [ SQL ] SHOW COLUMNS FROM `activeinfo` [ RunTime:0.001168s ]
[ sql ] [ SQL ] SELECT * FROM `activeinfo` WHERE  `switch` = 1 [ RunTime:0.000373s ]
[ sql ] [ SQL ] SELECT * FROM `activeinfo` WHERE  `id` = 54 LIMIT 1 [ RunTime:0.000286s ]
---------------------------------------------------------------
[ 2019-03-19T22:59:35+08:00 ] 221.192.179.240 POST www.gxfwz36524.com/secondclass/public/index.php/index/index/isjoin
[ sql ] [ DB ] CONNECT:[ UseTime:0.000637s ] mysql:host=127.0.0.1;dbname=secondclass;charset=utf8
[ sql ] [ SQL ] SHOW COLUMNS FROM `settinginfo` [ RunTime:0.001437s ]
[ sql ] [ SQL ] SELECT * FROM `settinginfo` LIMIT 1 [ RunTime:0.000333s ]
[ sql ] [ SQL ] SHOW COLUMNS FROM `sys_navinfo` [ RunTime:0.001156s ]
[ sql ] [ SQL ] SELECT * FROM `sys_navinfo` WHERE  `display` = 1 [ RunTime:0.000288s ]
[ sql ] [ SQL ] SHOW COLUMNS FROM `activeinfo` [ RunTime:0.001182s ]
[ sql ] [ SQL ] SELECT * FROM `activeinfo` WHERE  `switch` = 1 [ RunTime:0.000335s ]
[ sql ] [ SQL ] SELECT * FROM `activeinfo` WHERE  `id` = 54 LIMIT 1 [ RunTime:0.000314s ]
[ sql ] [ SQL ] SHOW COLUMNS FROM `activejoin` [ RunTime:0.001098s ]
[ sql ] [ SQL ] SELECT * FROM `activejoin` WHERE  `typeid` = 54 [ RunTime:0.000453s ]
---------------------------------------------------------------
[ 2019-03-19T22:59:41+08:00 ] 183.198.1.231 GET www.gxfwz36524.com/secondclass/public/index.php/index/index/news/id/55.html
[ sql ] [ DB ] CONNECT:[ UseTime:0.000643s ] mysql:host=127.0.0.1;dbname=secondclass;charset=utf8
[ sql ] [ SQL ] SHOW COLUMNS FROM `settinginfo` [ RunTime:0.001408s ]
[ sql ] [ SQL ] SELECT * FROM `settinginfo` LIMIT 1 [ RunTime:0.000309s ]
[ sql ] [ SQL ] SHOW COLUMNS FROM `sys_navinfo` [ RunTime:0.001188s ]
[ sql ] [ SQL ] SELECT * FROM `sys_navinfo` WHERE  `display` = 1 [ RunTime:0.000312s ]
[ sql ] [ SQL ] SHOW COLUMNS FROM `activeinfo` [ RunTime:0.001336s ]
[ sql ] [ SQL ] SELECT * FROM `activeinfo` WHERE  `switch` = 1 [ RunTime:0.000446s ]
[ sql ] [ SQL ] SELECT * FROM `activeinfo` WHERE  `id` = 55 LIMIT 1 [ RunTime:0.000365s ]
---------------------------------------------------------------
[ 2019-03-19T22:59:42+08:00 ] 183.198.1.231 POST www.gxfwz36524.com/secondclass/public/index.php/index/index/isjoin
[ sql ] [ DB ] CONNECT:[ UseTime:0.000666s ] mysql:host=127.0.0.1;dbname=secondclass;charset=utf8
[ sql ] [ SQL ] SHOW COLUMNS FROM `settinginfo` [ RunTime:0.001521s ]
[ sql ] [ SQL ] SELECT * FROM `settinginfo` LIMIT 1 [ RunTime:0.000297s ]
[ sql ] [ SQL ] SHOW COLUMNS FROM `sys_navinfo` [ RunTime:0.001296s ]
[ sql ] [ SQL ] SELECT * FROM `sys_navinfo` WHERE  `display` = 1 [ RunTime:0.000291s ]
[ sql ] [ SQL ] SHOW COLUMNS FROM `activeinfo` [ RunTime:0.001260s ]
[ sql ] [ SQL ] SELECT * FROM `activeinfo` WHERE  `switch` = 1 [ RunTime:0.000376s ]
[ sql ] [ SQL ] SELECT * FROM `activeinfo` WHERE  `id` = 55 LIMIT 1 [ RunTime:0.000284s ]
[ sql ] [ SQL ] SHOW COLUMNS FROM `activejoin` [ RunTime:0.001162s ]
[ sql ] [ SQL ] SELECT * FROM `activejoin` WHERE  `typeid` = 55 [ RunTime:0.000439s ]
[ sql ] [ SQL ] SELECT * FROM `activejoin` WHERE  `schoolnum` = '2017510661'  AND `typeid` = 55 [ RunTime:0.000456s ]
---------------------------------------------------------------
[ 2019-03-19T22:59:47+08:00 ] 183.198.1.231 GET www.gxfwz36524.com/secondclass/public/index.php/index/index/index
[ sql ] [ DB ] CONNECT:[ UseTime:0.000642s ] mysql:host=127.0.0.1;dbname=secondclass;charset=utf8
[ sql ] [ SQL ] SHOW COLUMNS FROM `settinginfo` [ RunTime:0.001410s ]
[ sql ] [ SQL ] SELECT * FROM `settinginfo` LIMIT 1 [ RunTime:0.000284s ]
[ sql ] [ SQL ] SHOW COLUMNS FROM `sys_navinfo` [ RunTime:0.001141s ]
[ sql ] [ SQL ] SELECT * FROM `sys_navinfo` WHERE  `display` = 1 [ RunTime:0.000282s ]
[ sql ] [ SQL ] SHOW COLUMNS FROM `activeinfo` [ RunTime:0.001172s ]
[ sql ] [ SQL ] SELECT * FROM `activeinfo` WHERE  `switch` = 1 [ RunTime:0.000331s ]
[ sql ] [ SQL ] SELECT * FROM `activeinfo` WHERE  `switch` = 1 ORDER BY `time` DESC,`id` DESC [ RunTime:0.000488s ]
---------------------------------------------------------------
[ 2019-03-19T22:59:49+08:00 ] 183.198.1.231 GET www.gxfwz36524.com/secondclass/public/index.php/index/index/personal.html
[ sql ] [ DB ] CONNECT:[ UseTime:0.000639s ] mysql:host=127.0.0.1;dbname=secondclass;charset=utf8
[ sql ] [ SQL ] SHOW COLUMNS FROM `settinginfo` [ RunTime:0.001417s ]
[ sql ] [ SQL ] SELECT * FROM `settinginfo` LIMIT 1 [ RunTime:0.000323s ]
[ sql ] [ SQL ] SHOW COLUMNS FROM `sys_navinfo` [ RunTime:0.001203s ]
[ sql ] [ SQL ] SELECT * FROM `sys_navinfo` WHERE  `display` = 1 [ RunTime:0.000305s ]
[ sql ] [ SQL ] SHOW COLUMNS FROM `activeinfo` [ RunTime:0.001179s ]
[ sql ] [ SQL ] SELECT * FROM `activeinfo` WHERE  `switch` = 1 [ RunTime:0.000331s ]
[ sql ] [ SQL ] SHOW COLUMNS FROM `activejoin` [ RunTime:0.001146s ]
[ sql ] [ SQL ] SELECT `typeid` FROM `activejoin` WHERE  `schoolnum` = '2017510661'  AND `switch` = 1 [ RunTime:0.000415s ]
[ sql ] [ SQL ] SHOW COLUMNS FROM `activescore` [ RunTime:0.001079s ]
[ sql ] [ SQL ] SELECT * FROM `activescore` WHERE  `schoolnum` = '2017510661' LIMIT 1 [ RunTime:0.000430s ]
[ sql ] [ SQL ] UPDATE `activescore`  SET `actives`=''  WHERE  `schoolnum` = '2017510661' [ RunTime:0.000457s ]
---------------------------------------------------------------
[ 2019-03-19T22:59:52+08:00 ] 183.198.1.231 GET www.gxfwz36524.com/secondclass/public/index.php/index/index/personal.html
[ sql ] [ DB ] CONNECT:[ UseTime:0.000675s ] mysql:host=127.0.0.1;dbname=secondclass;charset=utf8
[ sql ] [ SQL ] SHOW COLUMNS FROM `settinginfo` [ RunTime:0.001451s ]
[ sql ] [ SQL ] SELECT * FROM `settinginfo` LIMIT 1 [ RunTime:0.000312s ]
[ sql ] [ SQL ] SHOW COLUMNS FROM `sys_navinfo` [ RunTime:0.001189s ]
[ sql ] [ SQL ] SELECT * FROM `sys_navinfo` WHERE  `display` = 1 [ RunTime:0.000374s ]
[ sql ] [ SQL ] SHOW COLUMNS FROM `activeinfo` [ RunTime:0.001282s ]
[ sql ] [ SQL ] SELECT * FROM `activeinfo` WHERE  `switch` = 1 [ RunTime:0.000451s ]
[ sql ] [ SQL ] SHOW COLUMNS FROM `activejoin` [ RunTime:0.001198s ]
[ sql ] [ SQL ] SELECT `typeid` FROM `activejoin` WHERE  `schoolnum` = '2017510661'  AND `switch` = 1 [ RunTime:0.000444s ]
[ sql ] [ SQL ] SHOW COLUMNS FROM `activescore` [ RunTime:0.001220s ]
[ sql ] [ SQL ] SELECT * FROM `activescore` WHERE  `schoolnum` = '2017510661' LIMIT 1 [ RunTime:0.000484s ]
[ sql ] [ SQL ] UPDATE `activescore`  SET `actives`=''  WHERE  `schoolnum` = '2017510661' [ RunTime:0.000471s ]
---------------------------------------------------------------
[ 2019-03-19T22:59:53+08:00 ] 183.198.1.231 GET www.gxfwz36524.com/secondclass/public/index.php/index/index/personal.html
[ sql ] [ DB ] CONNECT:[ UseTime:0.000622s ] mysql:host=127.0.0.1;dbname=secondclass;charset=utf8
[ sql ] [ SQL ] SHOW COLUMNS FROM `settinginfo` [ RunTime:0.001413s ]
[ sql ] [ SQL ] SELECT * FROM `settinginfo` LIMIT 1 [ RunTime:0.000363s ]
[ sql ] [ SQL ] SHOW COLUMNS FROM `sys_navinfo` [ RunTime:0.001144s ]
[ sql ] [ SQL ] SELECT * FROM `sys_navinfo` WHERE  `display` = 1 [ RunTime:0.000288s ]
[ sql ] [ SQL ] SHOW COLUMNS FROM `activeinfo` [ RunTime:0.001277s ]
[ sql ] [ SQL ] SELECT * FROM `activeinfo` WHERE  `switch` = 1 [ RunTime:0.000423s ]
[ sql ] [ SQL ] SHOW COLUMNS FROM `activejoin` [ RunTime:0.001170s ]
[ sql ] [ SQL ] SELECT `typeid` FROM `activejoin` WHERE  `schoolnum` = '2017510661'  AND `switch` = 1 [ RunTime:0.000436s ]
[ sql ] [ SQL ] SHOW COLUMNS FROM `activescore` [ RunTime:0.001127s ]
[ sql ] [ SQL ] SELECT * FROM `activescore` WHERE  `schoolnum` = '2017510661' LIMIT 1 [ RunTime:0.000467s ]
[ sql ] [ SQL ] UPDATE `activescore`  SET `actives`=''  WHERE  `schoolnum` = '2017510661' [ RunTime:0.000482s ]
---------------------------------------------------------------
[ 2019-03-19T23:00:04+08:00 ] 221.192.179.240 GET www.gxfwz36524.com/secondclass/public/index.php/index/index/news/id/53.html
[ sql ] [ DB ] CONNECT:[ UseTime:0.000671s ] mysql:host=127.0.0.1;dbname=secondclass;charset=utf8
[ sql ] [ SQL ] SHOW COLUMNS FROM `settinginfo` [ RunTime:0.001645s ]
[ sql ] [ SQL ] SELECT * FROM `settinginfo` LIMIT 1 [ RunTime:0.000299s ]
[ sql ] [ SQL ] SHOW COLUMNS FROM `sys_navinfo` [ RunTime:0.001241s ]
[ sql ] [ SQL ] SELECT * FROM `sys_navinfo` WHERE  `display` = 1 [ RunTime:0.000361s ]
[ sql ] [ SQL ] SHOW COLUMNS FROM `activeinfo` [ RunTime:0.001329s ]
[ sql ] [ SQL ] SELECT * FROM `activeinfo` WHERE  `switch` = 1 [ RunTime:0.000393s ]
[ sql ] [ SQL ] SELECT * FROM `activeinfo` WHERE  `id` = 53 LIMIT 1 [ RunTime:0.000336s ]
---------------------------------------------------------------
[ 2019-03-19T23:00:05+08:00 ] 221.192.179.240 POST www.gxfwz36524.com/secondclass/public/index.php/index/index/isjoin
[ sql ] [ DB ] CONNECT:[ UseTime:0.000661s ] mysql:host=127.0.0.1;dbname=secondclass;charset=utf8
[ sql ] [ SQL ] SHOW COLUMNS FROM `settinginfo` [ RunTime:0.001466s ]
[ sql ] [ SQL ] SELECT * FROM `settinginfo` LIMIT 1 [ RunTime:0.000286s ]
[ sql ] [ SQL ] SHOW COLUMNS FROM `sys_navinfo` [ RunTime:0.001195s ]
[ sql ] [ SQL ] SELECT * FROM `sys_navinfo` WHERE  `display` = 1 [ RunTime:0.000317s ]
[ sql ] [ SQL ] SHOW COLUMNS FROM `activeinfo` [ RunTime:0.001291s ]
[ sql ] [ SQL ] SELECT * FROM `activeinfo` WHERE  `switch` = 1 [ RunTime:0.000385s ]
[ sql ] [ SQL ] SELECT * FROM `activeinfo` WHERE  `id` = 53 LIMIT 1 [ RunTime:0.000323s ]
[ sql ] [ SQL ] SHOW COLUMNS FROM `activejoin` [ RunTime:0.001099s ]
[ sql ] [ SQL ] SELECT * FROM `activejoin` WHERE  `typeid` = 53 [ RunTime:0.000409s ]
[ sql ] [ SQL ] SELECT * FROM `activejoin` WHERE  `schoolnum` = '2015512352'  AND `typeid` = 53 [ RunTime:0.000415s ]
---------------------------------------------------------------
[ 2019-03-19T23:00:09+08:00 ] 183.198.1.231 GET www.gxfwz36524.com/secondclass/public/index.php/index/index/news/id/51.html
[ sql ] [ DB ] CONNECT:[ UseTime:0.000607s ] mysql:host=127.0.0.1;dbname=secondclass;charset=utf8
[ sql ] [ SQL ] SHOW COLUMNS FROM `settinginfo` [ RunTime:0.001404s ]
[ sql ] [ SQL ] SELECT * FROM `settinginfo` LIMIT 1 [ RunTime:0.000307s ]
[ sql ] [ SQL ] SHOW COLUMNS FROM `sys_navinfo` [ RunTime:0.001156s ]
[ sql ] [ SQL ] SELECT * FROM `sys_navinfo` WHERE  `display` = 1 [ RunTime:0.000288s ]
[ sql ] [ SQL ] SHOW COLUMNS FROM `activeinfo` [ RunTime:0.001195s ]
[ sql ] [ SQL ] SELECT * FROM `activeinfo` WHERE  `switch` = 1 [ RunTime:0.000346s ]
[ sql ] [ SQL ] SELECT * FROM `activeinfo` WHERE  `id` = 51 LIMIT 1 [ RunTime:0.000334s ]
---------------------------------------------------------------
[ 2019-03-19T23:00:09+08:00 ] 183.198.1.231 POST www.gxfwz36524.com/secondclass/public/index.php/index/index/isjoin
[ sql ] [ DB ] CONNECT:[ UseTime:0.000650s ] mysql:host=127.0.0.1;dbname=secondclass;charset=utf8
[ sql ] [ SQL ] SHOW COLUMNS FROM `settinginfo` [ RunTime:0.001590s ]
[ sql ] [ SQL ] SELECT * FROM `settinginfo` LIMIT 1 [ RunTime:0.000331s ]
[ sql ] [ SQL ] SHOW COLUMNS FROM `sys_navinfo` [ RunTime:0.001235s ]
[ sql ] [ SQL ] SELECT * FROM `sys_navinfo` WHERE  `display` = 1 [ RunTime:0.000298s ]
[ sql ] [ SQL ] SHOW COLUMNS FROM `activeinfo` [ RunTime:0.001302s ]
[ sql ] [ SQL ] SELECT * FROM `activeinfo` WHERE  `switch` = 1 [ RunTime:0.000368s ]
[ sql ] [ SQL ] SELECT * FROM `activeinfo` WHERE  `id` = 51 LIMIT 1 [ RunTime:0.000358s ]
[ sql ] [ SQL ] SHOW COLUMNS FROM `activejoin` [ RunTime:0.001241s ]
[ sql ] [ SQL ] SELECT * FROM `activejoin` WHERE  `typeid` = 51 [ RunTime:0.000465s ]
---------------------------------------------------------------
[ 2019-03-19T23:00:24+08:00 ] 183.198.1.231 GET www.gxfwz36524.com/secondclass/public/index.php/index/index/news/id/50.html
[ sql ] [ DB ] CONNECT:[ UseTime:0.000606s ] mysql:host=127.0.0.1;dbname=secondclass;charset=utf8
[ sql ] [ SQL ] SHOW COLUMNS FROM `settinginfo` [ RunTime:0.001391s ]
[ sql ] [ SQL ] SELECT * FROM `settinginfo` LIMIT 1 [ RunTime:0.000277s ]
[ sql ] [ SQL ] SHOW COLUMNS FROM `sys_navinfo` [ RunTime:0.001127s ]
[ sql ] [ SQL ] SELECT * FROM `sys_navinfo` WHERE  `display` = 1 [ RunTime:0.000283s ]
[ sql ] [ SQL ] SHOW COLUMNS FROM `activeinfo` [ RunTime:0.001167s ]
[ sql ] [ SQL ] SELECT * FROM `activeinfo` WHERE  `switch` = 1 [ RunTime:0.000352s ]
[ sql ] [ SQL ] SELECT * FROM `activeinfo` WHERE  `id` = 50 LIMIT 1 [ RunTime:0.000305s ]
---------------------------------------------------------------
[ 2019-03-19T23:00:25+08:00 ] 183.198.1.231 POST www.gxfwz36524.com/secondclass/public/index.php/index/index/isjoin
[ sql ] [ DB ] CONNECT:[ UseTime:0.000667s ] mysql:host=127.0.0.1;dbname=secondclass;charset=utf8
[ sql ] [ SQL ] SHOW COLUMNS FROM `settinginfo` [ RunTime:0.001444s ]
[ sql ] [ SQL ] SELECT * FROM `settinginfo` LIMIT 1 [ RunTime:0.000288s ]
[ sql ] [ SQL ] SHOW COLUMNS FROM `sys_navinfo` [ RunTime:0.001197s ]
[ sql ] [ SQL ] SELECT * FROM `sys_navinfo` WHERE  `display` = 1 [ RunTime:0.000372s ]
[ sql ] [ SQL ] SHOW COLUMNS FROM `activeinfo` [ RunTime:0.001257s ]
[ sql ] [ SQL ] SELECT * FROM `activeinfo` WHERE  `switch` = 1 [ RunTime:0.000376s ]
[ sql ] [ SQL ] SELECT * FROM `activeinfo` WHERE  `id` = 50 LIMIT 1 [ RunTime:0.000323s ]
[ sql ] [ SQL ] SHOW COLUMNS FROM `activejoin` [ RunTime:0.001122s ]
[ sql ] [ SQL ] SELECT * FROM `activejoin` WHERE  `typeid` = 50 [ RunTime:0.000459s ]
---------------------------------------------------------------
[ 2019-03-19T23:00:29+08:00 ] 106.119.14.10 GET www.gxfwz36524.com/secondclass/public/index.php/index/index/news/id/51.html
[ sql ] [ DB ] CONNECT:[ UseTime:0.000735s ] mysql:host=127.0.0.1;dbname=secondclass;charset=utf8
[ sql ] [ SQL ] SHOW COLUMNS FROM `settinginfo` [ RunTime:0.001573s ]
[ sql ] [ SQL ] SELECT * FROM `settinginfo` LIMIT 1 [ RunTime:0.000344s ]
[ sql ] [ SQL ] SHOW COLUMNS FROM `sys_navinfo` [ RunTime:0.001252s ]
[ sql ] [ SQL ] SELECT * FROM `sys_navinfo` WHERE  `display` = 1 [ RunTime:0.000364s ]
[ sql ] [ SQL ] SHOW COLUMNS FROM `activeinfo` [ RunTime:0.001364s ]
[ sql ] [ SQL ] SELECT * FROM `activeinfo` WHERE  `switch` = 1 [ RunTime:0.000476s ]
[ sql ] [ SQL ] SELECT * FROM `activeinfo` WHERE  `id` = 51 LIMIT 1 [ RunTime:0.000399s ]
---------------------------------------------------------------
[ 2019-03-19T23:00:31+08:00 ] 183.198.1.231 GET www.gxfwz36524.com/secondclass/public/index.php/index/index/news/id/51.html
[ sql ] [ DB ] CONNECT:[ UseTime:0.000793s ] mysql:host=127.0.0.1;dbname=secondclass;charset=utf8
[ sql ] [ SQL ] SHOW COLUMNS FROM `settinginfo` [ RunTime:0.001462s ]
[ sql ] [ SQL ] SELECT * FROM `settinginfo` LIMIT 1 [ RunTime:0.000283s ]
[ sql ] [ SQL ] SHOW COLUMNS FROM `sys_navinfo` [ RunTime:0.001187s ]
[ sql ] [ SQL ] SELECT * FROM `sys_navinfo` WHERE  `display` = 1 [ RunTime:0.000292s ]
[ sql ] [ SQL ] SHOW COLUMNS FROM `activeinfo` [ RunTime:0.001199s ]
[ sql ] [ SQL ] SELECT * FROM `activeinfo` WHERE  `switch` = 1 [ RunTime:0.000366s ]
[ sql ] [ SQL ] SELECT * FROM `activeinfo` WHERE  `id` = 51 LIMIT 1 [ RunTime:0.000309s ]
---------------------------------------------------------------
[ 2019-03-19T23:00:31+08:00 ] 183.198.1.231 POST www.gxfwz36524.com/secondclass/public/index.php/index/index/isjoin
[ sql ] [ DB ] CONNECT:[ UseTime:0.000621s ] mysql:host=127.0.0.1;dbname=secondclass;charset=utf8
[ sql ] [ SQL ] SHOW COLUMNS FROM `settinginfo` [ RunTime:0.001384s ]
[ sql ] [ SQL ] SELECT * FROM `settinginfo` LIMIT 1 [ RunTime:0.000326s ]
[ sql ] [ SQL ] SHOW COLUMNS FROM `sys_navinfo` [ RunTime:0.001150s ]
[ sql ] [ SQL ] SELECT * FROM `sys_navinfo` WHERE  `display` = 1 [ RunTime:0.000284s ]
[ sql ] [ SQL ] SHOW COLUMNS FROM `activeinfo` [ RunTime:0.001183s ]
[ sql ] [ SQL ] SELECT * FROM `activeinfo` WHERE  `switch` = 1 [ RunTime:0.000331s ]
[ sql ] [ SQL ] SELECT * FROM `activeinfo` WHERE  `id` = 51 LIMIT 1 [ RunTime:0.000327s ]
[ sql ] [ SQL ] SHOW COLUMNS FROM `activejoin` [ RunTime:0.001102s ]
[ sql ] [ SQL ] SELECT * FROM `activejoin` WHERE  `typeid` = 51 [ RunTime:0.000411s ]
---------------------------------------------------------------
[ 2019-03-19T23:00:31+08:00 ] 106.119.14.10 POST www.gxfwz36524.com/secondclass/public/index.php/index/index/isjoin
[ sql ] [ DB ] CONNECT:[ UseTime:0.000666s ] mysql:host=127.0.0.1;dbname=secondclass;charset=utf8
[ sql ] [ SQL ] SHOW COLUMNS FROM `settinginfo` [ RunTime:0.001501s ]
[ sql ] [ SQL ] SELECT * FROM `settinginfo` LIMIT 1 [ RunTime:0.000289s ]
[ sql ] [ SQL ] SHOW COLUMNS FROM `sys_navinfo` [ RunTime:0.001122s ]
[ sql ] [ SQL ] SELECT * FROM `sys_navinfo` WHERE  `display` = 1 [ RunTime:0.000284s ]
[ sql ] [ SQL ] SHOW COLUMNS FROM `activeinfo` [ RunTime:0.001184s ]
[ sql ] [ SQL ] SELECT * FROM `activeinfo` WHERE  `switch` = 1 [ RunTime:0.000358s ]
[ sql ] [ SQL ] SELECT * FROM `activeinfo` WHERE  `id` = 51 LIMIT 1 [ RunTime:0.000308s ]
[ sql ] [ SQL ] SHOW COLUMNS FROM `activejoin` [ RunTime:0.001113s ]
[ sql ] [ SQL ] SELECT * FROM `activejoin` WHERE  `typeid` = 51 [ RunTime:0.000420s ]
---------------------------------------------------------------
[ 2019-03-19T23:00:44+08:00 ] 183.198.1.231 GET www.gxfwz36524.com/secondclass/public/index.php/index/index/index
[ sql ] [ DB ] CONNECT:[ UseTime:0.000676s ] mysql:host=127.0.0.1;dbname=secondclass;charset=utf8
[ sql ] [ SQL ] SHOW COLUMNS FROM `settinginfo` [ RunTime:0.001434s ]
[ sql ] [ SQL ] SELECT * FROM `settinginfo` LIMIT 1 [ RunTime:0.000285s ]
[ sql ] [ SQL ] SHOW COLUMNS FROM `sys_navinfo` [ RunTime:0.001245s ]
[ sql ] [ SQL ] SELECT * FROM `sys_navinfo` WHERE  `display` = 1 [ RunTime:0.000311s ]
[ sql ] [ SQL ] SHOW COLUMNS FROM `activeinfo` [ RunTime:0.001234s ]
[ sql ] [ SQL ] SELECT * FROM `activeinfo` WHERE  `switch` = 1 [ RunTime:0.000348s ]
[ sql ] [ SQL ] SELECT * FROM `activeinfo` WHERE  `switch` = 1 ORDER BY `time` DESC,`id` DESC [ RunTime:0.000475s ]
---------------------------------------------------------------
[ 2019-03-19T23:00:47+08:00 ] 183.198.1.231 GET www.gxfwz36524.com/secondclass/public/index.php/index/index/personal.html
[ sql ] [ DB ] CONNECT:[ UseTime:0.000644s ] mysql:host=127.0.0.1;dbname=secondclass;charset=utf8
[ sql ] [ SQL ] SHOW COLUMNS FROM `settinginfo` [ RunTime:0.001389s ]
[ sql ] [ SQL ] SELECT * FROM `settinginfo` LIMIT 1 [ RunTime:0.000288s ]
[ sql ] [ SQL ] SHOW COLUMNS FROM `sys_navinfo` [ RunTime:0.001152s ]
[ sql ] [ SQL ] SELECT * FROM `sys_navinfo` WHERE  `display` = 1 [ RunTime:0.000286s ]
[ sql ] [ SQL ] SHOW COLUMNS FROM `activeinfo` [ RunTime:0.001278s ]
[ sql ] [ SQL ] SELECT * FROM `activeinfo` WHERE  `switch` = 1 [ RunTime:0.000409s ]
[ sql ] [ SQL ] SHOW COLUMNS FROM `activejoin` [ RunTime:0.001174s ]
[ sql ] [ SQL ] SELECT `typeid` FROM `activejoin` WHERE  `schoolnum` = '2017510667'  AND `switch` = 1 [ RunTime:0.000427s ]
[ sql ] [ SQL ] SHOW COLUMNS FROM `activescore` [ RunTime:0.001117s ]
[ sql ] [ SQL ] SELECT * FROM `activescore` WHERE  `schoolnum` = '2017510667' LIMIT 1 [ RunTime:0.000464s ]
[ sql ] [ SQL ] UPDATE `activescore`  SET `actives`=''  WHERE  `schoolnum` = '2017510667' [ RunTime:0.000448s ]
---------------------------------------------------------------
[ 2019-03-19T23:00:53+08:00 ] 183.198.1.231 GET www.gxfwz36524.com/secondclass/public/index.php/index/index/newslist
[ sql ] [ DB ] CONNECT:[ UseTime:0.000601s ] mysql:host=127.0.0.1;dbname=secondclass;charset=utf8
[ sql ] [ SQL ] SHOW COLUMNS FROM `settinginfo` [ RunTime:0.001387s ]
[ sql ] [ SQL ] SELECT * FROM `settinginfo` LIMIT 1 [ RunTime:0.000288s ]
[ sql ] [ SQL ] SHOW COLUMNS FROM `sys_navinfo` [ RunTime:0.001131s ]
[ sql ] [ SQL ] SELECT * FROM `sys_navinfo` WHERE  `display` = 1 [ RunTime:0.000281s ]
[ sql ] [ SQL ] SHOW COLUMNS FROM `activeinfo` [ RunTime:0.001167s ]
[ sql ] [ SQL ] SELECT * FROM `activeinfo` WHERE  `switch` = 1 [ RunTime:0.000353s ]
[ sql ] [ SQL ] SELECT * FROM `activeinfo` ORDER BY `time` DESC LIMIT 0,5 [ RunTime:0.000433s ]
---------------------------------------------------------------
[ 2019-03-19T23:00:53+08:00 ] 183.198.1.231 POST www.gxfwz36524.com/secondclass/public/index.php/index/index/pagelist
[ sql ] [ DB ] CONNECT:[ UseTime:0.000601s ] mysql:host=127.0.0.1;dbname=secondclass;charset=utf8
[ sql ] [ SQL ] SHOW COLUMNS FROM `settinginfo` [ RunTime:0.001392s ]
[ sql ] [ SQL ] SELECT * FROM `settinginfo` LIMIT 1 [ RunTime:0.000295s ]
[ sql ] [ SQL ] SHOW COLUMNS FROM `sys_navinfo` [ RunTime:0.001142s ]
[ sql ] [ SQL ] SELECT * FROM `sys_navinfo` WHERE  `display` = 1 [ RunTime:0.000284s ]
[ sql ] [ SQL ] SHOW COLUMNS FROM `activeinfo` [ RunTime:0.001285s ]
[ sql ] [ SQL ] SELECT * FROM `activeinfo` WHERE  `switch` = 1 [ RunTime:0.000343s ]
[ sql ] [ SQL ] SELECT * FROM `activeinfo` ORDER BY `time` DESC [ RunTime:0.000563s ]
---------------------------------------------------------------
[ 2019-03-19T23:01:05+08:00 ] 183.198.1.231 GET www.gxfwz36524.com/secondclass/public/index.php/index/index/news/id/55.html
[ sql ] [ DB ] CONNECT:[ UseTime:0.000604s ] mysql:host=127.0.0.1;dbname=secondclass;charset=utf8
[ sql ] [ SQL ] SHOW COLUMNS FROM `settinginfo` [ RunTime:0.001423s ]
[ sql ] [ SQL ] SELECT * FROM `settinginfo` LIMIT 1 [ RunTime:0.000289s ]
[ sql ] [ SQL ] SHOW COLUMNS FROM `sys_navinfo` [ RunTime:0.001179s ]
[ sql ] [ SQL ] SELECT * FROM `sys_navinfo` WHERE  `display` = 1 [ RunTime:0.000287s ]
[ sql ] [ SQL ] SHOW COLUMNS FROM `activeinfo` [ RunTime:0.001258s ]
[ sql ] [ SQL ] SELECT * FROM `activeinfo` WHERE  `switch` = 1 [ RunTime:0.000346s ]
[ sql ] [ SQL ] SELECT * FROM `activeinfo` WHERE  `id` = 55 LIMIT 1 [ RunTime:0.000287s ]
---------------------------------------------------------------
[ 2019-03-19T23:01:05+08:00 ] 183.198.1.231 POST www.gxfwz36524.com/secondclass/public/index.php/index/index/isjoin
[ sql ] [ DB ] CONNECT:[ UseTime:0.000635s ] mysql:host=127.0.0.1;dbname=secondclass;charset=utf8
[ sql ] [ SQL ] SHOW COLUMNS FROM `settinginfo` [ RunTime:0.001410s ]
[ sql ] [ SQL ] SELECT * FROM `settinginfo` LIMIT 1 [ RunTime:0.000284s ]
[ sql ] [ SQL ] SHOW COLUMNS FROM `sys_navinfo` [ RunTime:0.001198s ]
[ sql ] [ SQL ] SELECT * FROM `sys_navinfo` WHERE  `display` = 1 [ RunTime:0.000298s ]
[ sql ] [ SQL ] SHOW COLUMNS FROM `activeinfo` [ RunTime:0.001189s ]
[ sql ] [ SQL ] SELECT * FROM `activeinfo` WHERE  `switch` = 1 [ RunTime:0.000368s ]
[ sql ] [ SQL ] SELECT * FROM `activeinfo` WHERE  `id` = 55 LIMIT 1 [ RunTime:0.000286s ]
[ sql ] [ SQL ] SHOW COLUMNS FROM `activejoin` [ RunTime:0.001126s ]
[ sql ] [ SQL ] SELECT * FROM `activejoin` WHERE  `typeid` = 55 [ RunTime:0.000413s ]
[ sql ] [ SQL ] SELECT * FROM `activejoin` WHERE  `schoolnum` = '2017510667'  AND `typeid` = 55 [ RunTime:0.000426s ]
---------------------------------------------------------------
[ 2019-03-19T23:01:09+08:00 ] 106.119.14.10 GET www.gxfwz36524.com/secondclass/public/index.php/index/index/index
[ sql ] [ DB ] CONNECT:[ UseTime:0.000665s ] mysql:host=127.0.0.1;dbname=secondclass;charset=utf8
[ sql ] [ SQL ] SHOW COLUMNS FROM `settinginfo` [ RunTime:0.001549s ]
[ sql ] [ SQL ] SELECT * FROM `settinginfo` LIMIT 1 [ RunTime:0.000296s ]
[ sql ] [ SQL ] SHOW COLUMNS FROM `sys_navinfo` [ RunTime:0.001153s ]
[ sql ] [ SQL ] SELECT * FROM `sys_navinfo` WHERE  `display` = 1 [ RunTime:0.000298s ]
[ sql ] [ SQL ] SHOW COLUMNS FROM `activeinfo` [ RunTime:0.001226s ]
[ sql ] [ SQL ] SELECT * FROM `activeinfo` WHERE  `switch` = 1 [ RunTime:0.000369s ]
[ sql ] [ SQL ] SELECT * FROM `activeinfo` WHERE  `switch` = 1 ORDER BY `time` DESC,`id` DESC [ RunTime:0.000485s ]
---------------------------------------------------------------
[ 2019-03-19T23:01:18+08:00 ] 183.198.1.231 GET www.gxfwz36524.com/secondclass/public/index.php/index/index/index
[ sql ] [ DB ] CONNECT:[ UseTime:0.000782s ] mysql:host=127.0.0.1;dbname=secondclass;charset=utf8
[ sql ] [ SQL ] SHOW COLUMNS FROM `settinginfo` [ RunTime:0.001607s ]
[ sql ] [ SQL ] SELECT * FROM `settinginfo` LIMIT 1 [ RunTime:0.000347s ]
[ sql ] [ SQL ] SHOW COLUMNS FROM `sys_navinfo` [ RunTime:0.001287s ]
[ sql ] [ SQL ] SELECT * FROM `sys_navinfo` WHERE  `display` = 1 [ RunTime:0.000349s ]
[ sql ] [ SQL ] SHOW COLUMNS FROM `activeinfo` [ RunTime:0.001266s ]
[ sql ] [ SQL ] SELECT * FROM `activeinfo` WHERE  `switch` = 1 [ RunTime:0.000363s ]
[ sql ] [ SQL ] SELECT * FROM `activeinfo` WHERE  `switch` = 1 ORDER BY `time` DESC,`id` DESC [ RunTime:0.000490s ]
---------------------------------------------------------------
[ 2019-03-19T23:01:21+08:00 ] 183.198.1.231 GET www.gxfwz36524.com/secondclass/public/index.php/index/index/newslist
[ sql ] [ DB ] CONNECT:[ UseTime:0.000680s ] mysql:host=127.0.0.1;dbname=secondclass;charset=utf8
[ sql ] [ SQL ] SHOW COLUMNS FROM `settinginfo` [ RunTime:0.001463s ]
[ sql ] [ SQL ] SELECT * FROM `settinginfo` LIMIT 1 [ RunTime:0.000299s ]
[ sql ] [ SQL ] SHOW COLUMNS FROM `sys_navinfo` [ RunTime:0.001171s ]
[ sql ] [ SQL ] SELECT * FROM `sys_navinfo` WHERE  `display` = 1 [ RunTime:0.000287s ]
[ sql ] [ SQL ] SHOW COLUMNS FROM `activeinfo` [ RunTime:0.001226s ]
[ sql ] [ SQL ] SELECT * FROM `activeinfo` WHERE  `switch` = 1 [ RunTime:0.000352s ]
[ sql ] [ SQL ] SELECT * FROM `activeinfo` ORDER BY `time` DESC LIMIT 0,5 [ RunTime:0.000434s ]
---------------------------------------------------------------
[ 2019-03-19T23:01:22+08:00 ] 183.198.1.231 POST www.gxfwz36524.com/secondclass/public/index.php/index/index/pagelist
[ sql ] [ DB ] CONNECT:[ UseTime:0.000615s ] mysql:host=127.0.0.1;dbname=secondclass;charset=utf8
[ sql ] [ SQL ] SHOW COLUMNS FROM `settinginfo` [ RunTime:0.001554s ]
[ sql ] [ SQL ] SELECT * FROM `settinginfo` LIMIT 1 [ RunTime:0.000313s ]
[ sql ] [ SQL ] SHOW COLUMNS FROM `sys_navinfo` [ RunTime:0.001150s ]
[ sql ] [ SQL ] SELECT * FROM `sys_navinfo` WHERE  `display` = 1 [ RunTime:0.000292s ]
[ sql ] [ SQL ] SHOW COLUMNS FROM `activeinfo` [ RunTime:0.001195s ]
[ sql ] [ SQL ] SELECT * FROM `activeinfo` WHERE  `switch` = 1 [ RunTime:0.000357s ]
[ sql ] [ SQL ] SELECT * FROM `activeinfo` ORDER BY `time` DESC [ RunTime:0.000522s ]
---------------------------------------------------------------
[ 2019-03-19T23:01:24+08:00 ] 183.198.1.231 GET www.gxfwz36524.com/secondclass/public/index.php/index/index/news/id/53.html
[ sql ] [ DB ] CONNECT:[ UseTime:0.000682s ] mysql:host=127.0.0.1;dbname=secondclass;charset=utf8
[ sql ] [ SQL ] SHOW COLUMNS FROM `settinginfo` [ RunTime:0.001468s ]
[ sql ] [ SQL ] SELECT * FROM `settinginfo` LIMIT 1 [ RunTime:0.000323s ]
[ sql ] [ SQL ] SHOW COLUMNS FROM `sys_navinfo` [ RunTime:0.001183s ]
[ sql ] [ SQL ] SELECT * FROM `sys_navinfo` WHERE  `display` = 1 [ RunTime:0.000304s ]
[ sql ] [ SQL ] SHOW COLUMNS FROM `activeinfo` [ RunTime:0.001241s ]
[ sql ] [ SQL ] SELECT * FROM `activeinfo` WHERE  `switch` = 1 [ RunTime:0.000369s ]
[ sql ] [ SQL ] SELECT * FROM `activeinfo` WHERE  `id` = 53 LIMIT 1 [ RunTime:0.000344s ]
---------------------------------------------------------------
[ 2019-03-19T23:01:24+08:00 ] 183.198.1.231 POST www.gxfwz36524.com/secondclass/public/index.php/index/index/isjoin
[ sql ] [ DB ] CONNECT:[ UseTime:0.000603s ] mysql:host=127.0.0.1;dbname=secondclass;charset=utf8
[ sql ] [ SQL ] SHOW COLUMNS FROM `settinginfo` [ RunTime:0.001406s ]
[ sql ] [ SQL ] SELECT * FROM `settinginfo` LIMIT 1 [ RunTime:0.000288s ]
[ sql ] [ SQL ] SHOW COLUMNS FROM `sys_navinfo` [ RunTime:0.001166s ]
[ sql ] [ SQL ] SELECT * FROM `sys_navinfo` WHERE  `display` = 1 [ RunTime:0.000308s ]
[ sql ] [ SQL ] SHOW COLUMNS FROM `activeinfo` [ RunTime:0.001231s ]
[ sql ] [ SQL ] SELECT * FROM `activeinfo` WHERE  `switch` = 1 [ RunTime:0.000380s ]
[ sql ] [ SQL ] SELECT * FROM `activeinfo` WHERE  `id` = 53 LIMIT 1 [ RunTime:0.000306s ]
[ sql ] [ SQL ] SHOW COLUMNS FROM `activejoin` [ RunTime:0.001123s ]
[ sql ] [ SQL ] SELECT * FROM `activejoin` WHERE  `typeid` = 53 [ RunTime:0.000507s ]
[ sql ] [ SQL ] SELECT * FROM `activejoin` WHERE  `schoolnum` = '2017510667'  AND `typeid` = 53 [ RunTime:0.000435s ]
---------------------------------------------------------------
[ 2019-03-19T23:32:58+08:00 ] 211.138.5.43 GET www.gxfwz36524.com/secondclass/public/index.php/index/index/index
[ sql ] [ DB ] CONNECT:[ UseTime:0.000749s ] mysql:host=127.0.0.1;dbname=secondclass;charset=utf8
[ sql ] [ SQL ] SHOW COLUMNS FROM `settinginfo` [ RunTime:0.001460s ]
[ sql ] [ SQL ] SELECT * FROM `settinginfo` LIMIT 1 [ RunTime:0.000301s ]
[ sql ] [ SQL ] SHOW COLUMNS FROM `sys_navinfo` [ RunTime:0.001209s ]
[ sql ] [ SQL ] SELECT * FROM `sys_navinfo` WHERE  `display` = 1 [ RunTime:0.000341s ]
[ sql ] [ SQL ] SHOW COLUMNS FROM `activeinfo` [ RunTime:0.001344s ]
[ sql ] [ SQL ] SELECT * FROM `activeinfo` WHERE  `switch` = 1 [ RunTime:0.000357s ]
[ sql ] [ SQL ] SELECT * FROM `activeinfo` WHERE  `switch` = 1 ORDER BY `time` DESC,`id` DESC [ RunTime:0.000495s ]
---------------------------------------------------------------
[ 2019-03-19T23:33:00+08:00 ] 211.138.5.43 GET www.gxfwz36524.com/secondclass/public/index.php/index/index/personal.html
[ sql ] [ DB ] CONNECT:[ UseTime:0.000672s ] mysql:host=127.0.0.1;dbname=secondclass;charset=utf8
[ sql ] [ SQL ] SHOW COLUMNS FROM `settinginfo` [ RunTime:0.001505s ]
[ sql ] [ SQL ] SELECT * FROM `settinginfo` LIMIT 1 [ RunTime:0.000315s ]
[ sql ] [ SQL ] SHOW COLUMNS FROM `sys_navinfo` [ RunTime:0.001157s ]
[ sql ] [ SQL ] SELECT * FROM `sys_navinfo` WHERE  `display` = 1 [ RunTime:0.000353s ]
[ sql ] [ SQL ] SHOW COLUMNS FROM `activeinfo` [ RunTime:0.001184s ]
[ sql ] [ SQL ] SELECT * FROM `activeinfo` WHERE  `switch` = 1 [ RunTime:0.000331s ]
[ sql ] [ SQL ] SHOW COLUMNS FROM `activejoin` [ RunTime:0.001121s ]
[ sql ] [ SQL ] SELECT `typeid` FROM `activejoin` WHERE  `schoolnum` = '2017510667'  AND `switch` = 1 [ RunTime:0.000413s ]
[ sql ] [ SQL ] SHOW COLUMNS FROM `activescore` [ RunTime:0.001074s ]
[ sql ] [ SQL ] SELECT * FROM `activescore` WHERE  `schoolnum` = '2017510667' LIMIT 1 [ RunTime:0.000422s ]
[ sql ] [ SQL ] UPDATE `activescore`  SET `actives`=''  WHERE  `schoolnum` = '2017510667' [ RunTime:0.000468s ]
---------------------------------------------------------------
[ 2019-03-19T23:33:03+08:00 ] 211.138.5.43 GET www.gxfwz36524.com/secondclass/public/index.php/index/index/newslist
[ sql ] [ DB ] CONNECT:[ UseTime:0.000686s ] mysql:host=127.0.0.1;dbname=secondclass;charset=utf8
[ sql ] [ SQL ] SHOW COLUMNS FROM `settinginfo` [ RunTime:0.001546s ]
[ sql ] [ SQL ] SELECT * FROM `settinginfo` LIMIT 1 [ RunTime:0.000365s ]
[ sql ] [ SQL ] SHOW COLUMNS FROM `sys_navinfo` [ RunTime:0.001230s ]
[ sql ] [ SQL ] SELECT * FROM `sys_navinfo` WHERE  `display` = 1 [ RunTime:0.000386s ]
[ sql ] [ SQL ] SHOW COLUMNS FROM `activeinfo` [ RunTime:0.001303s ]
[ sql ] [ SQL ] SELECT * FROM `activeinfo` WHERE  `switch` = 1 [ RunTime:0.000351s ]
[ sql ] [ SQL ] SELECT * FROM `activeinfo` ORDER BY `time` DESC LIMIT 0,5 [ RunTime:0.000555s ]
---------------------------------------------------------------
[ 2019-03-19T23:33:04+08:00 ] 211.138.5.43 POST www.gxfwz36524.com/secondclass/public/index.php/index/index/pagelist
[ sql ] [ DB ] CONNECT:[ UseTime:0.000650s ] mysql:host=127.0.0.1;dbname=secondclass;charset=utf8
[ sql ] [ SQL ] SHOW COLUMNS FROM `settinginfo` [ RunTime:0.001504s ]
[ sql ] [ SQL ] SELECT * FROM `settinginfo` LIMIT 1 [ RunTime:0.000317s ]
[ sql ] [ SQL ] SHOW COLUMNS FROM `sys_navinfo` [ RunTime:0.001283s ]
[ sql ] [ SQL ] SELECT * FROM `sys_navinfo` WHERE  `display` = 1 [ RunTime:0.000308s ]
[ sql ] [ SQL ] SHOW COLUMNS FROM `activeinfo` [ RunTime:0.001261s ]
[ sql ] [ SQL ] SELECT * FROM `activeinfo` WHERE  `switch` = 1 [ RunTime:0.000340s ]
[ sql ] [ SQL ] SELECT * FROM `activeinfo` ORDER BY `time` DESC [ RunTime:0.000563s ]
---------------------------------------------------------------
[ 2019-03-19T23:33:17+08:00 ] 211.138.5.43 GET www.gxfwz36524.com/secondclass/public/index.php/index/index/news/id/55.html
[ sql ] [ DB ] CONNECT:[ UseTime:0.000628s ] mysql:host=127.0.0.1;dbname=secondclass;charset=utf8
[ sql ] [ SQL ] SHOW COLUMNS FROM `settinginfo` [ RunTime:0.001572s ]
[ sql ] [ SQL ] SELECT * FROM `settinginfo` LIMIT 1 [ RunTime:0.000303s ]
[ sql ] [ SQL ] SHOW COLUMNS FROM `sys_navinfo` [ RunTime:0.001354s ]
[ sql ] [ SQL ] SELECT * FROM `sys_navinfo` WHERE  `display` = 1 [ RunTime:0.000291s ]
[ sql ] [ SQL ] SHOW COLUMNS FROM `activeinfo` [ RunTime:0.001243s ]
[ sql ] [ SQL ] SELECT * FROM `activeinfo` WHERE  `switch` = 1 [ RunTime:0.000385s ]
[ sql ] [ SQL ] SELECT * FROM `activeinfo` WHERE  `id` = 55 LIMIT 1 [ RunTime:0.000311s ]
---------------------------------------------------------------
[ 2019-03-19T23:33:17+08:00 ] 211.138.5.43 POST www.gxfwz36524.com/secondclass/public/index.php/index/index/isjoin
[ sql ] [ DB ] CONNECT:[ UseTime:0.000625s ] mysql:host=127.0.0.1;dbname=secondclass;charset=utf8
[ sql ] [ SQL ] SHOW COLUMNS FROM `settinginfo` [ RunTime:0.001429s ]
[ sql ] [ SQL ] SELECT * FROM `settinginfo` LIMIT 1 [ RunTime:0.000282s ]
[ sql ] [ SQL ] SHOW COLUMNS FROM `sys_navinfo` [ RunTime:0.001148s ]
[ sql ] [ SQL ] SELECT * FROM `sys_navinfo` WHERE  `display` = 1 [ RunTime:0.000292s ]
[ sql ] [ SQL ] SHOW COLUMNS FROM `activeinfo` [ RunTime:0.001221s ]
[ sql ] [ SQL ] SELECT * FROM `activeinfo` WHERE  `switch` = 1 [ RunTime:0.000551s ]
[ sql ] [ SQL ] SELECT * FROM `activeinfo` WHERE  `id` = 55 LIMIT 1 [ RunTime:0.000298s ]
[ sql ] [ SQL ] SHOW COLUMNS FROM `activejoin` [ RunTime:0.001110s ]
[ sql ] [ SQL ] SELECT * FROM `activejoin` WHERE  `typeid` = 55 [ RunTime:0.000420s ]
[ sql ] [ SQL ] SELECT * FROM `activejoin` WHERE  `schoolnum` = '2017510667'  AND `typeid` = 55 [ RunTime:0.000436s ]
---------------------------------------------------------------
[ 2019-03-19T23:35:15+08:00 ] 36.98.221.223 GET www.gxfwz36524.com/secondclass/public/index.php/index/index/news/id/51.html
[ sql ] [ DB ] CONNECT:[ UseTime:0.000675s ] mysql:host=127.0.0.1;dbname=secondclass;charset=utf8
[ sql ] [ SQL ] SHOW COLUMNS FROM `settinginfo` [ RunTime:0.001521s ]
[ sql ] [ SQL ] SELECT * FROM `settinginfo` LIMIT 1 [ RunTime:0.000327s ]
[ sql ] [ SQL ] SHOW COLUMNS FROM `sys_navinfo` [ RunTime:0.001224s ]
[ sql ] [ SQL ] SELECT * FROM `sys_navinfo` WHERE  `display` = 1 [ RunTime:0.000320s ]
[ sql ] [ SQL ] SHOW COLUMNS FROM `activeinfo` [ RunTime:0.001281s ]
[ sql ] [ SQL ] SELECT * FROM `activeinfo` WHERE  `switch` = 1 [ RunTime:0.000374s ]
[ sql ] [ SQL ] SELECT * FROM `activeinfo` WHERE  `id` = 51 LIMIT 1 [ RunTime:0.000356s ]
---------------------------------------------------------------
[ 2019-03-19T23:35:19+08:00 ] 36.98.221.223 POST www.gxfwz36524.com/secondclass/public/index.php/index/index/isjoin
[ sql ] [ DB ] CONNECT:[ UseTime:0.000710s ] mysql:host=127.0.0.1;dbname=secondclass;charset=utf8
[ sql ] [ SQL ] SHOW COLUMNS FROM `settinginfo` [ RunTime:0.001543s ]
[ sql ] [ SQL ] SELECT * FROM `settinginfo` LIMIT 1 [ RunTime:0.000289s ]
[ sql ] [ SQL ] SHOW COLUMNS FROM `sys_navinfo` [ RunTime:0.001168s ]
[ sql ] [ SQL ] SELECT * FROM `sys_navinfo` WHERE  `display` = 1 [ RunTime:0.000338s ]
[ sql ] [ SQL ] SHOW COLUMNS FROM `activeinfo` [ RunTime:0.001306s ]
[ sql ] [ SQL ] SELECT * FROM `activeinfo` WHERE  `switch` = 1 [ RunTime:0.000372s ]
[ sql ] [ SQL ] SELECT * FROM `activeinfo` WHERE  `id` = 51 LIMIT 1 [ RunTime:0.000349s ]
[ sql ] [ SQL ] SHOW COLUMNS FROM `activejoin` [ RunTime:0.001123s ]
[ sql ] [ SQL ] SELECT * FROM `activejoin` WHERE  `typeid` = 51 [ RunTime:0.000427s ]
